<?xml version="1.0" encoding="UTF-8"?>
<!-- Generated by org.testng.reporters.JUnitReportReporter -->
<testsuite hostname="Greggs-iMac.local" name="org.w3.ldp.testsuite.test.BasicContainerTest" tests="58" failures="19" timestamp="21 Feb 2019 01:14:14 GMT" time="1.223" errors="6">
  <testcase name="testJsonLdRepresentation" time="0.024" classname="org.w3.ldp.testsuite.test.BasicContainerTest"/>
  <testcase name="testETagHeadersHead" time="0.011" classname="org.w3.ldp.testsuite.test.BasicContainerTest"/>
  <testcase name="testAcceptPatchHeader" time="0.010" classname="org.w3.ldp.testsuite.test.BasicContainerTest"/>
  <testcase name="testAcceptPostResponseHeader" time="0.018" classname="org.w3.ldp.testsuite.test.BasicContainerTest"/>
  <testcase name="testTypeRdfSource" time="0.011" classname="org.w3.ldp.testsuite.test.BasicContainerTest">
    <error type="java.lang.AssertionError" message="LDP-RS representation does not have rdf:type ldp:RDFSource expected [true] but found [false]">
      <![CDATA[java.lang.AssertionError: LDP-RS representation does not have rdf:type ldp:RDFSource expected [true] but found [false]
	at org.testng.Assert.fail(Assert.java:94)
	at org.testng.Assert.failNotEquals(Assert.java:494)
	at org.testng.Assert.assertTrue(Assert.java:42)
	at org.w3.ldp.testsuite.test.RdfSourceTest.testTypeRdfSource(RdfSourceTest.java:208)
	at sun.reflect.NativeMethodAccessorImpl.invoke0(Native Method)
	at sun.reflect.NativeMethodAccessorImpl.invoke(NativeMethodAccessorImpl.java:57)
	at sun.reflect.DelegatingMethodAccessorImpl.invoke(DelegatingMethodAccessorImpl.java:43)
	at java.lang.reflect.Method.invoke(Method.java:601)
	at org.testng.internal.MethodInvocationHelper.invokeMethod(MethodInvocationHelper.java:84)
	at org.testng.internal.Invoker.invokeMethod(Invoker.java:714)
	at org.testng.internal.Invoker.invokeTestMethod(Invoker.java:901)
	at org.testng.internal.Invoker.invokeTestMethods(Invoker.java:1231)
	at org.testng.internal.TestMethodWorker.invokeTestMethods(TestMethodWorker.java:127)
	at org.testng.internal.TestMethodWorker.run(TestMethodWorker.java:111)
	at org.testng.TestRunner.privateRun(TestRunner.java:767)
	at org.testng.TestRunner.run(TestRunner.java:617)
	at org.testng.SuiteRunner.runTest(SuiteRunner.java:348)
	at org.testng.SuiteRunner.runSequentially(SuiteRunner.java:343)
	at org.testng.SuiteRunner.privateRun(SuiteRunner.java:305)
	at org.testng.SuiteRunner.run(SuiteRunner.java:254)
	at org.testng.SuiteRunnerWorker.runSuite(SuiteRunnerWorker.java:52)
	at org.testng.SuiteRunnerWorker.run(SuiteRunnerWorker.java:86)
	at org.testng.TestNG.runSuitesSequentially(TestNG.java:1224)
	at org.testng.TestNG.runSuitesLocally(TestNG.java:1149)
	at org.testng.TestNG.run(TestNG.java:1057)
	at org.w3.ldp.testsuite.LdpTestSuite.run(LdpTestSuite.java:379)
	at org.w3.ldp.testsuite.LdpTestSuite.executeTestSuite(LdpTestSuite.java:415)
	at org.w3.ldp.testsuite.LdpTestSuite.executeTestSuite(LdpTestSuite.java:407)
	at org.w3.ldp.testsuite.RunLdpTestSuite.main(RunLdpTestSuite.java:26)
]]>
    </error>
  </testcase> <!-- testTypeRdfSource -->
  <testcase name="testContainerSupportsHttpLinkHeader" time="0.033" classname="org.w3.ldp.testsuite.test.BasicContainerTest"/>
  <testcase name="testUseStandardVocabularies" time="0.000" classname="org.w3.ldp.testsuite.test.BasicContainerTest">
    <failure type="org.w3.ldp.testsuite.exception.SkipNotTestableException" message="This requirement or recommendation must be tested manually. It is difficult or impossible to write automated tests for and is not part of the testsuite.">
      <![CDATA[org.w3.ldp.testsuite.exception.SkipNotTestableException: This requirement or recommendation must be tested manually. It is difficult or impossible to write automated tests for and is not part of the testsuite.
	at org.w3.ldp.testsuite.test.RdfSourceTest.testUseStandardVocabularies(RdfSourceTest.java:256)
	at sun.reflect.NativeMethodAccessorImpl.invoke0(Native Method)
	at sun.reflect.NativeMethodAccessorImpl.invoke(NativeMethodAccessorImpl.java:57)
	at sun.reflect.DelegatingMethodAccessorImpl.invoke(DelegatingMethodAccessorImpl.java:43)
	at java.lang.reflect.Method.invoke(Method.java:601)
	at org.testng.internal.MethodInvocationHelper.invokeMethod(MethodInvocationHelper.java:84)
	at org.testng.internal.Invoker.invokeMethod(Invoker.java:714)
	at org.testng.internal.Invoker.invokeTestMethod(Invoker.java:901)
	at org.testng.internal.Invoker.invokeTestMethods(Invoker.java:1231)
	at org.testng.internal.TestMethodWorker.invokeTestMethods(TestMethodWorker.java:127)
	at org.testng.internal.TestMethodWorker.run(TestMethodWorker.java:111)
	at org.testng.TestRunner.privateRun(TestRunner.java:767)
	at org.testng.TestRunner.run(TestRunner.java:617)
	at org.testng.SuiteRunner.runTest(SuiteRunner.java:348)
	at org.testng.SuiteRunner.runSequentially(SuiteRunner.java:343)
	at org.testng.SuiteRunner.privateRun(SuiteRunner.java:305)
	at org.testng.SuiteRunner.run(SuiteRunner.java:254)
	at org.testng.SuiteRunnerWorker.runSuite(SuiteRunnerWorker.java:52)
	at org.testng.SuiteRunnerWorker.run(SuiteRunnerWorker.java:86)
	at org.testng.TestNG.runSuitesSequentially(TestNG.java:1224)
	at org.testng.TestNG.runSuitesLocally(TestNG.java:1149)
	at org.testng.TestNG.run(TestNG.java:1057)
	at org.w3.ldp.testsuite.LdpTestSuite.run(LdpTestSuite.java:379)
	at org.w3.ldp.testsuite.LdpTestSuite.executeTestSuite(LdpTestSuite.java:415)
	at org.w3.ldp.testsuite.LdpTestSuite.executeTestSuite(LdpTestSuite.java:407)
	at org.w3.ldp.testsuite.RunLdpTestSuite.main(RunLdpTestSuite.java:26)
]]>
    </failure>
  </testcase> <!-- testUseStandardVocabularies -->
  <testcase name="testPutSimpleUpdate" time="0.000" classname="org.w3.ldp.testsuite.test.BasicContainerTest">
    <failure type="org.w3.ldp.testsuite.exception.SkipException" message="Skipping test because there are restrictions on PUT content for this resource. The requirement needs to be tested manually.">
      <![CDATA[org.w3.ldp.testsuite.exception.SkipException: Skipping test because there are restrictions on PUT content for this resource. The requirement needs to be tested manually.
	at org.w3.ldp.testsuite.test.RdfSourceTest.putReplaceResource(RdfSourceTest.java:572)
	at org.w3.ldp.testsuite.test.RdfSourceTest.testPutSimpleUpdate(RdfSourceTest.java:158)
	at sun.reflect.NativeMethodAccessorImpl.invoke0(Native Method)
	at sun.reflect.NativeMethodAccessorImpl.invoke(NativeMethodAccessorImpl.java:57)
	at sun.reflect.DelegatingMethodAccessorImpl.invoke(DelegatingMethodAccessorImpl.java:43)
	at java.lang.reflect.Method.invoke(Method.java:601)
	at org.testng.internal.MethodInvocationHelper.invokeMethod(MethodInvocationHelper.java:84)
	at org.testng.internal.Invoker.invokeMethod(Invoker.java:714)
	at org.testng.internal.Invoker.invokeTestMethod(Invoker.java:901)
	at org.testng.internal.Invoker.invokeTestMethods(Invoker.java:1231)
	at org.testng.internal.TestMethodWorker.invokeTestMethods(TestMethodWorker.java:127)
	at org.testng.internal.TestMethodWorker.run(TestMethodWorker.java:111)
	at org.testng.TestRunner.privateRun(TestRunner.java:767)
	at org.testng.TestRunner.run(TestRunner.java:617)
	at org.testng.SuiteRunner.runTest(SuiteRunner.java:348)
	at org.testng.SuiteRunner.runSequentially(SuiteRunner.java:343)
	at org.testng.SuiteRunner.privateRun(SuiteRunner.java:305)
	at org.testng.SuiteRunner.run(SuiteRunner.java:254)
	at org.testng.SuiteRunnerWorker.runSuite(SuiteRunnerWorker.java:52)
	at org.testng.SuiteRunnerWorker.run(SuiteRunnerWorker.java:86)
	at org.testng.TestNG.runSuitesSequentially(TestNG.java:1224)
	at org.testng.TestNG.runSuitesLocally(TestNG.java:1149)
	at org.testng.TestNG.run(TestNG.java:1057)
	at org.w3.ldp.testsuite.LdpTestSuite.run(LdpTestSuite.java:379)
	at org.w3.ldp.testsuite.LdpTestSuite.executeTestSuite(LdpTestSuite.java:415)
	at org.w3.ldp.testsuite.LdpTestSuite.executeTestSuite(LdpTestSuite.java:407)
	at org.w3.ldp.testsuite.RunLdpTestSuite.main(RunLdpTestSuite.java:26)
]]>
    </failure>
  </testcase> <!-- testPutSimpleUpdate -->
  <testcase name="testContainsRdfType" time="0.012" classname="org.w3.ldp.testsuite.test.BasicContainerTest">
    <error type="java.lang.AssertionError" message="LDP-RS representation has no explicit rdf:type expected [true] but found [false]">
      <![CDATA[java.lang.AssertionError: LDP-RS representation has no explicit rdf:type expected [true] but found [false]
	at org.testng.Assert.fail(Assert.java:94)
	at org.testng.Assert.failNotEquals(Assert.java:494)
	at org.testng.Assert.assertTrue(Assert.java:42)
	at org.w3.ldp.testsuite.test.RdfSourceTest.testContainsRdfType(RdfSourceTest.java:194)
	at sun.reflect.NativeMethodAccessorImpl.invoke0(Native Method)
	at sun.reflect.NativeMethodAccessorImpl.invoke(NativeMethodAccessorImpl.java:57)
	at sun.reflect.DelegatingMethodAccessorImpl.invoke(DelegatingMethodAccessorImpl.java:43)
	at java.lang.reflect.Method.invoke(Method.java:601)
	at org.testng.internal.MethodInvocationHelper.invokeMethod(MethodInvocationHelper.java:84)
	at org.testng.internal.Invoker.invokeMethod(Invoker.java:714)
	at org.testng.internal.Invoker.invokeTestMethod(Invoker.java:901)
	at org.testng.internal.Invoker.invokeTestMethods(Invoker.java:1231)
	at org.testng.internal.TestMethodWorker.invokeTestMethods(TestMethodWorker.java:127)
	at org.testng.internal.TestMethodWorker.run(TestMethodWorker.java:111)
	at org.testng.TestRunner.privateRun(TestRunner.java:767)
	at org.testng.TestRunner.run(TestRunner.java:617)
	at org.testng.SuiteRunner.runTest(SuiteRunner.java:348)
	at org.testng.SuiteRunner.runSequentially(SuiteRunner.java:343)
	at org.testng.SuiteRunner.privateRun(SuiteRunner.java:305)
	at org.testng.SuiteRunner.run(SuiteRunner.java:254)
	at org.testng.SuiteRunnerWorker.runSuite(SuiteRunnerWorker.java:52)
	at org.testng.SuiteRunnerWorker.run(SuiteRunnerWorker.java:86)
	at org.testng.TestNG.runSuitesSequentially(TestNG.java:1224)
	at org.testng.TestNG.runSuitesLocally(TestNG.java:1149)
	at org.testng.TestNG.run(TestNG.java:1057)
	at org.w3.ldp.testsuite.LdpTestSuite.run(LdpTestSuite.java:379)
	at org.w3.ldp.testsuite.LdpTestSuite.executeTestSuite(LdpTestSuite.java:415)
	at org.w3.ldp.testsuite.LdpTestSuite.executeTestSuite(LdpTestSuite.java:407)
	at org.w3.ldp.testsuite.RunLdpTestSuite.main(RunLdpTestSuite.java:26)
]]>
    </error>
  </testcase> <!-- testContainsRdfType -->
  <testcase name="testETagHeadersGet" time="0.023" classname="org.w3.ldp.testsuite.test.BasicContainerTest"/>
  <testcase name="testRdfTypeLdpContainer" time="0.011" classname="org.w3.ldp.testsuite.test.BasicContainerTest">
    <error type="java.lang.AssertionError" message="LDPC does not have an rdf:type of ldp:Container expected [true] but found [false]">
      <![CDATA[java.lang.AssertionError: LDPC does not have an rdf:type of ldp:Container expected [true] but found [false]
	at org.testng.Assert.fail(Assert.java:94)
	at org.testng.Assert.failNotEquals(Assert.java:494)
	at org.testng.Assert.assertTrue(Assert.java:42)
	at org.w3.ldp.testsuite.test.CommonContainerTest.testRdfTypeLdpContainer(CommonContainerTest.java:793)
	at sun.reflect.NativeMethodAccessorImpl.invoke0(Native Method)
	at sun.reflect.NativeMethodAccessorImpl.invoke(NativeMethodAccessorImpl.java:57)
	at sun.reflect.DelegatingMethodAccessorImpl.invoke(DelegatingMethodAccessorImpl.java:43)
	at java.lang.reflect.Method.invoke(Method.java:601)
	at org.testng.internal.MethodInvocationHelper.invokeMethod(MethodInvocationHelper.java:84)
	at org.testng.internal.Invoker.invokeMethod(Invoker.java:714)
	at org.testng.internal.Invoker.invokeTestMethod(Invoker.java:901)
	at org.testng.internal.Invoker.invokeTestMethods(Invoker.java:1231)
	at org.testng.internal.TestMethodWorker.invokeTestMethods(TestMethodWorker.java:127)
	at org.testng.internal.TestMethodWorker.run(TestMethodWorker.java:111)
	at org.testng.TestRunner.privateRun(TestRunner.java:767)
	at org.testng.TestRunner.run(TestRunner.java:617)
	at org.testng.SuiteRunner.runTest(SuiteRunner.java:348)
	at org.testng.SuiteRunner.runSequentially(SuiteRunner.java:343)
	at org.testng.SuiteRunner.privateRun(SuiteRunner.java:305)
	at org.testng.SuiteRunner.run(SuiteRunner.java:254)
	at org.testng.SuiteRunnerWorker.runSuite(SuiteRunnerWorker.java:52)
	at org.testng.SuiteRunnerWorker.run(SuiteRunnerWorker.java:86)
	at org.testng.TestNG.runSuitesSequentially(TestNG.java:1224)
	at org.testng.TestNG.runSuitesLocally(TestNG.java:1149)
	at org.testng.TestNG.run(TestNG.java:1057)
	at org.w3.ldp.testsuite.LdpTestSuite.run(LdpTestSuite.java:379)
	at org.w3.ldp.testsuite.LdpTestSuite.executeTestSuite(LdpTestSuite.java:415)
	at org.w3.ldp.testsuite.LdpTestSuite.executeTestSuite(LdpTestSuite.java:407)
	at org.w3.ldp.testsuite.RunLdpTestSuite.main(RunLdpTestSuite.java:26)
]]>
    </error>
  </testcase> <!-- testRdfTypeLdpContainer -->
  <testcase name="testPostContainer" time="0.057" classname="org.w3.ldp.testsuite.test.BasicContainerTest"/>
  <testcase name="test4xxErrorHasResponseBody" time="0.000" classname="org.w3.ldp.testsuite.test.BasicContainerTest">
    <failure type="org.w3.ldp.testsuite.exception.SkipException" message="Skipping test because we have no read-only properties to PUT. Server-managed properties are specified using the &quot;read-only-prop&quot; command-line parameter.">
      <![CDATA[org.w3.ldp.testsuite.exception.SkipException: Skipping test because we have no read-only properties to PUT. Server-managed properties are specified using the "read-only-prop" command-line parameter.
	at org.w3.ldp.testsuite.test.RdfSourceTest.test4xxErrorHasResponseBody(RdfSourceTest.java:423)
	at sun.reflect.NativeMethodAccessorImpl.invoke0(Native Method)
	at sun.reflect.NativeMethodAccessorImpl.invoke(NativeMethodAccessorImpl.java:57)
	at sun.reflect.DelegatingMethodAccessorImpl.invoke(DelegatingMethodAccessorImpl.java:43)
	at java.lang.reflect.Method.invoke(Method.java:601)
	at org.testng.internal.MethodInvocationHelper.invokeMethod(MethodInvocationHelper.java:84)
	at org.testng.internal.Invoker.invokeMethod(Invoker.java:714)
	at org.testng.internal.Invoker.invokeTestMethod(Invoker.java:901)
	at org.testng.internal.Invoker.invokeTestMethods(Invoker.java:1231)
	at org.testng.internal.TestMethodWorker.invokeTestMethods(TestMethodWorker.java:127)
	at org.testng.internal.TestMethodWorker.run(TestMethodWorker.java:111)
	at org.testng.TestRunner.privateRun(TestRunner.java:767)
	at org.testng.TestRunner.run(TestRunner.java:617)
	at org.testng.SuiteRunner.runTest(SuiteRunner.java:348)
	at org.testng.SuiteRunner.runSequentially(SuiteRunner.java:343)
	at org.testng.SuiteRunner.privateRun(SuiteRunner.java:305)
	at org.testng.SuiteRunner.run(SuiteRunner.java:254)
	at org.testng.SuiteRunnerWorker.runSuite(SuiteRunnerWorker.java:52)
	at org.testng.SuiteRunnerWorker.run(SuiteRunnerWorker.java:86)
	at org.testng.TestNG.runSuitesSequentially(TestNG.java:1224)
	at org.testng.TestNG.runSuitesLocally(TestNG.java:1149)
	at org.testng.TestNG.run(TestNG.java:1057)
	at org.w3.ldp.testsuite.LdpTestSuite.run(LdpTestSuite.java:379)
	at org.w3.ldp.testsuite.LdpTestSuite.executeTestSuite(LdpTestSuite.java:415)
	at org.w3.ldp.testsuite.LdpTestSuite.executeTestSuite(LdpTestSuite.java:407)
	at org.w3.ldp.testsuite.RunLdpTestSuite.main(RunLdpTestSuite.java:26)
]]>
    </failure>
  </testcase> <!-- test4xxErrorHasResponseBody -->
  <testcase name="testPutRequiresIfMatch" time="0.021" classname="org.w3.ldp.testsuite.test.BasicContainerTest">
    <error type="java.lang.AssertionError" message="1 expectation failed.
Expected status code not between 200 and 209 doesn&#039;t match actual status code &lt;200&gt;.
">
      <![CDATA[java.lang.AssertionError: 1 expectation failed.
Expected status code not between 200 and 209 doesn't match actual status code <200>.

	at sun.reflect.NativeConstructorAccessorImpl.newInstance0(Native Method)
	at sun.reflect.NativeConstructorAccessorImpl.newInstance(NativeConstructorAccessorImpl.java:57)
	at sun.reflect.DelegatingConstructorAccessorImpl.newInstance(DelegatingConstructorAccessorImpl.java:45)
	at java.lang.reflect.Constructor.newInstance(Constructor.java:525)
	at org.codehaus.groovy.reflection.CachedConstructor.invoke(CachedConstructor.java:80)
	at org.codehaus.groovy.reflection.CachedConstructor.doConstructorInvoke(CachedConstructor.java:74)
	at org.codehaus.groovy.runtime.callsite.ConstructorSite$ConstructorSiteNoUnwrap.callConstructor(ConstructorSite.java:84)
	at org.codehaus.groovy.runtime.callsite.AbstractCallSite.callConstructor(AbstractCallSite.java:247)
	at com.jayway.restassured.internal.ResponseSpecificationImpl$HamcrestAssertionClosure.validate(ResponseSpecificationImpl.groovy:598)
	at com.jayway.restassured.internal.ResponseSpecificationImpl$HamcrestAssertionClosure$validate$1.call(Unknown Source)
	at com.jayway.restassured.internal.RequestSpecificationImpl.applyPathParamsAndSendRequest(RequestSpecificationImpl.groovy:1575)
	at sun.reflect.GeneratedMethodAccessor61.invoke(Unknown Source)
	at sun.reflect.DelegatingMethodAccessorImpl.invoke(DelegatingMethodAccessorImpl.java:43)
	at java.lang.reflect.Method.invoke(Method.java:601)
	at org.codehaus.groovy.reflection.CachedMethod.invoke(CachedMethod.java:93)
	at groovy.lang.MetaMethod.doMethodInvoke(MetaMethod.java:325)
	at groovy.lang.MetaClassImpl.invokeMethod(MetaClassImpl.java:1210)
	at groovy.lang.MetaClassImpl.invokeMethod(MetaClassImpl.java:1019)
	at groovy.lang.MetaClassImpl.invokeMethod(MetaClassImpl.java:810)
	at com.jayway.restassured.internal.RequestSpecificationImpl.invokeMethod(RequestSpecificationImpl.groovy)
	at org.codehaus.groovy.runtime.callsite.PogoInterceptableSite.call(PogoInterceptableSite.java:48)
	at org.codehaus.groovy.runtime.callsite.PogoInterceptableSite.callCurrent(PogoInterceptableSite.java:58)
	at org.codehaus.groovy.runtime.callsite.AbstractCallSite.callCurrent(AbstractCallSite.java:182)
	at com.jayway.restassured.internal.RequestSpecificationImpl.put(RequestSpecificationImpl.groovy:167)
	at com.jayway.restassured.internal.RequestSpecificationImpl.put(RequestSpecificationImpl.groovy)
	at sun.reflect.NativeMethodAccessorImpl.invoke0(Native Method)
	at sun.reflect.NativeMethodAccessorImpl.invoke(NativeMethodAccessorImpl.java:57)
	at sun.reflect.DelegatingMethodAccessorImpl.invoke(DelegatingMethodAccessorImpl.java:43)
	at java.lang.reflect.Method.invoke(Method.java:601)
	at org.codehaus.groovy.reflection.CachedMethod.invoke(CachedMethod.java:93)
	at groovy.lang.MetaMethod.doMethodInvoke(MetaMethod.java:325)
	at groovy.lang.MetaClassImpl.invokeMethod(MetaClassImpl.java:1210)
	at groovy.lang.MetaClassImpl.invokeMethod(MetaClassImpl.java:1019)
	at groovy.lang.MetaClassImpl.invokeMethod(MetaClassImpl.java:810)
	at com.jayway.restassured.internal.RequestSpecificationImpl.invokeMethod(RequestSpecificationImpl.groovy)
	at org.codehaus.groovy.runtime.callsite.PogoInterceptableSite.call(PogoInterceptableSite.java:48)
	at org.codehaus.groovy.runtime.callsite.AbstractCallSite.call(AbstractCallSite.java:133)
	at com.jayway.restassured.internal.ResponseSpecificationImpl.put(ResponseSpecificationImpl.groovy:297)
	at com.jayway.restassured.internal.ResponseSpecificationImpl.put(ResponseSpecificationImpl.groovy)
	at org.w3.ldp.testsuite.test.CommonResourceTest.testPutRequiresIfMatch(CommonResourceTest.java:270)
	at sun.reflect.NativeMethodAccessorImpl.invoke0(Native Method)
	at sun.reflect.NativeMethodAccessorImpl.invoke(NativeMethodAccessorImpl.java:57)
	at sun.reflect.DelegatingMethodAccessorImpl.invoke(DelegatingMethodAccessorImpl.java:43)
	at java.lang.reflect.Method.invoke(Method.java:601)
	at org.testng.internal.MethodInvocationHelper.invokeMethod(MethodInvocationHelper.java:84)
	at org.testng.internal.Invoker.invokeMethod(Invoker.java:714)
	at org.testng.internal.Invoker.invokeTestMethod(Invoker.java:901)
	at org.testng.internal.Invoker.invokeTestMethods(Invoker.java:1231)
	at org.testng.internal.TestMethodWorker.invokeTestMethods(TestMethodWorker.java:127)
	at org.testng.internal.TestMethodWorker.run(TestMethodWorker.java:111)
	at org.testng.TestRunner.privateRun(TestRunner.java:767)
	at org.testng.TestRunner.run(TestRunner.java:617)
	at org.testng.SuiteRunner.runTest(SuiteRunner.java:348)
	at org.testng.SuiteRunner.runSequentially(SuiteRunner.java:343)
	at org.testng.SuiteRunner.privateRun(SuiteRunner.java:305)
	at org.testng.SuiteRunner.run(SuiteRunner.java:254)
	at org.testng.SuiteRunnerWorker.runSuite(SuiteRunnerWorker.java:52)
	at org.testng.SuiteRunnerWorker.run(SuiteRunnerWorker.java:86)
	at org.testng.TestNG.runSuitesSequentially(TestNG.java:1224)
	at org.testng.TestNG.runSuitesLocally(TestNG.java:1149)
	at org.testng.TestNG.run(TestNG.java:1057)
	at org.w3.ldp.testsuite.LdpTestSuite.run(LdpTestSuite.java:379)
	at org.w3.ldp.testsuite.LdpTestSuite.executeTestSuite(LdpTestSuite.java:415)
	at org.w3.ldp.testsuite.LdpTestSuite.executeTestSuite(LdpTestSuite.java:407)
	at org.w3.ldp.testsuite.RunLdpTestSuite.main(RunLdpTestSuite.java:26)
]]>
    </error>
  </testcase> <!-- testPutRequiresIfMatch -->
  <testcase name="testReUseVocabularies" time="0.000" classname="org.w3.ldp.testsuite.test.BasicContainerTest">
    <failure type="org.w3.ldp.testsuite.exception.SkipNotTestableException" message="This requirement or recommendation must be tested manually. It is difficult or impossible to write automated tests for and is not part of the testsuite.">
      <![CDATA[org.w3.ldp.testsuite.exception.SkipNotTestableException: This requirement or recommendation must be tested manually. It is difficult or impossible to write automated tests for and is not part of the testsuite.
	at org.w3.ldp.testsuite.test.RdfSourceTest.testReUseVocabularies(RdfSourceTest.java:231)
	at sun.reflect.NativeMethodAccessorImpl.invoke0(Native Method)
	at sun.reflect.NativeMethodAccessorImpl.invoke(NativeMethodAccessorImpl.java:57)
	at sun.reflect.DelegatingMethodAccessorImpl.invoke(DelegatingMethodAccessorImpl.java:43)
	at java.lang.reflect.Method.invoke(Method.java:601)
	at org.testng.internal.MethodInvocationHelper.invokeMethod(MethodInvocationHelper.java:84)
	at org.testng.internal.Invoker.invokeMethod(Invoker.java:714)
	at org.testng.internal.Invoker.invokeTestMethod(Invoker.java:901)
	at org.testng.internal.Invoker.invokeTestMethods(Invoker.java:1231)
	at org.testng.internal.TestMethodWorker.invokeTestMethods(TestMethodWorker.java:127)
	at org.testng.internal.TestMethodWorker.run(TestMethodWorker.java:111)
	at org.testng.TestRunner.privateRun(TestRunner.java:767)
	at org.testng.TestRunner.run(TestRunner.java:617)
	at org.testng.SuiteRunner.runTest(SuiteRunner.java:348)
	at org.testng.SuiteRunner.runSequentially(SuiteRunner.java:343)
	at org.testng.SuiteRunner.privateRun(SuiteRunner.java:305)
	at org.testng.SuiteRunner.run(SuiteRunner.java:254)
	at org.testng.SuiteRunnerWorker.runSuite(SuiteRunnerWorker.java:52)
	at org.testng.SuiteRunnerWorker.run(SuiteRunnerWorker.java:86)
	at org.testng.TestNG.runSuitesSequentially(TestNG.java:1224)
	at org.testng.TestNG.runSuitesLocally(TestNG.java:1149)
	at org.testng.TestNG.run(TestNG.java:1057)
	at org.w3.ldp.testsuite.LdpTestSuite.run(LdpTestSuite.java:379)
	at org.w3.ldp.testsuite.LdpTestSuite.executeTestSuite(LdpTestSuite.java:415)
	at org.w3.ldp.testsuite.LdpTestSuite.executeTestSuite(LdpTestSuite.java:407)
	at org.w3.ldp.testsuite.RunLdpTestSuite.main(RunLdpTestSuite.java:26)
]]>
    </failure>
  </testcase> <!-- testReUseVocabularies -->
  <testcase name="testPutBadETag" time="0.019" classname="org.w3.ldp.testsuite.test.BasicContainerTest"/>
  <testcase name="testServerHonorsSlug" time="0.025" classname="org.w3.ldp.testsuite.test.BasicContainerTest"/>
  <testcase name="testRelativeUriResolutionPost" time="0.039" classname="org.w3.ldp.testsuite.test.BasicContainerTest"/>
  <testcase name="testRejectPutModifyingContainmentTriples" time="0.025" classname="org.w3.ldp.testsuite.test.BasicContainerTest"/>
  <testcase name="testContentTypeHeader" time="0.015" classname="org.w3.ldp.testsuite.test.BasicContainerTest"/>
  <testcase name="testOptionsAllowHeader" time="0.010" classname="org.w3.ldp.testsuite.test.BasicContainerTest"/>
  <testcase name="testGetResource" time="0.011" classname="org.w3.ldp.testsuite.test.BasicContainerTest"/>
  <testcase name="testPatchMethod" time="0.000" classname="org.w3.ldp.testsuite.test.BasicContainerTest"/>
  <testcase name="testRestrictUriReUseNoSlug" time="0.049" classname="org.w3.ldp.testsuite.test.BasicContainerTest"/>
  <testcase name="testGetResourceAsTurtleNoAccept" time="0.011" classname="org.w3.ldp.testsuite.test.BasicContainerTest"/>
  <testcase name="testPreferContainmentTriples" time="0.033" classname="org.w3.ldp.testsuite.test.BasicContainerTest">
    <error type="java.lang.AssertionError" message="Container has containment triples when minimal container was requested expected [false] but found [true]">
      <![CDATA[java.lang.AssertionError: Container has containment triples when minimal container was requested expected [false] but found [true]
	at org.testng.Assert.fail(Assert.java:94)
	at org.testng.Assert.failNotEquals(Assert.java:494)
	at org.testng.Assert.assertFalse(Assert.java:63)
	at org.w3.ldp.testsuite.test.CommonContainerTest.testPreferContainmentTriples(CommonContainerTest.java:198)
	at sun.reflect.NativeMethodAccessorImpl.invoke0(Native Method)
	at sun.reflect.NativeMethodAccessorImpl.invoke(NativeMethodAccessorImpl.java:57)
	at sun.reflect.DelegatingMethodAccessorImpl.invoke(DelegatingMethodAccessorImpl.java:43)
	at java.lang.reflect.Method.invoke(Method.java:601)
	at org.testng.internal.MethodInvocationHelper.invokeMethod(MethodInvocationHelper.java:84)
	at org.testng.internal.Invoker.invokeMethod(Invoker.java:714)
	at org.testng.internal.Invoker.invokeTestMethod(Invoker.java:901)
	at org.testng.internal.Invoker.invokeTestMethods(Invoker.java:1231)
	at org.testng.internal.TestMethodWorker.invokeTestMethods(TestMethodWorker.java:127)
	at org.testng.internal.TestMethodWorker.run(TestMethodWorker.java:111)
	at org.testng.TestRunner.privateRun(TestRunner.java:767)
	at org.testng.TestRunner.run(TestRunner.java:617)
	at org.testng.SuiteRunner.runTest(SuiteRunner.java:348)
	at org.testng.SuiteRunner.runSequentially(SuiteRunner.java:343)
	at org.testng.SuiteRunner.privateRun(SuiteRunner.java:305)
	at org.testng.SuiteRunner.run(SuiteRunner.java:254)
	at org.testng.SuiteRunnerWorker.runSuite(SuiteRunnerWorker.java:52)
	at org.testng.SuiteRunnerWorker.run(SuiteRunnerWorker.java:86)
	at org.testng.TestNG.runSuitesSequentially(TestNG.java:1224)
	at org.testng.TestNG.runSuitesLocally(TestNG.java:1149)
	at org.testng.TestNG.run(TestNG.java:1057)
	at org.w3.ldp.testsuite.LdpTestSuite.run(LdpTestSuite.java:379)
	at org.w3.ldp.testsuite.LdpTestSuite.executeTestSuite(LdpTestSuite.java:415)
	at org.w3.ldp.testsuite.LdpTestSuite.executeTestSuite(LdpTestSuite.java:407)
	at org.w3.ldp.testsuite.RunLdpTestSuite.main(RunLdpTestSuite.java:26)
]]>
    </error>
  </testcase> <!-- testPreferContainmentTriples -->
  <testcase name="testRestrictPutReUseUri" time="0.031" classname="org.w3.ldp.testsuite.test.BasicContainerTest"/>
  <testcase name="testPublishConstraintsReadOnlyProp" time="0.000" classname="org.w3.ldp.testsuite.test.BasicContainerTest">
    <failure type="org.w3.ldp.testsuite.exception.SkipException" message="Skipping test because we have no read-only properties to PUT. Server-managed properties are specified using the &quot;read-only-prop&quot; command-line parameter.">
      <![CDATA[org.w3.ldp.testsuite.exception.SkipException: Skipping test because we have no read-only properties to PUT. Server-managed properties are specified using the "read-only-prop" command-line parameter.
	at org.w3.ldp.testsuite.test.RdfSourceTest.testPublishConstraintsReadOnlyProp(RdfSourceTest.java:357)
	at sun.reflect.NativeMethodAccessorImpl.invoke0(Native Method)
	at sun.reflect.NativeMethodAccessorImpl.invoke(NativeMethodAccessorImpl.java:57)
	at sun.reflect.DelegatingMethodAccessorImpl.invoke(DelegatingMethodAccessorImpl.java:43)
	at java.lang.reflect.Method.invoke(Method.java:601)
	at org.testng.internal.MethodInvocationHelper.invokeMethod(MethodInvocationHelper.java:84)
	at org.testng.internal.Invoker.invokeMethod(Invoker.java:714)
	at org.testng.internal.Invoker.invokeTestMethod(Invoker.java:901)
	at org.testng.internal.Invoker.invokeTestMethods(Invoker.java:1231)
	at org.testng.internal.TestMethodWorker.invokeTestMethods(TestMethodWorker.java:127)
	at org.testng.internal.TestMethodWorker.run(TestMethodWorker.java:111)
	at org.testng.TestRunner.privateRun(TestRunner.java:767)
	at org.testng.TestRunner.run(TestRunner.java:617)
	at org.testng.SuiteRunner.runTest(SuiteRunner.java:348)
	at org.testng.SuiteRunner.runSequentially(SuiteRunner.java:343)
	at org.testng.SuiteRunner.privateRun(SuiteRunner.java:305)
	at org.testng.SuiteRunner.run(SuiteRunner.java:254)
	at org.testng.SuiteRunnerWorker.runSuite(SuiteRunnerWorker.java:52)
	at org.testng.SuiteRunnerWorker.run(SuiteRunnerWorker.java:86)
	at org.testng.TestNG.runSuitesSequentially(TestNG.java:1224)
	at org.testng.TestNG.runSuitesLocally(TestNG.java:1149)
	at org.testng.TestNG.run(TestNG.java:1057)
	at org.w3.ldp.testsuite.LdpTestSuite.run(LdpTestSuite.java:379)
	at org.w3.ldp.testsuite.LdpTestSuite.executeTestSuite(LdpTestSuite.java:415)
	at org.w3.ldp.testsuite.LdpTestSuite.executeTestSuite(LdpTestSuite.java:407)
	at org.w3.ldp.testsuite.RunLdpTestSuite.main(RunLdpTestSuite.java:26)
]]>
    </failure>
  </testcase> <!-- testPublishConstraintsReadOnlyProp -->
  <testcase name="testPutToCreate" time="0.055" classname="org.w3.ldp.testsuite.test.BasicContainerTest"/>
  <testcase name="testPutReplacesResource" time="0.001" classname="org.w3.ldp.testsuite.test.BasicContainerTest">
    <failure type="org.w3.ldp.testsuite.exception.SkipException" message="Skipping test because there are restrictions on PUT content for this resource. The requirement needs to be tested manually.">
      <![CDATA[org.w3.ldp.testsuite.exception.SkipException: Skipping test because there are restrictions on PUT content for this resource. The requirement needs to be tested manually.
	at org.w3.ldp.testsuite.test.RdfSourceTest.putReplaceResource(RdfSourceTest.java:572)
	at org.w3.ldp.testsuite.test.RdfSourceTest.testPutReplacesResource(RdfSourceTest.java:144)
	at sun.reflect.NativeMethodAccessorImpl.invoke0(Native Method)
	at sun.reflect.NativeMethodAccessorImpl.invoke(NativeMethodAccessorImpl.java:57)
	at sun.reflect.DelegatingMethodAccessorImpl.invoke(DelegatingMethodAccessorImpl.java:43)
	at java.lang.reflect.Method.invoke(Method.java:601)
	at org.testng.internal.MethodInvocationHelper.invokeMethod(MethodInvocationHelper.java:84)
	at org.testng.internal.Invoker.invokeMethod(Invoker.java:714)
	at org.testng.internal.Invoker.invokeTestMethod(Invoker.java:901)
	at org.testng.internal.Invoker.invokeTestMethods(Invoker.java:1231)
	at org.testng.internal.TestMethodWorker.invokeTestMethods(TestMethodWorker.java:127)
	at org.testng.internal.TestMethodWorker.run(TestMethodWorker.java:111)
	at org.testng.TestRunner.privateRun(TestRunner.java:767)
	at org.testng.TestRunner.run(TestRunner.java:617)
	at org.testng.SuiteRunner.runTest(SuiteRunner.java:348)
	at org.testng.SuiteRunner.runSequentially(SuiteRunner.java:343)
	at org.testng.SuiteRunner.privateRun(SuiteRunner.java:305)
	at org.testng.SuiteRunner.run(SuiteRunner.java:254)
	at org.testng.SuiteRunnerWorker.runSuite(SuiteRunnerWorker.java:52)
	at org.testng.SuiteRunnerWorker.run(SuiteRunnerWorker.java:86)
	at org.testng.TestNG.runSuitesSequentially(TestNG.java:1224)
	at org.testng.TestNG.runSuitesLocally(TestNG.java:1149)
	at org.testng.TestNG.run(TestNG.java:1057)
	at org.w3.ldp.testsuite.LdpTestSuite.run(LdpTestSuite.java:379)
	at org.w3.ldp.testsuite.LdpTestSuite.executeTestSuite(LdpTestSuite.java:415)
	at org.w3.ldp.testsuite.LdpTestSuite.executeTestSuite(LdpTestSuite.java:407)
	at org.w3.ldp.testsuite.RunLdpTestSuite.main(RunLdpTestSuite.java:26)
]]>
    </failure>
  </testcase> <!-- testPutReplacesResource -->
  <testcase name="testPostJsonLd" time="0.137" classname="org.w3.ldp.testsuite.test.BasicContainerTest"/>
  <testcase name="testPublishConstraintsUnknownProp" time="0.025" classname="org.w3.ldp.testsuite.test.BasicContainerTest">
    <failure type="org.w3.ldp.testsuite.exception.SkipException" message="Skipping test because PUT request was successful.">
      <![CDATA[org.w3.ldp.testsuite.exception.SkipException: Skipping test because PUT request was successful.
	at org.w3.ldp.testsuite.test.RdfSourceTest.expectPut4xxStatus(RdfSourceTest.java:532)
	at org.w3.ldp.testsuite.test.RdfSourceTest.expectPut4xxConstrainedBy(RdfSourceTest.java:489)
	at org.w3.ldp.testsuite.test.RdfSourceTest.testPublishConstraintsUnknownProp(RdfSourceTest.java:379)
	at sun.reflect.NativeMethodAccessorImpl.invoke0(Native Method)
	at sun.reflect.NativeMethodAccessorImpl.invoke(NativeMethodAccessorImpl.java:57)
	at sun.reflect.DelegatingMethodAccessorImpl.invoke(DelegatingMethodAccessorImpl.java:43)
	at java.lang.reflect.Method.invoke(Method.java:601)
	at org.testng.internal.MethodInvocationHelper.invokeMethod(MethodInvocationHelper.java:84)
	at org.testng.internal.Invoker.invokeMethod(Invoker.java:714)
	at org.testng.internal.Invoker.invokeTestMethod(Invoker.java:901)
	at org.testng.internal.Invoker.invokeTestMethods(Invoker.java:1231)
	at org.testng.internal.TestMethodWorker.invokeTestMethods(TestMethodWorker.java:127)
	at org.testng.internal.TestMethodWorker.run(TestMethodWorker.java:111)
	at org.testng.TestRunner.privateRun(TestRunner.java:767)
	at org.testng.TestRunner.run(TestRunner.java:617)
	at org.testng.SuiteRunner.runTest(SuiteRunner.java:348)
	at org.testng.SuiteRunner.runSequentially(SuiteRunner.java:343)
	at org.testng.SuiteRunner.privateRun(SuiteRunner.java:305)
	at org.testng.SuiteRunner.run(SuiteRunner.java:254)
	at org.testng.SuiteRunnerWorker.runSuite(SuiteRunnerWorker.java:52)
	at org.testng.SuiteRunnerWorker.run(SuiteRunnerWorker.java:86)
	at org.testng.TestNG.runSuitesSequentially(TestNG.java:1224)
	at org.testng.TestNG.runSuitesLocally(TestNG.java:1149)
	at org.testng.TestNG.run(TestNG.java:1057)
	at org.w3.ldp.testsuite.LdpTestSuite.run(LdpTestSuite.java:379)
	at org.w3.ldp.testsuite.LdpTestSuite.executeTestSuite(LdpTestSuite.java:415)
	at org.w3.ldp.testsuite.LdpTestSuite.executeTestSuite(LdpTestSuite.java:407)
	at org.w3.ldp.testsuite.RunLdpTestSuite.main(RunLdpTestSuite.java:26)
]]>
    </failure>
  </testcase> <!-- testPublishConstraintsUnknownProp -->
  <testcase name="testIsHttp11Manual" time="0.000" classname="org.w3.ldp.testsuite.test.BasicContainerTest">
    <failure type="org.w3.ldp.testsuite.exception.SkipNotTestableException" message="This requirement or recommendation must be tested manually. It is difficult or impossible to write automated tests for and is not part of the testsuite.">
      <![CDATA[org.w3.ldp.testsuite.exception.SkipNotTestableException: This requirement or recommendation must be tested manually. It is difficult or impossible to write automated tests for and is not part of the testsuite.
	at org.w3.ldp.testsuite.test.CommonResourceTest.testIsHttp11Manual(CommonResourceTest.java:130)
	at sun.reflect.NativeMethodAccessorImpl.invoke0(Native Method)
	at sun.reflect.NativeMethodAccessorImpl.invoke(NativeMethodAccessorImpl.java:57)
	at sun.reflect.DelegatingMethodAccessorImpl.invoke(DelegatingMethodAccessorImpl.java:43)
	at java.lang.reflect.Method.invoke(Method.java:601)
	at org.testng.internal.MethodInvocationHelper.invokeMethod(MethodInvocationHelper.java:84)
	at org.testng.internal.Invoker.invokeMethod(Invoker.java:714)
	at org.testng.internal.Invoker.invokeTestMethod(Invoker.java:901)
	at org.testng.internal.Invoker.invokeTestMethods(Invoker.java:1231)
	at org.testng.internal.TestMethodWorker.invokeTestMethods(TestMethodWorker.java:127)
	at org.testng.internal.TestMethodWorker.run(TestMethodWorker.java:111)
	at org.testng.TestRunner.privateRun(TestRunner.java:767)
	at org.testng.TestRunner.run(TestRunner.java:617)
	at org.testng.SuiteRunner.runTest(SuiteRunner.java:348)
	at org.testng.SuiteRunner.runSequentially(SuiteRunner.java:343)
	at org.testng.SuiteRunner.privateRun(SuiteRunner.java:305)
	at org.testng.SuiteRunner.run(SuiteRunner.java:254)
	at org.testng.SuiteRunnerWorker.runSuite(SuiteRunnerWorker.java:52)
	at org.testng.SuiteRunnerWorker.run(SuiteRunnerWorker.java:86)
	at org.testng.TestNG.runSuitesSequentially(TestNG.java:1224)
	at org.testng.TestNG.runSuitesLocally(TestNG.java:1149)
	at org.testng.TestNG.run(TestNG.java:1057)
	at org.w3.ldp.testsuite.LdpTestSuite.run(LdpTestSuite.java:379)
	at org.w3.ldp.testsuite.LdpTestSuite.executeTestSuite(LdpTestSuite.java:415)
	at org.w3.ldp.testsuite.LdpTestSuite.executeTestSuite(LdpTestSuite.java:407)
	at org.w3.ldp.testsuite.RunLdpTestSuite.main(RunLdpTestSuite.java:26)
]]>
    </failure>
  </testcase> <!-- testIsHttp11Manual -->
  <testcase name="testRequestedInteractionModelHeaders" time="0.000" classname="org.w3.ldp.testsuite.test.BasicContainerTest">
    <failure type="org.w3.ldp.testsuite.exception.SkipException" message="containerAsResource is null">
      <![CDATA[org.w3.ldp.testsuite.exception.SkipException: containerAsResource is null
	at org.w3.ldp.testsuite.test.CommonContainerTest.testRequestedInteractionModelHeaders(CommonContainerTest.java:351)
	at sun.reflect.NativeMethodAccessorImpl.invoke0(Native Method)
	at sun.reflect.NativeMethodAccessorImpl.invoke(NativeMethodAccessorImpl.java:57)
	at sun.reflect.DelegatingMethodAccessorImpl.invoke(DelegatingMethodAccessorImpl.java:43)
	at java.lang.reflect.Method.invoke(Method.java:601)
	at org.testng.internal.MethodInvocationHelper.invokeMethod(MethodInvocationHelper.java:84)
	at org.testng.internal.Invoker.invokeMethod(Invoker.java:714)
	at org.testng.internal.Invoker.invokeTestMethod(Invoker.java:901)
	at org.testng.internal.Invoker.invokeTestMethods(Invoker.java:1231)
	at org.testng.internal.TestMethodWorker.invokeTestMethods(TestMethodWorker.java:127)
	at org.testng.internal.TestMethodWorker.run(TestMethodWorker.java:111)
	at org.testng.TestRunner.privateRun(TestRunner.java:767)
	at org.testng.TestRunner.run(TestRunner.java:617)
	at org.testng.SuiteRunner.runTest(SuiteRunner.java:348)
	at org.testng.SuiteRunner.runSequentially(SuiteRunner.java:343)
	at org.testng.SuiteRunner.privateRun(SuiteRunner.java:305)
	at org.testng.SuiteRunner.run(SuiteRunner.java:254)
	at org.testng.SuiteRunnerWorker.runSuite(SuiteRunnerWorker.java:52)
	at org.testng.SuiteRunnerWorker.run(SuiteRunnerWorker.java:86)
	at org.testng.TestNG.runSuitesSequentially(TestNG.java:1224)
	at org.testng.TestNG.runSuitesLocally(TestNG.java:1149)
	at org.testng.TestNG.run(TestNG.java:1057)
	at org.w3.ldp.testsuite.LdpTestSuite.run(LdpTestSuite.java:379)
	at org.w3.ldp.testsuite.LdpTestSuite.executeTestSuite(LdpTestSuite.java:415)
	at org.w3.ldp.testsuite.LdpTestSuite.executeTestSuite(LdpTestSuite.java:407)
	at org.w3.ldp.testsuite.RunLdpTestSuite.main(RunLdpTestSuite.java:26)
]]>
    </failure>
  </testcase> <!-- testRequestedInteractionModelHeaders -->
  <testcase name="testConformsBcLdpContainer" time="0.000" classname="org.w3.ldp.testsuite.test.BasicContainerTest">
    <failure type="org.testng.SkipException" message="Covered indirectly by the MUST tests defined in CommonContainerTest class">
      <![CDATA[org.testng.SkipException: Covered indirectly by the MUST tests defined in CommonContainerTest class
	at org.w3.ldp.testsuite.test.BasicContainerTest.testConformsBcLdpContainer(BasicContainerTest.java:42)
	at sun.reflect.NativeMethodAccessorImpl.invoke0(Native Method)
	at sun.reflect.NativeMethodAccessorImpl.invoke(NativeMethodAccessorImpl.java:57)
	at sun.reflect.DelegatingMethodAccessorImpl.invoke(DelegatingMethodAccessorImpl.java:43)
	at java.lang.reflect.Method.invoke(Method.java:601)
	at org.testng.internal.MethodInvocationHelper.invokeMethod(MethodInvocationHelper.java:84)
	at org.testng.internal.Invoker.invokeMethod(Invoker.java:714)
	at org.testng.internal.Invoker.invokeTestMethod(Invoker.java:901)
	at org.testng.internal.Invoker.invokeTestMethods(Invoker.java:1231)
	at org.testng.internal.TestMethodWorker.invokeTestMethods(TestMethodWorker.java:127)
	at org.testng.internal.TestMethodWorker.run(TestMethodWorker.java:111)
	at org.testng.TestRunner.privateRun(TestRunner.java:767)
	at org.testng.TestRunner.run(TestRunner.java:617)
	at org.testng.SuiteRunner.runTest(SuiteRunner.java:348)
	at org.testng.SuiteRunner.runSequentially(SuiteRunner.java:343)
	at org.testng.SuiteRunner.privateRun(SuiteRunner.java:305)
	at org.testng.SuiteRunner.run(SuiteRunner.java:254)
	at org.testng.SuiteRunnerWorker.runSuite(SuiteRunnerWorker.java:52)
	at org.testng.SuiteRunnerWorker.run(SuiteRunnerWorker.java:86)
	at org.testng.TestNG.runSuitesSequentially(TestNG.java:1224)
	at org.testng.TestNG.runSuitesLocally(TestNG.java:1149)
	at org.testng.TestNG.run(TestNG.java:1057)
	at org.w3.ldp.testsuite.LdpTestSuite.run(LdpTestSuite.java:379)
	at org.w3.ldp.testsuite.LdpTestSuite.executeTestSuite(LdpTestSuite.java:415)
	at org.w3.ldp.testsuite.LdpTestSuite.executeTestSuite(LdpTestSuite.java:407)
	at org.w3.ldp.testsuite.RunLdpTestSuite.main(RunLdpTestSuite.java:26)
]]>
    </failure>
  </testcase> <!-- testConformsBcLdpContainer -->
  <testcase name="testNoRdfBagSeqOrList" time="0.013" classname="org.w3.ldp.testsuite.test.BasicContainerTest"/>
  <testcase name="testRestrictClientInference" time="0.000" classname="org.w3.ldp.testsuite.test.BasicContainerTest">
    <failure type="org.w3.ldp.testsuite.exception.SkipNotTestableException" message="This requirement or recommendation must be tested manually. It is difficult or impossible to write automated tests for and is not part of the testsuite.">
      <![CDATA[org.w3.ldp.testsuite.exception.SkipNotTestableException: This requirement or recommendation must be tested manually. It is difficult or impossible to write automated tests for and is not part of the testsuite.
	at org.w3.ldp.testsuite.test.RdfSourceTest.testRestrictClientInference(RdfSourceTest.java:276)
	at sun.reflect.NativeMethodAccessorImpl.invoke0(Native Method)
	at sun.reflect.NativeMethodAccessorImpl.invoke(NativeMethodAccessorImpl.java:57)
	at sun.reflect.DelegatingMethodAccessorImpl.invoke(DelegatingMethodAccessorImpl.java:43)
	at java.lang.reflect.Method.invoke(Method.java:601)
	at org.testng.internal.MethodInvocationHelper.invokeMethod(MethodInvocationHelper.java:84)
	at org.testng.internal.Invoker.invokeMethod(Invoker.java:714)
	at org.testng.internal.Invoker.invokeTestMethod(Invoker.java:901)
	at org.testng.internal.Invoker.invokeTestMethods(Invoker.java:1231)
	at org.testng.internal.TestMethodWorker.invokeTestMethods(TestMethodWorker.java:127)
	at org.testng.internal.TestMethodWorker.run(TestMethodWorker.java:111)
	at org.testng.TestRunner.privateRun(TestRunner.java:767)
	at org.testng.TestRunner.run(TestRunner.java:617)
	at org.testng.SuiteRunner.runTest(SuiteRunner.java:348)
	at org.testng.SuiteRunner.runSequentially(SuiteRunner.java:343)
	at org.testng.SuiteRunner.privateRun(SuiteRunner.java:305)
	at org.testng.SuiteRunner.run(SuiteRunner.java:254)
	at org.testng.SuiteRunnerWorker.runSuite(SuiteRunnerWorker.java:52)
	at org.testng.SuiteRunnerWorker.run(SuiteRunnerWorker.java:86)
	at org.testng.TestNG.runSuitesSequentially(TestNG.java:1224)
	at org.testng.TestNG.runSuitesLocally(TestNG.java:1149)
	at org.testng.TestNG.run(TestNG.java:1057)
	at org.w3.ldp.testsuite.LdpTestSuite.run(LdpTestSuite.java:379)
	at org.w3.ldp.testsuite.LdpTestSuite.executeTestSuite(LdpTestSuite.java:415)
	at org.w3.ldp.testsuite.LdpTestSuite.executeTestSuite(LdpTestSuite.java:407)
	at org.w3.ldp.testsuite.RunLdpTestSuite.main(RunLdpTestSuite.java:26)
]]>
    </failure>
  </testcase> <!-- testRestrictClientInference -->
  <testcase name="testLdpLinkHeader" time="0.010" classname="org.w3.ldp.testsuite.test.BasicContainerTest"/>
  <testcase name="testRequestedInteractionModelCreateNotAllowed" time="0.000" classname="org.w3.ldp.testsuite.test.BasicContainerTest">
    <failure type="org.w3.ldp.testsuite.exception.SkipException" message="containerAsResource is null">
      <![CDATA[org.w3.ldp.testsuite.exception.SkipException: containerAsResource is null
	at org.w3.ldp.testsuite.test.CommonContainerTest.testRequestedInteractionModelCreateNotAllowed(CommonContainerTest.java:315)
	at sun.reflect.NativeMethodAccessorImpl.invoke0(Native Method)
	at sun.reflect.NativeMethodAccessorImpl.invoke(NativeMethodAccessorImpl.java:57)
	at sun.reflect.DelegatingMethodAccessorImpl.invoke(DelegatingMethodAccessorImpl.java:43)
	at java.lang.reflect.Method.invoke(Method.java:601)
	at org.testng.internal.MethodInvocationHelper.invokeMethod(MethodInvocationHelper.java:84)
	at org.testng.internal.Invoker.invokeMethod(Invoker.java:714)
	at org.testng.internal.Invoker.invokeTestMethod(Invoker.java:901)
	at org.testng.internal.Invoker.invokeTestMethods(Invoker.java:1231)
	at org.testng.internal.TestMethodWorker.invokeTestMethods(TestMethodWorker.java:127)
	at org.testng.internal.TestMethodWorker.run(TestMethodWorker.java:111)
	at org.testng.TestRunner.privateRun(TestRunner.java:767)
	at org.testng.TestRunner.run(TestRunner.java:617)
	at org.testng.SuiteRunner.runTest(SuiteRunner.java:348)
	at org.testng.SuiteRunner.runSequentially(SuiteRunner.java:343)
	at org.testng.SuiteRunner.privateRun(SuiteRunner.java:305)
	at org.testng.SuiteRunner.run(SuiteRunner.java:254)
	at org.testng.SuiteRunnerWorker.runSuite(SuiteRunnerWorker.java:52)
	at org.testng.SuiteRunnerWorker.run(SuiteRunnerWorker.java:86)
	at org.testng.TestNG.runSuitesSequentially(TestNG.java:1224)
	at org.testng.TestNG.runSuitesLocally(TestNG.java:1149)
	at org.testng.TestNG.run(TestNG.java:1057)
	at org.w3.ldp.testsuite.LdpTestSuite.run(LdpTestSuite.java:379)
	at org.w3.ldp.testsuite.LdpTestSuite.executeTestSuite(LdpTestSuite.java:415)
	at org.w3.ldp.testsuite.LdpTestSuite.executeTestSuite(LdpTestSuite.java:407)
	at org.w3.ldp.testsuite.RunLdpTestSuite.main(RunLdpTestSuite.java:26)
]]>
    </failure>
  </testcase> <!-- testRequestedInteractionModelCreateNotAllowed -->
  <testcase name="testHead" time="0.009" classname="org.w3.ldp.testsuite.test.BasicContainerTest"/>
  <testcase name="testResponsePropertiesNotPersisted" time="0.025" classname="org.w3.ldp.testsuite.test.BasicContainerTest">
    <failure type="org.w3.ldp.testsuite.exception.SkipException" message="Skipping test because PUT request was successful.">
      <![CDATA[org.w3.ldp.testsuite.exception.SkipException: Skipping test because PUT request was successful.
	at org.w3.ldp.testsuite.test.RdfSourceTest.expectPut4xxStatus(RdfSourceTest.java:532)
	at org.w3.ldp.testsuite.test.RdfSourceTest.expectPut4xxResponseBody(RdfSourceTest.java:542)
	at org.w3.ldp.testsuite.test.RdfSourceTest.testResponsePropertiesNotPersisted(RdfSourceTest.java:462)
	at sun.reflect.NativeMethodAccessorImpl.invoke0(Native Method)
	at sun.reflect.NativeMethodAccessorImpl.invoke(NativeMethodAccessorImpl.java:57)
	at sun.reflect.DelegatingMethodAccessorImpl.invoke(DelegatingMethodAccessorImpl.java:43)
	at java.lang.reflect.Method.invoke(Method.java:601)
	at org.testng.internal.MethodInvocationHelper.invokeMethod(MethodInvocationHelper.java:84)
	at org.testng.internal.Invoker.invokeMethod(Invoker.java:714)
	at org.testng.internal.Invoker.invokeTestMethod(Invoker.java:901)
	at org.testng.internal.Invoker.invokeTestMethods(Invoker.java:1231)
	at org.testng.internal.TestMethodWorker.invokeTestMethods(TestMethodWorker.java:127)
	at org.testng.internal.TestMethodWorker.run(TestMethodWorker.java:111)
	at org.testng.TestRunner.privateRun(TestRunner.java:767)
	at org.testng.TestRunner.run(TestRunner.java:617)
	at org.testng.SuiteRunner.runTest(SuiteRunner.java:348)
	at org.testng.SuiteRunner.runSequentially(SuiteRunner.java:343)
	at org.testng.SuiteRunner.privateRun(SuiteRunner.java:305)
	at org.testng.SuiteRunner.run(SuiteRunner.java:254)
	at org.testng.SuiteRunnerWorker.runSuite(SuiteRunnerWorker.java:52)
	at org.testng.SuiteRunnerWorker.run(SuiteRunnerWorker.java:86)
	at org.testng.TestNG.runSuitesSequentially(TestNG.java:1224)
	at org.testng.TestNG.runSuitesLocally(TestNG.java:1149)
	at org.testng.TestNG.run(TestNG.java:1057)
	at org.w3.ldp.testsuite.LdpTestSuite.run(LdpTestSuite.java:379)
	at org.w3.ldp.testsuite.LdpTestSuite.executeTestSuite(LdpTestSuite.java:415)
	at org.w3.ldp.testsuite.LdpTestSuite.executeTestSuite(LdpTestSuite.java:407)
	at org.w3.ldp.testsuite.RunLdpTestSuite.main(RunLdpTestSuite.java:26)
]]>
    </failure>
  </testcase> <!-- testResponsePropertiesNotPersisted -->
  <testcase name="testDeleteRemovesContainmentTriple" time="0.063" classname="org.w3.ldp.testsuite.test.BasicContainerTest"/>
  <testcase name="testConformsRdfSourceLdpResource" time="0.000" classname="org.w3.ldp.testsuite.test.BasicContainerTest">
    <failure type="org.testng.SkipException" message="Covered indirectly by the MUST tests defined in CommonResourceTest class">
      <![CDATA[org.testng.SkipException: Covered indirectly by the MUST tests defined in CommonResourceTest class
	at org.w3.ldp.testsuite.test.RdfSourceTest.testConformsRdfSourceLdpResource(RdfSourceTest.java:477)
	at sun.reflect.NativeMethodAccessorImpl.invoke0(Native Method)
	at sun.reflect.NativeMethodAccessorImpl.invoke(NativeMethodAccessorImpl.java:57)
	at sun.reflect.DelegatingMethodAccessorImpl.invoke(DelegatingMethodAccessorImpl.java:43)
	at java.lang.reflect.Method.invoke(Method.java:601)
	at org.testng.internal.MethodInvocationHelper.invokeMethod(MethodInvocationHelper.java:84)
	at org.testng.internal.Invoker.invokeMethod(Invoker.java:714)
	at org.testng.internal.Invoker.invokeTestMethod(Invoker.java:901)
	at org.testng.internal.Invoker.invokeTestMethods(Invoker.java:1231)
	at org.testng.internal.TestMethodWorker.invokeTestMethods(TestMethodWorker.java:127)
	at org.testng.internal.TestMethodWorker.run(TestMethodWorker.java:111)
	at org.testng.TestRunner.privateRun(TestRunner.java:767)
	at org.testng.TestRunner.run(TestRunner.java:617)
	at org.testng.SuiteRunner.runTest(SuiteRunner.java:348)
	at org.testng.SuiteRunner.runSequentially(SuiteRunner.java:343)
	at org.testng.SuiteRunner.privateRun(SuiteRunner.java:305)
	at org.testng.SuiteRunner.run(SuiteRunner.java:254)
	at org.testng.SuiteRunnerWorker.runSuite(SuiteRunnerWorker.java:52)
	at org.testng.SuiteRunnerWorker.run(SuiteRunnerWorker.java:86)
	at org.testng.TestNG.runSuitesSequentially(TestNG.java:1224)
	at org.testng.TestNG.runSuitesLocally(TestNG.java:1149)
	at org.testng.TestNG.run(TestNG.java:1057)
	at org.w3.ldp.testsuite.LdpTestSuite.run(LdpTestSuite.java:379)
	at org.w3.ldp.testsuite.LdpTestSuite.executeTestSuite(LdpTestSuite.java:415)
	at org.w3.ldp.testsuite.LdpTestSuite.executeTestSuite(LdpTestSuite.java:407)
	at org.w3.ldp.testsuite.RunLdpTestSuite.main(RunLdpTestSuite.java:26)
]]>
    </failure>
  </testcase> <!-- testConformsRdfSourceLdpResource -->
  <testcase name="testCreateWithoutConstraints" time="0.048" classname="org.w3.ldp.testsuite.test.BasicContainerTest"/>
  <testcase name="testAcceptTurtle" time="0.039" classname="org.w3.ldp.testsuite.test.BasicContainerTest"/>
  <testcase name="testOptions" time="0.009" classname="org.w3.ldp.testsuite.test.BasicContainerTest"/>
  <testcase name="testGetResponseHeaders" time="0.010" classname="org.w3.ldp.testsuite.test.BasicContainerTest"/>
  <testcase name="testPostResponseStatusAndLocation" time="0.036" classname="org.w3.ldp.testsuite.test.BasicContainerTest"/>
  <testcase name="testPutReadOnlyProperties4xxStatus" time="0.000" classname="org.w3.ldp.testsuite.test.BasicContainerTest">
    <failure type="org.w3.ldp.testsuite.exception.SkipException" message="Skipping test because we have no read-only properties to PUT. Server-managed properties are specified using the &quot;read-only-prop&quot; command-line parameter.">
      <![CDATA[org.w3.ldp.testsuite.exception.SkipException: Skipping test because we have no read-only properties to PUT. Server-managed properties are specified using the "read-only-prop" command-line parameter.
	at org.w3.ldp.testsuite.test.RdfSourceTest.testPutReadOnlyProperties4xxStatus(RdfSourceTest.java:400)
	at sun.reflect.NativeMethodAccessorImpl.invoke0(Native Method)
	at sun.reflect.NativeMethodAccessorImpl.invoke(NativeMethodAccessorImpl.java:57)
	at sun.reflect.DelegatingMethodAccessorImpl.invoke(DelegatingMethodAccessorImpl.java:43)
	at java.lang.reflect.Method.invoke(Method.java:601)
	at org.testng.internal.MethodInvocationHelper.invokeMethod(MethodInvocationHelper.java:84)
	at org.testng.internal.Invoker.invokeMethod(Invoker.java:714)
	at org.testng.internal.Invoker.invokeTestMethod(Invoker.java:901)
	at org.testng.internal.Invoker.invokeTestMethods(Invoker.java:1231)
	at org.testng.internal.TestMethodWorker.invokeTestMethods(TestMethodWorker.java:127)
	at org.testng.internal.TestMethodWorker.run(TestMethodWorker.java:111)
	at org.testng.TestRunner.privateRun(TestRunner.java:767)
	at org.testng.TestRunner.run(TestRunner.java:617)
	at org.testng.SuiteRunner.runTest(SuiteRunner.java:348)
	at org.testng.SuiteRunner.runSequentially(SuiteRunner.java:343)
	at org.testng.SuiteRunner.privateRun(SuiteRunner.java:305)
	at org.testng.SuiteRunner.run(SuiteRunner.java:254)
	at org.testng.SuiteRunnerWorker.runSuite(SuiteRunnerWorker.java:52)
	at org.testng.SuiteRunnerWorker.run(SuiteRunnerWorker.java:86)
	at org.testng.TestNG.runSuitesSequentially(TestNG.java:1224)
	at org.testng.TestNG.runSuitesLocally(TestNG.java:1149)
	at org.testng.TestNG.run(TestNG.java:1057)
	at org.w3.ldp.testsuite.LdpTestSuite.run(LdpTestSuite.java:379)
	at org.w3.ldp.testsuite.LdpTestSuite.executeTestSuite(LdpTestSuite.java:415)
	at org.w3.ldp.testsuite.LdpTestSuite.executeTestSuite(LdpTestSuite.java:407)
	at org.w3.ldp.testsuite.RunLdpTestSuite.main(RunLdpTestSuite.java:26)
]]>
    </failure>
  </testcase> <!-- testPutReadOnlyProperties4xxStatus -->
  <testcase name="testConditionFailedStatusCode" time="0.025" classname="org.w3.ldp.testsuite.test.BasicContainerTest"/>
  <testcase name="testPreconditionRequiredStatusCode" time="0.033" classname="org.w3.ldp.testsuite.test.BasicContainerTest">
    <failure type="org.w3.ldp.testsuite.exception.SkipException" message="Server does not require If-Match header.">
      <![CDATA[org.w3.ldp.testsuite.exception.SkipException: Server does not require If-Match header.
	at org.w3.ldp.testsuite.test.CommonResourceTest.testPreconditionRequiredStatusCode(CommonResourceTest.java:369)
	at sun.reflect.NativeMethodAccessorImpl.invoke0(Native Method)
	at sun.reflect.NativeMethodAccessorImpl.invoke(NativeMethodAccessorImpl.java:57)
	at sun.reflect.DelegatingMethodAccessorImpl.invoke(DelegatingMethodAccessorImpl.java:43)
	at java.lang.reflect.Method.invoke(Method.java:601)
	at org.testng.internal.MethodInvocationHelper.invokeMethod(MethodInvocationHelper.java:84)
	at org.testng.internal.Invoker.invokeMethod(Invoker.java:714)
	at org.testng.internal.Invoker.invokeTestMethod(Invoker.java:901)
	at org.testng.internal.Invoker.invokeTestMethods(Invoker.java:1231)
	at org.testng.internal.TestMethodWorker.invokeTestMethods(TestMethodWorker.java:127)
	at org.testng.internal.TestMethodWorker.run(TestMethodWorker.java:111)
	at org.testng.TestRunner.privateRun(TestRunner.java:767)
	at org.testng.TestRunner.run(TestRunner.java:617)
	at org.testng.SuiteRunner.runTest(SuiteRunner.java:348)
	at org.testng.SuiteRunner.runSequentially(SuiteRunner.java:343)
	at org.testng.SuiteRunner.privateRun(SuiteRunner.java:305)
	at org.testng.SuiteRunner.run(SuiteRunner.java:254)
	at org.testng.SuiteRunnerWorker.runSuite(SuiteRunnerWorker.java:52)
	at org.testng.SuiteRunnerWorker.run(SuiteRunnerWorker.java:86)
	at org.testng.TestNG.runSuitesSequentially(TestNG.java:1224)
	at org.testng.TestNG.runSuitesLocally(TestNG.java:1149)
	at org.testng.TestNG.run(TestNG.java:1057)
	at org.w3.ldp.testsuite.LdpTestSuite.run(LdpTestSuite.java:379)
	at org.w3.ldp.testsuite.LdpTestSuite.executeTestSuite(LdpTestSuite.java:415)
	at org.w3.ldp.testsuite.LdpTestSuite.executeTestSuite(LdpTestSuite.java:407)
	at org.w3.ldp.testsuite.RunLdpTestSuite.main(RunLdpTestSuite.java:26)
]]>
    </failure>
  </testcase> <!-- testPreconditionRequiredStatusCode -->
  <testcase name="testNullRelativeUriPost" time="0.048" classname="org.w3.ldp.testsuite.test.BasicContainerTest"/>
  <testcase name="testRestrictUriReUseSlug" time="0.039" classname="org.w3.ldp.testsuite.test.BasicContainerTest">
    <error type="java.lang.AssertionError" message="1 expectation failed.
Expected status code &lt;201&gt; doesn&#039;t match actual status code &lt;409&gt;.
">
      <![CDATA[java.lang.AssertionError: 1 expectation failed.
Expected status code <201> doesn't match actual status code <409>.

	at sun.reflect.NativeConstructorAccessorImpl.newInstance0(Native Method)
	at sun.reflect.NativeConstructorAccessorImpl.newInstance(NativeConstructorAccessorImpl.java:57)
	at sun.reflect.DelegatingConstructorAccessorImpl.newInstance(DelegatingConstructorAccessorImpl.java:45)
	at java.lang.reflect.Constructor.newInstance(Constructor.java:525)
	at org.codehaus.groovy.reflection.CachedConstructor.invoke(CachedConstructor.java:80)
	at org.codehaus.groovy.reflection.CachedConstructor.doConstructorInvoke(CachedConstructor.java:74)
	at org.codehaus.groovy.runtime.callsite.ConstructorSite$ConstructorSiteNoUnwrap.callConstructor(ConstructorSite.java:84)
	at org.codehaus.groovy.runtime.callsite.CallSiteArray.defaultCallConstructor(CallSiteArray.java:60)
	at org.codehaus.groovy.runtime.callsite.AbstractCallSite.callConstructor(AbstractCallSite.java:235)
	at org.codehaus.groovy.runtime.callsite.AbstractCallSite.callConstructor(AbstractCallSite.java:247)
	at com.jayway.restassured.internal.ResponseSpecificationImpl$HamcrestAssertionClosure.validate(ResponseSpecificationImpl.groovy:598)
	at com.jayway.restassured.internal.ResponseSpecificationImpl$HamcrestAssertionClosure$validate$1.call(Unknown Source)
	at com.jayway.restassured.internal.RequestSpecificationImpl.applyPathParamsAndSendRequest(RequestSpecificationImpl.groovy:1575)
	at sun.reflect.GeneratedMethodAccessor61.invoke(Unknown Source)
	at sun.reflect.DelegatingMethodAccessorImpl.invoke(DelegatingMethodAccessorImpl.java:43)
	at java.lang.reflect.Method.invoke(Method.java:601)
	at org.codehaus.groovy.reflection.CachedMethod.invoke(CachedMethod.java:93)
	at groovy.lang.MetaMethod.doMethodInvoke(MetaMethod.java:325)
	at groovy.lang.MetaClassImpl.invokeMethod(MetaClassImpl.java:1210)
	at groovy.lang.MetaClassImpl.invokeMethod(MetaClassImpl.java:1019)
	at groovy.lang.MetaClassImpl.invokeMethod(MetaClassImpl.java:810)
	at com.jayway.restassured.internal.RequestSpecificationImpl.invokeMethod(RequestSpecificationImpl.groovy)
	at org.codehaus.groovy.runtime.callsite.PogoInterceptableSite.call(PogoInterceptableSite.java:48)
	at org.codehaus.groovy.runtime.callsite.PogoInterceptableSite.callCurrent(PogoInterceptableSite.java:58)
	at org.codehaus.groovy.runtime.callsite.AbstractCallSite.callCurrent(AbstractCallSite.java:182)
	at com.jayway.restassured.internal.RequestSpecificationImpl.post(RequestSpecificationImpl.groovy:163)
	at com.jayway.restassured.internal.RequestSpecificationImpl.post(RequestSpecificationImpl.groovy)
	at sun.reflect.NativeMethodAccessorImpl.invoke0(Native Method)
	at sun.reflect.NativeMethodAccessorImpl.invoke(NativeMethodAccessorImpl.java:57)
	at sun.reflect.DelegatingMethodAccessorImpl.invoke(DelegatingMethodAccessorImpl.java:43)
	at java.lang.reflect.Method.invoke(Method.java:601)
	at org.codehaus.groovy.reflection.CachedMethod.invoke(CachedMethod.java:93)
	at groovy.lang.MetaMethod.doMethodInvoke(MetaMethod.java:325)
	at groovy.lang.MetaClassImpl.invokeMethod(MetaClassImpl.java:1210)
	at groovy.lang.MetaClassImpl.invokeMethod(MetaClassImpl.java:1019)
	at groovy.lang.MetaClassImpl.invokeMethod(MetaClassImpl.java:810)
	at com.jayway.restassured.internal.RequestSpecificationImpl.invokeMethod(RequestSpecificationImpl.groovy)
	at org.codehaus.groovy.runtime.callsite.PogoInterceptableSite.call(PogoInterceptableSite.java:48)
	at org.codehaus.groovy.runtime.callsite.AbstractCallSite.call(AbstractCallSite.java:133)
	at com.jayway.restassured.internal.ResponseSpecificationImpl.post(ResponseSpecificationImpl.groovy:293)
	at com.jayway.restassured.internal.ResponseSpecificationImpl.post(ResponseSpecificationImpl.groovy)
	at org.w3.ldp.testsuite.test.CommonContainerTest.post(CommonContainerTest.java:934)
	at org.w3.ldp.testsuite.test.CommonContainerTest.testRestrictUriReUse(CommonContainerTest.java:921)
	at org.w3.ldp.testsuite.test.CommonContainerTest.testRestrictUriReUseSlug(CommonContainerTest.java:594)
	at sun.reflect.NativeMethodAccessorImpl.invoke0(Native Method)
	at sun.reflect.NativeMethodAccessorImpl.invoke(NativeMethodAccessorImpl.java:57)
	at sun.reflect.DelegatingMethodAccessorImpl.invoke(DelegatingMethodAccessorImpl.java:43)
	at java.lang.reflect.Method.invoke(Method.java:601)
	at org.testng.internal.MethodInvocationHelper.invokeMethod(MethodInvocationHelper.java:84)
	at org.testng.internal.Invoker.invokeMethod(Invoker.java:714)
	at org.testng.internal.Invoker.invokeTestMethod(Invoker.java:901)
	at org.testng.internal.Invoker.invokeTestMethods(Invoker.java:1231)
	at org.testng.internal.TestMethodWorker.invokeTestMethods(TestMethodWorker.java:127)
	at org.testng.internal.TestMethodWorker.run(TestMethodWorker.java:111)
	at org.testng.TestRunner.privateRun(TestRunner.java:767)
	at org.testng.TestRunner.run(TestRunner.java:617)
	at org.testng.SuiteRunner.runTest(SuiteRunner.java:348)
	at org.testng.SuiteRunner.runSequentially(SuiteRunner.java:343)
	at org.testng.SuiteRunner.privateRun(SuiteRunner.java:305)
	at org.testng.SuiteRunner.run(SuiteRunner.java:254)
	at org.testng.SuiteRunnerWorker.runSuite(SuiteRunnerWorker.java:52)
	at org.testng.SuiteRunnerWorker.run(SuiteRunnerWorker.java:86)
	at org.testng.TestNG.runSuitesSequentially(TestNG.java:1224)
	at org.testng.TestNG.runSuitesLocally(TestNG.java:1149)
	at org.testng.TestNG.run(TestNG.java:1057)
	at org.w3.ldp.testsuite.LdpTestSuite.run(LdpTestSuite.java:379)
	at org.w3.ldp.testsuite.LdpTestSuite.executeTestSuite(LdpTestSuite.java:415)
	at org.w3.ldp.testsuite.LdpTestSuite.executeTestSuite(LdpTestSuite.java:407)
	at org.w3.ldp.testsuite.RunLdpTestSuite.main(RunLdpTestSuite.java:26)
]]>
    </error>
  </testcase> <!-- testRestrictUriReUseSlug -->
  <testcase name="testRelativeUriResolutionPut" time="0.001" classname="org.w3.ldp.testsuite.test.BasicContainerTest">
    <failure type="org.w3.ldp.testsuite.exception.SkipException" message="Skipping test because there are restrictions on PUT content for this resource. The requirement needs to be tested manually.">
      <![CDATA[org.w3.ldp.testsuite.exception.SkipException: Skipping test because there are restrictions on PUT content for this resource. The requirement needs to be tested manually.
	at org.w3.ldp.testsuite.test.RdfSourceTest.testRelativeUriResolutionPut(RdfSourceTest.java:79)
	at sun.reflect.NativeMethodAccessorImpl.invoke0(Native Method)
	at sun.reflect.NativeMethodAccessorImpl.invoke(NativeMethodAccessorImpl.java:57)
	at sun.reflect.DelegatingMethodAccessorImpl.invoke(DelegatingMethodAccessorImpl.java:43)
	at java.lang.reflect.Method.invoke(Method.java:601)
	at org.testng.internal.MethodInvocationHelper.invokeMethod(MethodInvocationHelper.java:84)
	at org.testng.internal.Invoker.invokeMethod(Invoker.java:714)
	at org.testng.internal.Invoker.invokeTestMethod(Invoker.java:901)
	at org.testng.internal.Invoker.invokeTestMethods(Invoker.java:1231)
	at org.testng.internal.TestMethodWorker.invokeTestMethods(TestMethodWorker.java:127)
	at org.testng.internal.TestMethodWorker.run(TestMethodWorker.java:111)
	at org.testng.TestRunner.privateRun(TestRunner.java:767)
	at org.testng.TestRunner.run(TestRunner.java:617)
	at org.testng.SuiteRunner.runTest(SuiteRunner.java:348)
	at org.testng.SuiteRunner.runSequentially(SuiteRunner.java:343)
	at org.testng.SuiteRunner.privateRun(SuiteRunner.java:305)
	at org.testng.SuiteRunner.run(SuiteRunner.java:254)
	at org.testng.SuiteRunnerWorker.runSuite(SuiteRunnerWorker.java:52)
	at org.testng.SuiteRunnerWorker.run(SuiteRunnerWorker.java:86)
	at org.testng.TestNG.runSuitesSequentially(TestNG.java:1224)
	at org.testng.TestNG.runSuitesLocally(TestNG.java:1149)
	at org.testng.TestNG.run(TestNG.java:1057)
	at org.w3.ldp.testsuite.LdpTestSuite.run(LdpTestSuite.java:379)
	at org.w3.ldp.testsuite.LdpTestSuite.executeTestSuite(LdpTestSuite.java:415)
	at org.w3.ldp.testsuite.LdpTestSuite.executeTestSuite(LdpTestSuite.java:407)
	at org.w3.ldp.testsuite.RunLdpTestSuite.main(RunLdpTestSuite.java:26)
]]>
    </failure>
  </testcase> <!-- testRelativeUriResolutionPut -->
  <testcase name="testPostNoSlug" time="0.038" classname="org.w3.ldp.testsuite.test.BasicContainerTest"/>
  <testcase name="testPutPropertiesNotPersisted" time="0.039" classname="org.w3.ldp.testsuite.test.BasicContainerTest">
    <failure type="org.w3.ldp.testsuite.exception.SkipException" message="Skipping test because PUT request was successful.">
      <![CDATA[org.w3.ldp.testsuite.exception.SkipException: Skipping test because PUT request was successful.
	at org.w3.ldp.testsuite.test.RdfSourceTest.expectPut4xxStatus(RdfSourceTest.java:532)
	at org.w3.ldp.testsuite.test.RdfSourceTest.testPutPropertiesNotPersisted(RdfSourceTest.java:444)
	at sun.reflect.NativeMethodAccessorImpl.invoke0(Native Method)
	at sun.reflect.NativeMethodAccessorImpl.invoke(NativeMethodAccessorImpl.java:57)
	at sun.reflect.DelegatingMethodAccessorImpl.invoke(DelegatingMethodAccessorImpl.java:43)
	at java.lang.reflect.Method.invoke(Method.java:601)
	at org.testng.internal.MethodInvocationHelper.invokeMethod(MethodInvocationHelper.java:84)
	at org.testng.internal.Invoker.invokeMethod(Invoker.java:714)
	at org.testng.internal.Invoker.invokeTestMethod(Invoker.java:901)
	at org.testng.internal.Invoker.invokeTestMethods(Invoker.java:1231)
	at org.testng.internal.TestMethodWorker.invokeTestMethods(TestMethodWorker.java:127)
	at org.testng.internal.TestMethodWorker.run(TestMethodWorker.java:111)
	at org.testng.TestRunner.privateRun(TestRunner.java:767)
	at org.testng.TestRunner.run(TestRunner.java:617)
	at org.testng.SuiteRunner.runTest(SuiteRunner.java:348)
	at org.testng.SuiteRunner.runSequentially(SuiteRunner.java:343)
	at org.testng.SuiteRunner.privateRun(SuiteRunner.java:305)
	at org.testng.SuiteRunner.run(SuiteRunner.java:254)
	at org.testng.SuiteRunnerWorker.runSuite(SuiteRunnerWorker.java:52)
	at org.testng.SuiteRunnerWorker.run(SuiteRunnerWorker.java:86)
	at org.testng.TestNG.runSuitesSequentially(TestNG.java:1224)
	at org.testng.TestNG.runSuitesLocally(TestNG.java:1149)
	at org.testng.TestNG.run(TestNG.java:1057)
	at org.w3.ldp.testsuite.LdpTestSuite.run(LdpTestSuite.java:379)
	at org.w3.ldp.testsuite.LdpTestSuite.executeTestSuite(LdpTestSuite.java:415)
	at org.w3.ldp.testsuite.LdpTestSuite.executeTestSuite(LdpTestSuite.java:407)
	at org.w3.ldp.testsuite.RunLdpTestSuite.main(RunLdpTestSuite.java:26)
]]>
    </failure>
  </testcase> <!-- testPutPropertiesNotPersisted -->
  <testcase name="testConformsContainerRdfResource" time="0.000" classname="org.w3.ldp.testsuite.test.BasicContainerTest">
    <failure type="org.testng.SkipException" message="Covered indirectly by the MUST tests defined in RdfSourceTest class">
      <![CDATA[org.testng.SkipException: Covered indirectly by the MUST tests defined in RdfSourceTest class
	at org.w3.ldp.testsuite.test.CommonContainerTest.testConformsContainerRdfResource(CommonContainerTest.java:889)
	at sun.reflect.NativeMethodAccessorImpl.invoke0(Native Method)
	at sun.reflect.NativeMethodAccessorImpl.invoke(NativeMethodAccessorImpl.java:57)
	at sun.reflect.DelegatingMethodAccessorImpl.invoke(DelegatingMethodAccessorImpl.java:43)
	at java.lang.reflect.Method.invoke(Method.java:601)
	at org.testng.internal.MethodInvocationHelper.invokeMethod(MethodInvocationHelper.java:84)
	at org.testng.internal.Invoker.invokeMethod(Invoker.java:714)
	at org.testng.internal.Invoker.invokeTestMethod(Invoker.java:901)
	at org.testng.internal.Invoker.invokeTestMethods(Invoker.java:1231)
	at org.testng.internal.TestMethodWorker.invokeTestMethods(TestMethodWorker.java:127)
	at org.testng.internal.TestMethodWorker.run(TestMethodWorker.java:111)
	at org.testng.TestRunner.privateRun(TestRunner.java:767)
	at org.testng.TestRunner.run(TestRunner.java:617)
	at org.testng.SuiteRunner.runTest(SuiteRunner.java:348)
	at org.testng.SuiteRunner.runSequentially(SuiteRunner.java:343)
	at org.testng.SuiteRunner.privateRun(SuiteRunner.java:305)
	at org.testng.SuiteRunner.run(SuiteRunner.java:254)
	at org.testng.SuiteRunnerWorker.runSuite(SuiteRunnerWorker.java:52)
	at org.testng.SuiteRunnerWorker.run(SuiteRunnerWorker.java:86)
	at org.testng.TestNG.runSuitesSequentially(TestNG.java:1224)
	at org.testng.TestNG.runSuitesLocally(TestNG.java:1149)
	at org.testng.TestNG.run(TestNG.java:1057)
	at org.w3.ldp.testsuite.LdpTestSuite.run(LdpTestSuite.java:379)
	at org.w3.ldp.testsuite.LdpTestSuite.executeTestSuite(LdpTestSuite.java:415)
	at org.w3.ldp.testsuite.LdpTestSuite.executeTestSuite(LdpTestSuite.java:407)
	at org.w3.ldp.testsuite.RunLdpTestSuite.main(RunLdpTestSuite.java:26)
]]>
    </failure>
  </testcase> <!-- testConformsContainerRdfResource -->
  <testcase name="testGetResourceAcceptTurtle" time="0.021" classname="org.w3.ldp.testsuite.test.BasicContainerTest"/>
</testsuite> <!-- org.w3.ldp.testsuite.test.BasicContainerTest -->
