<?xml version="1.0" encoding="UTF-8"?>
<!-- Generated by org.testng.reporters.JUnitReportReporter -->
<testsuite hostname="Greggs-iMac.local" name="org.w3.ldp.testsuite.test.MemberResourceTest" tests="32" failures="12" timestamp="21 Feb 2019 01:14:21 GMT" time="0.446" errors="1">
  <testcase name="testUseStandardVocabularies" time="0.000" classname="org.w3.ldp.testsuite.test.MemberResourceTest">
    <failure type="org.w3.ldp.testsuite.exception.SkipNotTestableException" message="This requirement or recommendation must be tested manually. It is difficult or impossible to write automated tests for and is not part of the testsuite.">
      <![CDATA[org.w3.ldp.testsuite.exception.SkipNotTestableException: This requirement or recommendation must be tested manually. It is difficult or impossible to write automated tests for and is not part of the testsuite.
	at org.w3.ldp.testsuite.test.RdfSourceTest.testUseStandardVocabularies(RdfSourceTest.java:256)
	at sun.reflect.NativeMethodAccessorImpl.invoke0(Native Method)
	at sun.reflect.NativeMethodAccessorImpl.invoke(NativeMethodAccessorImpl.java:57)
	at sun.reflect.DelegatingMethodAccessorImpl.invoke(DelegatingMethodAccessorImpl.java:43)
	at java.lang.reflect.Method.invoke(Method.java:601)
	at org.testng.internal.MethodInvocationHelper.invokeMethod(MethodInvocationHelper.java:84)
	at org.testng.internal.Invoker.invokeMethod(Invoker.java:714)
	at org.testng.internal.Invoker.invokeTestMethod(Invoker.java:901)
	at org.testng.internal.Invoker.invokeTestMethods(Invoker.java:1231)
	at org.testng.internal.TestMethodWorker.invokeTestMethods(TestMethodWorker.java:127)
	at org.testng.internal.TestMethodWorker.run(TestMethodWorker.java:111)
	at org.testng.TestRunner.privateRun(TestRunner.java:767)
	at org.testng.TestRunner.run(TestRunner.java:617)
	at org.testng.SuiteRunner.runTest(SuiteRunner.java:348)
	at org.testng.SuiteRunner.runSequentially(SuiteRunner.java:343)
	at org.testng.SuiteRunner.privateRun(SuiteRunner.java:305)
	at org.testng.SuiteRunner.run(SuiteRunner.java:254)
	at org.testng.SuiteRunnerWorker.runSuite(SuiteRunnerWorker.java:52)
	at org.testng.SuiteRunnerWorker.run(SuiteRunnerWorker.java:86)
	at org.testng.TestNG.runSuitesSequentially(TestNG.java:1224)
	at org.testng.TestNG.runSuitesLocally(TestNG.java:1149)
	at org.testng.TestNG.run(TestNG.java:1057)
	at org.w3.ldp.testsuite.LdpTestSuite.run(LdpTestSuite.java:379)
	at org.w3.ldp.testsuite.LdpTestSuite.executeTestSuite(LdpTestSuite.java:415)
	at org.w3.ldp.testsuite.LdpTestSuite.executeTestSuite(LdpTestSuite.java:407)
	at org.w3.ldp.testsuite.RunLdpTestSuite.main(RunLdpTestSuite.java:26)
]]>
    </failure>
  </testcase> <!-- testUseStandardVocabularies -->
  <testcase name="testRelativeUriResolutionPut" time="0.033" classname="org.w3.ldp.testsuite.test.MemberResourceTest"/>
  <testcase name="testJsonLdRepresentation" time="0.012" classname="org.w3.ldp.testsuite.test.MemberResourceTest"/>
  <testcase name="testPreconditionRequiredStatusCode" time="0.034" classname="org.w3.ldp.testsuite.test.MemberResourceTest">
    <failure type="org.w3.ldp.testsuite.exception.SkipException" message="Server does not require If-Match header.">
      <![CDATA[org.w3.ldp.testsuite.exception.SkipException: Server does not require If-Match header.
	at org.w3.ldp.testsuite.test.CommonResourceTest.testPreconditionRequiredStatusCode(CommonResourceTest.java:369)
	at sun.reflect.NativeMethodAccessorImpl.invoke0(Native Method)
	at sun.reflect.NativeMethodAccessorImpl.invoke(NativeMethodAccessorImpl.java:57)
	at sun.reflect.DelegatingMethodAccessorImpl.invoke(DelegatingMethodAccessorImpl.java:43)
	at java.lang.reflect.Method.invoke(Method.java:601)
	at org.testng.internal.MethodInvocationHelper.invokeMethod(MethodInvocationHelper.java:84)
	at org.testng.internal.Invoker.invokeMethod(Invoker.java:714)
	at org.testng.internal.Invoker.invokeTestMethod(Invoker.java:901)
	at org.testng.internal.Invoker.invokeTestMethods(Invoker.java:1231)
	at org.testng.internal.TestMethodWorker.invokeTestMethods(TestMethodWorker.java:127)
	at org.testng.internal.TestMethodWorker.run(TestMethodWorker.java:111)
	at org.testng.TestRunner.privateRun(TestRunner.java:767)
	at org.testng.TestRunner.run(TestRunner.java:617)
	at org.testng.SuiteRunner.runTest(SuiteRunner.java:348)
	at org.testng.SuiteRunner.runSequentially(SuiteRunner.java:343)
	at org.testng.SuiteRunner.privateRun(SuiteRunner.java:305)
	at org.testng.SuiteRunner.run(SuiteRunner.java:254)
	at org.testng.SuiteRunnerWorker.runSuite(SuiteRunnerWorker.java:52)
	at org.testng.SuiteRunnerWorker.run(SuiteRunnerWorker.java:86)
	at org.testng.TestNG.runSuitesSequentially(TestNG.java:1224)
	at org.testng.TestNG.runSuitesLocally(TestNG.java:1149)
	at org.testng.TestNG.run(TestNG.java:1057)
	at org.w3.ldp.testsuite.LdpTestSuite.run(LdpTestSuite.java:379)
	at org.w3.ldp.testsuite.LdpTestSuite.executeTestSuite(LdpTestSuite.java:415)
	at org.w3.ldp.testsuite.LdpTestSuite.executeTestSuite(LdpTestSuite.java:407)
	at org.w3.ldp.testsuite.RunLdpTestSuite.main(RunLdpTestSuite.java:26)
]]>
    </failure>
  </testcase> <!-- testPreconditionRequiredStatusCode -->
  <testcase name="testHead" time="0.023" classname="org.w3.ldp.testsuite.test.MemberResourceTest"/>
  <testcase name="testGetResponseHeaders" time="0.010" classname="org.w3.ldp.testsuite.test.MemberResourceTest"/>
  <testcase name="testConditionFailedStatusCode" time="0.019" classname="org.w3.ldp.testsuite.test.MemberResourceTest"/>
  <testcase name="testPutSimpleUpdate" time="0.034" classname="org.w3.ldp.testsuite.test.MemberResourceTest"/>
  <testcase name="testPublishConstraintsUnknownProp" time="0.034" classname="org.w3.ldp.testsuite.test.MemberResourceTest">
    <failure type="org.w3.ldp.testsuite.exception.SkipException" message="Skipping test because PUT request was successful.">
      <![CDATA[org.w3.ldp.testsuite.exception.SkipException: Skipping test because PUT request was successful.
	at org.w3.ldp.testsuite.test.RdfSourceTest.expectPut4xxStatus(RdfSourceTest.java:532)
	at org.w3.ldp.testsuite.test.RdfSourceTest.expectPut4xxConstrainedBy(RdfSourceTest.java:489)
	at org.w3.ldp.testsuite.test.RdfSourceTest.testPublishConstraintsUnknownProp(RdfSourceTest.java:379)
	at sun.reflect.NativeMethodAccessorImpl.invoke0(Native Method)
	at sun.reflect.NativeMethodAccessorImpl.invoke(NativeMethodAccessorImpl.java:57)
	at sun.reflect.DelegatingMethodAccessorImpl.invoke(DelegatingMethodAccessorImpl.java:43)
	at java.lang.reflect.Method.invoke(Method.java:601)
	at org.testng.internal.MethodInvocationHelper.invokeMethod(MethodInvocationHelper.java:84)
	at org.testng.internal.Invoker.invokeMethod(Invoker.java:714)
	at org.testng.internal.Invoker.invokeTestMethod(Invoker.java:901)
	at org.testng.internal.Invoker.invokeTestMethods(Invoker.java:1231)
	at org.testng.internal.TestMethodWorker.invokeTestMethods(TestMethodWorker.java:127)
	at org.testng.internal.TestMethodWorker.run(TestMethodWorker.java:111)
	at org.testng.TestRunner.privateRun(TestRunner.java:767)
	at org.testng.TestRunner.run(TestRunner.java:617)
	at org.testng.SuiteRunner.runTest(SuiteRunner.java:348)
	at org.testng.SuiteRunner.runSequentially(SuiteRunner.java:343)
	at org.testng.SuiteRunner.privateRun(SuiteRunner.java:305)
	at org.testng.SuiteRunner.run(SuiteRunner.java:254)
	at org.testng.SuiteRunnerWorker.runSuite(SuiteRunnerWorker.java:52)
	at org.testng.SuiteRunnerWorker.run(SuiteRunnerWorker.java:86)
	at org.testng.TestNG.runSuitesSequentially(TestNG.java:1224)
	at org.testng.TestNG.runSuitesLocally(TestNG.java:1149)
	at org.testng.TestNG.run(TestNG.java:1057)
	at org.w3.ldp.testsuite.LdpTestSuite.run(LdpTestSuite.java:379)
	at org.w3.ldp.testsuite.LdpTestSuite.executeTestSuite(LdpTestSuite.java:415)
	at org.w3.ldp.testsuite.LdpTestSuite.executeTestSuite(LdpTestSuite.java:407)
	at org.w3.ldp.testsuite.RunLdpTestSuite.main(RunLdpTestSuite.java:26)
]]>
    </failure>
  </testcase> <!-- testPublishConstraintsUnknownProp -->
  <testcase name="testPutRequiresIfMatch" time="0.024" classname="org.w3.ldp.testsuite.test.MemberResourceTest">
    <error type="java.lang.AssertionError" message="1 expectation failed.
Expected status code not between 200 and 209 doesn&#039;t match actual status code &lt;200&gt;.
">
      <![CDATA[java.lang.AssertionError: 1 expectation failed.
Expected status code not between 200 and 209 doesn't match actual status code <200>.

	at sun.reflect.NativeConstructorAccessorImpl.newInstance0(Native Method)
	at sun.reflect.NativeConstructorAccessorImpl.newInstance(NativeConstructorAccessorImpl.java:57)
	at sun.reflect.DelegatingConstructorAccessorImpl.newInstance(DelegatingConstructorAccessorImpl.java:45)
	at java.lang.reflect.Constructor.newInstance(Constructor.java:525)
	at org.codehaus.groovy.reflection.CachedConstructor.invoke(CachedConstructor.java:80)
	at org.codehaus.groovy.reflection.CachedConstructor.doConstructorInvoke(CachedConstructor.java:74)
	at org.codehaus.groovy.runtime.callsite.ConstructorSite$ConstructorSiteNoUnwrap.callConstructor(ConstructorSite.java:84)
	at org.codehaus.groovy.runtime.callsite.AbstractCallSite.callConstructor(AbstractCallSite.java:247)
	at com.jayway.restassured.internal.ResponseSpecificationImpl$HamcrestAssertionClosure.validate(ResponseSpecificationImpl.groovy:598)
	at com.jayway.restassured.internal.ResponseSpecificationImpl$HamcrestAssertionClosure$validate$1.call(Unknown Source)
	at com.jayway.restassured.internal.RequestSpecificationImpl.applyPathParamsAndSendRequest(RequestSpecificationImpl.groovy:1575)
	at sun.reflect.GeneratedMethodAccessor61.invoke(Unknown Source)
	at sun.reflect.DelegatingMethodAccessorImpl.invoke(DelegatingMethodAccessorImpl.java:43)
	at java.lang.reflect.Method.invoke(Method.java:601)
	at org.codehaus.groovy.reflection.CachedMethod.invoke(CachedMethod.java:93)
	at groovy.lang.MetaMethod.doMethodInvoke(MetaMethod.java:325)
	at groovy.lang.MetaClassImpl.invokeMethod(MetaClassImpl.java:1210)
	at groovy.lang.MetaClassImpl.invokeMethod(MetaClassImpl.java:1019)
	at groovy.lang.MetaClassImpl.invokeMethod(MetaClassImpl.java:810)
	at com.jayway.restassured.internal.RequestSpecificationImpl.invokeMethod(RequestSpecificationImpl.groovy)
	at org.codehaus.groovy.runtime.callsite.PogoInterceptableSite.call(PogoInterceptableSite.java:48)
	at org.codehaus.groovy.runtime.callsite.PogoInterceptableSite.callCurrent(PogoInterceptableSite.java:58)
	at org.codehaus.groovy.runtime.callsite.AbstractCallSite.callCurrent(AbstractCallSite.java:182)
	at com.jayway.restassured.internal.RequestSpecificationImpl.put(RequestSpecificationImpl.groovy:167)
	at com.jayway.restassured.internal.RequestSpecificationImpl.put(RequestSpecificationImpl.groovy)
	at sun.reflect.NativeMethodAccessorImpl.invoke0(Native Method)
	at sun.reflect.NativeMethodAccessorImpl.invoke(NativeMethodAccessorImpl.java:57)
	at sun.reflect.DelegatingMethodAccessorImpl.invoke(DelegatingMethodAccessorImpl.java:43)
	at java.lang.reflect.Method.invoke(Method.java:601)
	at org.codehaus.groovy.reflection.CachedMethod.invoke(CachedMethod.java:93)
	at groovy.lang.MetaMethod.doMethodInvoke(MetaMethod.java:325)
	at groovy.lang.MetaClassImpl.invokeMethod(MetaClassImpl.java:1210)
	at groovy.lang.MetaClassImpl.invokeMethod(MetaClassImpl.java:1019)
	at groovy.lang.MetaClassImpl.invokeMethod(MetaClassImpl.java:810)
	at com.jayway.restassured.internal.RequestSpecificationImpl.invokeMethod(RequestSpecificationImpl.groovy)
	at org.codehaus.groovy.runtime.callsite.PogoInterceptableSite.call(PogoInterceptableSite.java:48)
	at org.codehaus.groovy.runtime.callsite.AbstractCallSite.call(AbstractCallSite.java:133)
	at com.jayway.restassured.internal.ResponseSpecificationImpl.put(ResponseSpecificationImpl.groovy:297)
	at com.jayway.restassured.internal.ResponseSpecificationImpl.put(ResponseSpecificationImpl.groovy)
	at org.w3.ldp.testsuite.test.CommonResourceTest.testPutRequiresIfMatch(CommonResourceTest.java:270)
	at sun.reflect.NativeMethodAccessorImpl.invoke0(Native Method)
	at sun.reflect.NativeMethodAccessorImpl.invoke(NativeMethodAccessorImpl.java:57)
	at sun.reflect.DelegatingMethodAccessorImpl.invoke(DelegatingMethodAccessorImpl.java:43)
	at java.lang.reflect.Method.invoke(Method.java:601)
	at org.testng.internal.MethodInvocationHelper.invokeMethod(MethodInvocationHelper.java:84)
	at org.testng.internal.Invoker.invokeMethod(Invoker.java:714)
	at org.testng.internal.Invoker.invokeTestMethod(Invoker.java:901)
	at org.testng.internal.Invoker.invokeTestMethods(Invoker.java:1231)
	at org.testng.internal.TestMethodWorker.invokeTestMethods(TestMethodWorker.java:127)
	at org.testng.internal.TestMethodWorker.run(TestMethodWorker.java:111)
	at org.testng.TestRunner.privateRun(TestRunner.java:767)
	at org.testng.TestRunner.run(TestRunner.java:617)
	at org.testng.SuiteRunner.runTest(SuiteRunner.java:348)
	at org.testng.SuiteRunner.runSequentially(SuiteRunner.java:343)
	at org.testng.SuiteRunner.privateRun(SuiteRunner.java:305)
	at org.testng.SuiteRunner.run(SuiteRunner.java:254)
	at org.testng.SuiteRunnerWorker.runSuite(SuiteRunnerWorker.java:52)
	at org.testng.SuiteRunnerWorker.run(SuiteRunnerWorker.java:86)
	at org.testng.TestNG.runSuitesSequentially(TestNG.java:1224)
	at org.testng.TestNG.runSuitesLocally(TestNG.java:1149)
	at org.testng.TestNG.run(TestNG.java:1057)
	at org.w3.ldp.testsuite.LdpTestSuite.run(LdpTestSuite.java:379)
	at org.w3.ldp.testsuite.LdpTestSuite.executeTestSuite(LdpTestSuite.java:415)
	at org.w3.ldp.testsuite.LdpTestSuite.executeTestSuite(LdpTestSuite.java:407)
	at org.w3.ldp.testsuite.RunLdpTestSuite.main(RunLdpTestSuite.java:26)
]]>
    </error>
  </testcase> <!-- testPutRequiresIfMatch -->
  <testcase name="testPublishConstraintsReadOnlyProp" time="0.000" classname="org.w3.ldp.testsuite.test.MemberResourceTest">
    <failure type="org.w3.ldp.testsuite.exception.SkipException" message="Skipping test because we have no read-only properties to PUT. Server-managed properties are specified using the &quot;read-only-prop&quot; command-line parameter.">
      <![CDATA[org.w3.ldp.testsuite.exception.SkipException: Skipping test because we have no read-only properties to PUT. Server-managed properties are specified using the "read-only-prop" command-line parameter.
	at org.w3.ldp.testsuite.test.RdfSourceTest.testPublishConstraintsReadOnlyProp(RdfSourceTest.java:357)
	at sun.reflect.NativeMethodAccessorImpl.invoke0(Native Method)
	at sun.reflect.NativeMethodAccessorImpl.invoke(NativeMethodAccessorImpl.java:57)
	at sun.reflect.DelegatingMethodAccessorImpl.invoke(DelegatingMethodAccessorImpl.java:43)
	at java.lang.reflect.Method.invoke(Method.java:601)
	at org.testng.internal.MethodInvocationHelper.invokeMethod(MethodInvocationHelper.java:84)
	at org.testng.internal.Invoker.invokeMethod(Invoker.java:714)
	at org.testng.internal.Invoker.invokeTestMethod(Invoker.java:901)
	at org.testng.internal.Invoker.invokeTestMethods(Invoker.java:1231)
	at org.testng.internal.TestMethodWorker.invokeTestMethods(TestMethodWorker.java:127)
	at org.testng.internal.TestMethodWorker.run(TestMethodWorker.java:111)
	at org.testng.TestRunner.privateRun(TestRunner.java:767)
	at org.testng.TestRunner.run(TestRunner.java:617)
	at org.testng.SuiteRunner.runTest(SuiteRunner.java:348)
	at org.testng.SuiteRunner.runSequentially(SuiteRunner.java:343)
	at org.testng.SuiteRunner.privateRun(SuiteRunner.java:305)
	at org.testng.SuiteRunner.run(SuiteRunner.java:254)
	at org.testng.SuiteRunnerWorker.runSuite(SuiteRunnerWorker.java:52)
	at org.testng.SuiteRunnerWorker.run(SuiteRunnerWorker.java:86)
	at org.testng.TestNG.runSuitesSequentially(TestNG.java:1224)
	at org.testng.TestNG.runSuitesLocally(TestNG.java:1149)
	at org.testng.TestNG.run(TestNG.java:1057)
	at org.w3.ldp.testsuite.LdpTestSuite.run(LdpTestSuite.java:379)
	at org.w3.ldp.testsuite.LdpTestSuite.executeTestSuite(LdpTestSuite.java:415)
	at org.w3.ldp.testsuite.LdpTestSuite.executeTestSuite(LdpTestSuite.java:407)
	at org.w3.ldp.testsuite.RunLdpTestSuite.main(RunLdpTestSuite.java:26)
]]>
    </failure>
  </testcase> <!-- testPublishConstraintsReadOnlyProp -->
  <testcase name="testReUseVocabularies" time="0.000" classname="org.w3.ldp.testsuite.test.MemberResourceTest">
    <failure type="org.w3.ldp.testsuite.exception.SkipNotTestableException" message="This requirement or recommendation must be tested manually. It is difficult or impossible to write automated tests for and is not part of the testsuite.">
      <![CDATA[org.w3.ldp.testsuite.exception.SkipNotTestableException: This requirement or recommendation must be tested manually. It is difficult or impossible to write automated tests for and is not part of the testsuite.
	at org.w3.ldp.testsuite.test.RdfSourceTest.testReUseVocabularies(RdfSourceTest.java:231)
	at sun.reflect.NativeMethodAccessorImpl.invoke0(Native Method)
	at sun.reflect.NativeMethodAccessorImpl.invoke(NativeMethodAccessorImpl.java:57)
	at sun.reflect.DelegatingMethodAccessorImpl.invoke(DelegatingMethodAccessorImpl.java:43)
	at java.lang.reflect.Method.invoke(Method.java:601)
	at org.testng.internal.MethodInvocationHelper.invokeMethod(MethodInvocationHelper.java:84)
	at org.testng.internal.Invoker.invokeMethod(Invoker.java:714)
	at org.testng.internal.Invoker.invokeTestMethod(Invoker.java:901)
	at org.testng.internal.Invoker.invokeTestMethods(Invoker.java:1231)
	at org.testng.internal.TestMethodWorker.invokeTestMethods(TestMethodWorker.java:127)
	at org.testng.internal.TestMethodWorker.run(TestMethodWorker.java:111)
	at org.testng.TestRunner.privateRun(TestRunner.java:767)
	at org.testng.TestRunner.run(TestRunner.java:617)
	at org.testng.SuiteRunner.runTest(SuiteRunner.java:348)
	at org.testng.SuiteRunner.runSequentially(SuiteRunner.java:343)
	at org.testng.SuiteRunner.privateRun(SuiteRunner.java:305)
	at org.testng.SuiteRunner.run(SuiteRunner.java:254)
	at org.testng.SuiteRunnerWorker.runSuite(SuiteRunnerWorker.java:52)
	at org.testng.SuiteRunnerWorker.run(SuiteRunnerWorker.java:86)
	at org.testng.TestNG.runSuitesSequentially(TestNG.java:1224)
	at org.testng.TestNG.runSuitesLocally(TestNG.java:1149)
	at org.testng.TestNG.run(TestNG.java:1057)
	at org.w3.ldp.testsuite.LdpTestSuite.run(LdpTestSuite.java:379)
	at org.w3.ldp.testsuite.LdpTestSuite.executeTestSuite(LdpTestSuite.java:415)
	at org.w3.ldp.testsuite.LdpTestSuite.executeTestSuite(LdpTestSuite.java:407)
	at org.w3.ldp.testsuite.RunLdpTestSuite.main(RunLdpTestSuite.java:26)
]]>
    </failure>
  </testcase> <!-- testReUseVocabularies -->
  <testcase name="testETagHeadersGet" time="0.010" classname="org.w3.ldp.testsuite.test.MemberResourceTest"/>
  <testcase name="test4xxErrorHasResponseBody" time="0.000" classname="org.w3.ldp.testsuite.test.MemberResourceTest">
    <failure type="org.w3.ldp.testsuite.exception.SkipException" message="Skipping test because we have no read-only properties to PUT. Server-managed properties are specified using the &quot;read-only-prop&quot; command-line parameter.">
      <![CDATA[org.w3.ldp.testsuite.exception.SkipException: Skipping test because we have no read-only properties to PUT. Server-managed properties are specified using the "read-only-prop" command-line parameter.
	at org.w3.ldp.testsuite.test.RdfSourceTest.test4xxErrorHasResponseBody(RdfSourceTest.java:423)
	at sun.reflect.NativeMethodAccessorImpl.invoke0(Native Method)
	at sun.reflect.NativeMethodAccessorImpl.invoke(NativeMethodAccessorImpl.java:57)
	at sun.reflect.DelegatingMethodAccessorImpl.invoke(DelegatingMethodAccessorImpl.java:43)
	at java.lang.reflect.Method.invoke(Method.java:601)
	at org.testng.internal.MethodInvocationHelper.invokeMethod(MethodInvocationHelper.java:84)
	at org.testng.internal.Invoker.invokeMethod(Invoker.java:714)
	at org.testng.internal.Invoker.invokeTestMethod(Invoker.java:901)
	at org.testng.internal.Invoker.invokeTestMethods(Invoker.java:1231)
	at org.testng.internal.TestMethodWorker.invokeTestMethods(TestMethodWorker.java:127)
	at org.testng.internal.TestMethodWorker.run(TestMethodWorker.java:111)
	at org.testng.TestRunner.privateRun(TestRunner.java:767)
	at org.testng.TestRunner.run(TestRunner.java:617)
	at org.testng.SuiteRunner.runTest(SuiteRunner.java:348)
	at org.testng.SuiteRunner.runSequentially(SuiteRunner.java:343)
	at org.testng.SuiteRunner.privateRun(SuiteRunner.java:305)
	at org.testng.SuiteRunner.run(SuiteRunner.java:254)
	at org.testng.SuiteRunnerWorker.runSuite(SuiteRunnerWorker.java:52)
	at org.testng.SuiteRunnerWorker.run(SuiteRunnerWorker.java:86)
	at org.testng.TestNG.runSuitesSequentially(TestNG.java:1224)
	at org.testng.TestNG.runSuitesLocally(TestNG.java:1149)
	at org.testng.TestNG.run(TestNG.java:1057)
	at org.w3.ldp.testsuite.LdpTestSuite.run(LdpTestSuite.java:379)
	at org.w3.ldp.testsuite.LdpTestSuite.executeTestSuite(LdpTestSuite.java:415)
	at org.w3.ldp.testsuite.LdpTestSuite.executeTestSuite(LdpTestSuite.java:407)
	at org.w3.ldp.testsuite.RunLdpTestSuite.main(RunLdpTestSuite.java:26)
]]>
    </failure>
  </testcase> <!-- test4xxErrorHasResponseBody -->
  <testcase name="testPutReplacesResource" time="0.033" classname="org.w3.ldp.testsuite.test.MemberResourceTest"/>
  <testcase name="testContainsRdfType" time="0.011" classname="org.w3.ldp.testsuite.test.MemberResourceTest"/>
  <testcase name="testGetResourceAsTurtleNoAccept" time="0.011" classname="org.w3.ldp.testsuite.test.MemberResourceTest"/>
  <testcase name="testGetResourceAcceptTurtle" time="0.022" classname="org.w3.ldp.testsuite.test.MemberResourceTest"/>
  <testcase name="testOptions" time="0.009" classname="org.w3.ldp.testsuite.test.MemberResourceTest"/>
  <testcase name="testGetResource" time="0.011" classname="org.w3.ldp.testsuite.test.MemberResourceTest"/>
  <testcase name="testPutPropertiesNotPersisted" time="0.023" classname="org.w3.ldp.testsuite.test.MemberResourceTest">
    <failure type="org.w3.ldp.testsuite.exception.SkipException" message="Skipping test because PUT request was successful.">
      <![CDATA[org.w3.ldp.testsuite.exception.SkipException: Skipping test because PUT request was successful.
	at org.w3.ldp.testsuite.test.RdfSourceTest.expectPut4xxStatus(RdfSourceTest.java:532)
	at org.w3.ldp.testsuite.test.RdfSourceTest.testPutPropertiesNotPersisted(RdfSourceTest.java:444)
	at sun.reflect.NativeMethodAccessorImpl.invoke0(Native Method)
	at sun.reflect.NativeMethodAccessorImpl.invoke(NativeMethodAccessorImpl.java:57)
	at sun.reflect.DelegatingMethodAccessorImpl.invoke(DelegatingMethodAccessorImpl.java:43)
	at java.lang.reflect.Method.invoke(Method.java:601)
	at org.testng.internal.MethodInvocationHelper.invokeMethod(MethodInvocationHelper.java:84)
	at org.testng.internal.Invoker.invokeMethod(Invoker.java:714)
	at org.testng.internal.Invoker.invokeTestMethod(Invoker.java:901)
	at org.testng.internal.Invoker.invokeTestMethods(Invoker.java:1231)
	at org.testng.internal.TestMethodWorker.invokeTestMethods(TestMethodWorker.java:127)
	at org.testng.internal.TestMethodWorker.run(TestMethodWorker.java:111)
	at org.testng.TestRunner.privateRun(TestRunner.java:767)
	at org.testng.TestRunner.run(TestRunner.java:617)
	at org.testng.SuiteRunner.runTest(SuiteRunner.java:348)
	at org.testng.SuiteRunner.runSequentially(SuiteRunner.java:343)
	at org.testng.SuiteRunner.privateRun(SuiteRunner.java:305)
	at org.testng.SuiteRunner.run(SuiteRunner.java:254)
	at org.testng.SuiteRunnerWorker.runSuite(SuiteRunnerWorker.java:52)
	at org.testng.SuiteRunnerWorker.run(SuiteRunnerWorker.java:86)
	at org.testng.TestNG.runSuitesSequentially(TestNG.java:1224)
	at org.testng.TestNG.runSuitesLocally(TestNG.java:1149)
	at org.testng.TestNG.run(TestNG.java:1057)
	at org.w3.ldp.testsuite.LdpTestSuite.run(LdpTestSuite.java:379)
	at org.w3.ldp.testsuite.LdpTestSuite.executeTestSuite(LdpTestSuite.java:415)
	at org.w3.ldp.testsuite.LdpTestSuite.executeTestSuite(LdpTestSuite.java:407)
	at org.w3.ldp.testsuite.RunLdpTestSuite.main(RunLdpTestSuite.java:26)
]]>
    </failure>
  </testcase> <!-- testPutPropertiesNotPersisted -->
  <testcase name="testIsHttp11Manual" time="0.000" classname="org.w3.ldp.testsuite.test.MemberResourceTest">
    <failure type="org.w3.ldp.testsuite.exception.SkipNotTestableException" message="This requirement or recommendation must be tested manually. It is difficult or impossible to write automated tests for and is not part of the testsuite.">
      <![CDATA[org.w3.ldp.testsuite.exception.SkipNotTestableException: This requirement or recommendation must be tested manually. It is difficult or impossible to write automated tests for and is not part of the testsuite.
	at org.w3.ldp.testsuite.test.CommonResourceTest.testIsHttp11Manual(CommonResourceTest.java:130)
	at sun.reflect.NativeMethodAccessorImpl.invoke0(Native Method)
	at sun.reflect.NativeMethodAccessorImpl.invoke(NativeMethodAccessorImpl.java:57)
	at sun.reflect.DelegatingMethodAccessorImpl.invoke(DelegatingMethodAccessorImpl.java:43)
	at java.lang.reflect.Method.invoke(Method.java:601)
	at org.testng.internal.MethodInvocationHelper.invokeMethod(MethodInvocationHelper.java:84)
	at org.testng.internal.Invoker.invokeMethod(Invoker.java:714)
	at org.testng.internal.Invoker.invokeTestMethod(Invoker.java:901)
	at org.testng.internal.Invoker.invokeTestMethods(Invoker.java:1231)
	at org.testng.internal.TestMethodWorker.invokeTestMethods(TestMethodWorker.java:127)
	at org.testng.internal.TestMethodWorker.run(TestMethodWorker.java:111)
	at org.testng.TestRunner.privateRun(TestRunner.java:767)
	at org.testng.TestRunner.run(TestRunner.java:617)
	at org.testng.SuiteRunner.runTest(SuiteRunner.java:348)
	at org.testng.SuiteRunner.runSequentially(SuiteRunner.java:343)
	at org.testng.SuiteRunner.privateRun(SuiteRunner.java:305)
	at org.testng.SuiteRunner.run(SuiteRunner.java:254)
	at org.testng.SuiteRunnerWorker.runSuite(SuiteRunnerWorker.java:52)
	at org.testng.SuiteRunnerWorker.run(SuiteRunnerWorker.java:86)
	at org.testng.TestNG.runSuitesSequentially(TestNG.java:1224)
	at org.testng.TestNG.runSuitesLocally(TestNG.java:1149)
	at org.testng.TestNG.run(TestNG.java:1057)
	at org.w3.ldp.testsuite.LdpTestSuite.run(LdpTestSuite.java:379)
	at org.w3.ldp.testsuite.LdpTestSuite.executeTestSuite(LdpTestSuite.java:415)
	at org.w3.ldp.testsuite.LdpTestSuite.executeTestSuite(LdpTestSuite.java:407)
	at org.w3.ldp.testsuite.RunLdpTestSuite.main(RunLdpTestSuite.java:26)
]]>
    </failure>
  </testcase> <!-- testIsHttp11Manual -->
  <testcase name="testConformsRdfSourceLdpResource" time="0.001" classname="org.w3.ldp.testsuite.test.MemberResourceTest">
    <failure type="org.testng.SkipException" message="Covered indirectly by the MUST tests defined in CommonResourceTest class">
      <![CDATA[org.testng.SkipException: Covered indirectly by the MUST tests defined in CommonResourceTest class
	at org.w3.ldp.testsuite.test.RdfSourceTest.testConformsRdfSourceLdpResource(RdfSourceTest.java:477)
	at sun.reflect.NativeMethodAccessorImpl.invoke0(Native Method)
	at sun.reflect.NativeMethodAccessorImpl.invoke(NativeMethodAccessorImpl.java:57)
	at sun.reflect.DelegatingMethodAccessorImpl.invoke(DelegatingMethodAccessorImpl.java:43)
	at java.lang.reflect.Method.invoke(Method.java:601)
	at org.testng.internal.MethodInvocationHelper.invokeMethod(MethodInvocationHelper.java:84)
	at org.testng.internal.Invoker.invokeMethod(Invoker.java:714)
	at org.testng.internal.Invoker.invokeTestMethod(Invoker.java:901)
	at org.testng.internal.Invoker.invokeTestMethods(Invoker.java:1231)
	at org.testng.internal.TestMethodWorker.invokeTestMethods(TestMethodWorker.java:127)
	at org.testng.internal.TestMethodWorker.run(TestMethodWorker.java:111)
	at org.testng.TestRunner.privateRun(TestRunner.java:767)
	at org.testng.TestRunner.run(TestRunner.java:617)
	at org.testng.SuiteRunner.runTest(SuiteRunner.java:348)
	at org.testng.SuiteRunner.runSequentially(SuiteRunner.java:343)
	at org.testng.SuiteRunner.privateRun(SuiteRunner.java:305)
	at org.testng.SuiteRunner.run(SuiteRunner.java:254)
	at org.testng.SuiteRunnerWorker.runSuite(SuiteRunnerWorker.java:52)
	at org.testng.SuiteRunnerWorker.run(SuiteRunnerWorker.java:86)
	at org.testng.TestNG.runSuitesSequentially(TestNG.java:1224)
	at org.testng.TestNG.runSuitesLocally(TestNG.java:1149)
	at org.testng.TestNG.run(TestNG.java:1057)
	at org.w3.ldp.testsuite.LdpTestSuite.run(LdpTestSuite.java:379)
	at org.w3.ldp.testsuite.LdpTestSuite.executeTestSuite(LdpTestSuite.java:415)
	at org.w3.ldp.testsuite.LdpTestSuite.executeTestSuite(LdpTestSuite.java:407)
	at org.w3.ldp.testsuite.RunLdpTestSuite.main(RunLdpTestSuite.java:26)
]]>
    </failure>
  </testcase> <!-- testConformsRdfSourceLdpResource -->
  <testcase name="testOptionsAllowHeader" time="0.009" classname="org.w3.ldp.testsuite.test.MemberResourceTest"/>
  <testcase name="testTypeRdfSource" time="0.011" classname="org.w3.ldp.testsuite.test.MemberResourceTest"/>
  <testcase name="testPutBadETag" time="0.020" classname="org.w3.ldp.testsuite.test.MemberResourceTest"/>
  <testcase name="testETagHeadersHead" time="0.009" classname="org.w3.ldp.testsuite.test.MemberResourceTest"/>
  <testcase name="testLdpLinkHeader" time="0.010" classname="org.w3.ldp.testsuite.test.MemberResourceTest"/>
  <testcase name="testPutReadOnlyProperties4xxStatus" time="0.000" classname="org.w3.ldp.testsuite.test.MemberResourceTest">
    <failure type="org.w3.ldp.testsuite.exception.SkipException" message="Skipping test because we have no read-only properties to PUT. Server-managed properties are specified using the &quot;read-only-prop&quot; command-line parameter.">
      <![CDATA[org.w3.ldp.testsuite.exception.SkipException: Skipping test because we have no read-only properties to PUT. Server-managed properties are specified using the "read-only-prop" command-line parameter.
	at org.w3.ldp.testsuite.test.RdfSourceTest.testPutReadOnlyProperties4xxStatus(RdfSourceTest.java:400)
	at sun.reflect.NativeMethodAccessorImpl.invoke0(Native Method)
	at sun.reflect.NativeMethodAccessorImpl.invoke(NativeMethodAccessorImpl.java:57)
	at sun.reflect.DelegatingMethodAccessorImpl.invoke(DelegatingMethodAccessorImpl.java:43)
	at java.lang.reflect.Method.invoke(Method.java:601)
	at org.testng.internal.MethodInvocationHelper.invokeMethod(MethodInvocationHelper.java:84)
	at org.testng.internal.Invoker.invokeMethod(Invoker.java:714)
	at org.testng.internal.Invoker.invokeTestMethod(Invoker.java:901)
	at org.testng.internal.Invoker.invokeTestMethods(Invoker.java:1231)
	at org.testng.internal.TestMethodWorker.invokeTestMethods(TestMethodWorker.java:127)
	at org.testng.internal.TestMethodWorker.run(TestMethodWorker.java:111)
	at org.testng.TestRunner.privateRun(TestRunner.java:767)
	at org.testng.TestRunner.run(TestRunner.java:617)
	at org.testng.SuiteRunner.runTest(SuiteRunner.java:348)
	at org.testng.SuiteRunner.runSequentially(SuiteRunner.java:343)
	at org.testng.SuiteRunner.privateRun(SuiteRunner.java:305)
	at org.testng.SuiteRunner.run(SuiteRunner.java:254)
	at org.testng.SuiteRunnerWorker.runSuite(SuiteRunnerWorker.java:52)
	at org.testng.SuiteRunnerWorker.run(SuiteRunnerWorker.java:86)
	at org.testng.TestNG.runSuitesSequentially(TestNG.java:1224)
	at org.testng.TestNG.runSuitesLocally(TestNG.java:1149)
	at org.testng.TestNG.run(TestNG.java:1057)
	at org.w3.ldp.testsuite.LdpTestSuite.run(LdpTestSuite.java:379)
	at org.w3.ldp.testsuite.LdpTestSuite.executeTestSuite(LdpTestSuite.java:415)
	at org.w3.ldp.testsuite.LdpTestSuite.executeTestSuite(LdpTestSuite.java:407)
	at org.w3.ldp.testsuite.RunLdpTestSuite.main(RunLdpTestSuite.java:26)
]]>
    </failure>
  </testcase> <!-- testPutReadOnlyProperties4xxStatus -->
  <testcase name="testRestrictClientInference" time="0.000" classname="org.w3.ldp.testsuite.test.MemberResourceTest">
    <failure type="org.w3.ldp.testsuite.exception.SkipNotTestableException" message="This requirement or recommendation must be tested manually. It is difficult or impossible to write automated tests for and is not part of the testsuite.">
      <![CDATA[org.w3.ldp.testsuite.exception.SkipNotTestableException: This requirement or recommendation must be tested manually. It is difficult or impossible to write automated tests for and is not part of the testsuite.
	at org.w3.ldp.testsuite.test.RdfSourceTest.testRestrictClientInference(RdfSourceTest.java:276)
	at sun.reflect.NativeMethodAccessorImpl.invoke0(Native Method)
	at sun.reflect.NativeMethodAccessorImpl.invoke(NativeMethodAccessorImpl.java:57)
	at sun.reflect.DelegatingMethodAccessorImpl.invoke(DelegatingMethodAccessorImpl.java:43)
	at java.lang.reflect.Method.invoke(Method.java:601)
	at org.testng.internal.MethodInvocationHelper.invokeMethod(MethodInvocationHelper.java:84)
	at org.testng.internal.Invoker.invokeMethod(Invoker.java:714)
	at org.testng.internal.Invoker.invokeTestMethod(Invoker.java:901)
	at org.testng.internal.Invoker.invokeTestMethods(Invoker.java:1231)
	at org.testng.internal.TestMethodWorker.invokeTestMethods(TestMethodWorker.java:127)
	at org.testng.internal.TestMethodWorker.run(TestMethodWorker.java:111)
	at org.testng.TestRunner.privateRun(TestRunner.java:767)
	at org.testng.TestRunner.run(TestRunner.java:617)
	at org.testng.SuiteRunner.runTest(SuiteRunner.java:348)
	at org.testng.SuiteRunner.runSequentially(SuiteRunner.java:343)
	at org.testng.SuiteRunner.privateRun(SuiteRunner.java:305)
	at org.testng.SuiteRunner.run(SuiteRunner.java:254)
	at org.testng.SuiteRunnerWorker.runSuite(SuiteRunnerWorker.java:52)
	at org.testng.SuiteRunnerWorker.run(SuiteRunnerWorker.java:86)
	at org.testng.TestNG.runSuitesSequentially(TestNG.java:1224)
	at org.testng.TestNG.runSuitesLocally(TestNG.java:1149)
	at org.testng.TestNG.run(TestNG.java:1057)
	at org.w3.ldp.testsuite.LdpTestSuite.run(LdpTestSuite.java:379)
	at org.w3.ldp.testsuite.LdpTestSuite.executeTestSuite(LdpTestSuite.java:415)
	at org.w3.ldp.testsuite.LdpTestSuite.executeTestSuite(LdpTestSuite.java:407)
	at org.w3.ldp.testsuite.RunLdpTestSuite.main(RunLdpTestSuite.java:26)
]]>
    </failure>
  </testcase> <!-- testRestrictClientInference -->
  <testcase name="testResponsePropertiesNotPersisted" time="0.024" classname="org.w3.ldp.testsuite.test.MemberResourceTest">
    <failure type="org.w3.ldp.testsuite.exception.SkipException" message="Skipping test because PUT request was successful.">
      <![CDATA[org.w3.ldp.testsuite.exception.SkipException: Skipping test because PUT request was successful.
	at org.w3.ldp.testsuite.test.RdfSourceTest.expectPut4xxStatus(RdfSourceTest.java:532)
	at org.w3.ldp.testsuite.test.RdfSourceTest.expectPut4xxResponseBody(RdfSourceTest.java:542)
	at org.w3.ldp.testsuite.test.RdfSourceTest.testResponsePropertiesNotPersisted(RdfSourceTest.java:462)
	at sun.reflect.NativeMethodAccessorImpl.invoke0(Native Method)
	at sun.reflect.NativeMethodAccessorImpl.invoke(NativeMethodAccessorImpl.java:57)
	at sun.reflect.DelegatingMethodAccessorImpl.invoke(DelegatingMethodAccessorImpl.java:43)
	at java.lang.reflect.Method.invoke(Method.java:601)
	at org.testng.internal.MethodInvocationHelper.invokeMethod(MethodInvocationHelper.java:84)
	at org.testng.internal.Invoker.invokeMethod(Invoker.java:714)
	at org.testng.internal.Invoker.invokeTestMethod(Invoker.java:901)
	at org.testng.internal.Invoker.invokeTestMethods(Invoker.java:1231)
	at org.testng.internal.TestMethodWorker.invokeTestMethods(TestMethodWorker.java:127)
	at org.testng.internal.TestMethodWorker.run(TestMethodWorker.java:111)
	at org.testng.TestRunner.privateRun(TestRunner.java:767)
	at org.testng.TestRunner.run(TestRunner.java:617)
	at org.testng.SuiteRunner.runTest(SuiteRunner.java:348)
	at org.testng.SuiteRunner.runSequentially(SuiteRunner.java:343)
	at org.testng.SuiteRunner.privateRun(SuiteRunner.java:305)
	at org.testng.SuiteRunner.run(SuiteRunner.java:254)
	at org.testng.SuiteRunnerWorker.runSuite(SuiteRunnerWorker.java:52)
	at org.testng.SuiteRunnerWorker.run(SuiteRunnerWorker.java:86)
	at org.testng.TestNG.runSuitesSequentially(TestNG.java:1224)
	at org.testng.TestNG.runSuitesLocally(TestNG.java:1149)
	at org.testng.TestNG.run(TestNG.java:1057)
	at org.w3.ldp.testsuite.LdpTestSuite.run(LdpTestSuite.java:379)
	at org.w3.ldp.testsuite.LdpTestSuite.executeTestSuite(LdpTestSuite.java:415)
	at org.w3.ldp.testsuite.LdpTestSuite.executeTestSuite(LdpTestSuite.java:407)
	at org.w3.ldp.testsuite.RunLdpTestSuite.main(RunLdpTestSuite.java:26)
]]>
    </failure>
  </testcase> <!-- testResponsePropertiesNotPersisted -->
  <testcase name="testAcceptPatchHeader" time="0.009" classname="org.w3.ldp.testsuite.test.MemberResourceTest"/>
</testsuite> <!-- org.w3.ldp.testsuite.test.MemberResourceTest -->
