<html>
<head>
<title>TestNG:  W3C Linked Data Platform Tests</title>
<link href="../testng.css" rel="stylesheet" type="text/css" />
<link href="../my-testng.css" rel="stylesheet" type="text/css" />

<style type="text/css">
.log { display: none;} 
.stack-trace { display: none;} 
</style>
<script type="text/javascript">
<!--
function flip(e) {
  current = e.style.display;
  if (current == 'block') {
    e.style.display = 'none';
    return 0;
  }
  else {
    e.style.display = 'block';
    return 1;
  }
}

function toggleBox(szDivId, elem, msg1, msg2)
{
  var res = -1;  if (document.getElementById) {
    res = flip(document.getElementById(szDivId));
  }
  else if (document.all) {
    // this is the way old msie versions work
    res = flip(document.all[szDivId]);
  }
  if(elem) {
    if(res == 0) elem.innerHTML = msg1; else elem.innerHTML = msg2;
  }

}

function toggleAllBoxes() {
  if (document.getElementsByTagName) {
    d = document.getElementsByTagName('div');
    for (i = 0; i < d.length; i++) {
      if (d[i].className == 'log') {
        flip(d[i]);
      }
    }
  }
}

// -->
</script>

</head>
<body>
<h2 align='center'>W3C Linked Data Platform Tests</h2><table border='1' align="center">
<tr>
<td>Tests passed/Failed/Skipped:</td><td>53/7/53</td>
</tr><tr>
<td>Started on:</td><td>Fri Mar 03 15:31:50 PST 2017</td>
</tr>
<tr><td>Total time:</td><td>3 seconds (3564 ms)</td>
</tr><tr>
<td>Included groups:</td><td>MAY ldpMember MUST SHOULD </td>
</tr><tr>
<td>Excluded groups:</td><td></td>
</tr>
</table><p/>
<small><i>(Hover the method name to see the test class name)</i></small><p/>
<table width='100%' border='1' class='invocation-skipped'>
<tr><td colspan='4' align='center'><b>SKIPPED CONFIGURATIONS</b></td></tr>
<tr><td><b>Test method</b></td>
<td width="30%"><b>Exception</b></td>
<td width="10%"><b>Time (seconds)</b></td>
<td><b>Instance</b></td>
</tr>
<tr>
<td title='org.w3.ldp.testsuite.test.NonRDFSourceTest.determineOptions()'><b>determineOptions</b><br>Test class: org.w3.ldp.testsuite.test.NonRDFSourceTest</td>
<td><div><pre>org.w3.ldp.testsuite.exception.SkipException: Skipping test because test resource is null.
	at org.w3.ldp.testsuite.test.NonRDFSourceTest.getResourceUri(NonRDFSourceTest.java:100)
	at org.w3.ldp.testsuite.test.CommonResourceTest.determineOptions(CommonResourceTest.java:56)
	at org.w3.ldp.testsuite.LdpTestSuite.run(LdpTestSuite.java:379)
	at org.w3.ldp.testsuite.LdpTestSuite.executeTestSuite(LdpTestSuite.java:415)
	at org.w3.ldp.testsuite.LdpTestSuite.executeTestSuite(LdpTestSuite.java:407)
	at org.w3.ldp.testsuite.RunLdpTestSuite.main(RunLdpTestSuite.java:26)
... Removed 21 stack frames</pre></div><a href='#' onClick='toggleBox("stack-trace1465126864", this, "Click to show all stack frames", "Click to hide stack frames")'>Click to show all stack frames</a>
<div class='stack-trace' id='stack-trace1465126864'><pre>org.w3.ldp.testsuite.exception.SkipException: Skipping test because test resource is null.
	at org.w3.ldp.testsuite.test.NonRDFSourceTest.getResourceUri(NonRDFSourceTest.java:100)
	at org.w3.ldp.testsuite.test.CommonResourceTest.determineOptions(CommonResourceTest.java:56)
	at sun.reflect.NativeMethodAccessorImpl.invoke0(Native Method)
	at sun.reflect.NativeMethodAccessorImpl.invoke(NativeMethodAccessorImpl.java:62)
	at sun.reflect.DelegatingMethodAccessorImpl.invoke(DelegatingMethodAccessorImpl.java:43)
	at java.lang.reflect.Method.invoke(Method.java:498)
	at org.testng.internal.MethodInvocationHelper.invokeMethod(MethodInvocationHelper.java:84)
	at org.testng.internal.Invoker.invokeConfigurationMethod(Invoker.java:564)
	at org.testng.internal.Invoker.invokeConfigurations(Invoker.java:213)
	at org.testng.internal.Invoker.invokeConfigurations(Invoker.java:138)
	at org.testng.internal.TestMethodWorker.invokeBeforeClassMethods(TestMethodWorker.java:175)
	at org.testng.internal.TestMethodWorker.run(TestMethodWorker.java:107)
	at org.testng.TestRunner.privateRun(TestRunner.java:767)
	at org.testng.TestRunner.run(TestRunner.java:617)
	at org.testng.SuiteRunner.runTest(SuiteRunner.java:348)
	at org.testng.SuiteRunner.runSequentially(SuiteRunner.java:343)
	at org.testng.SuiteRunner.privateRun(SuiteRunner.java:305)
	at org.testng.SuiteRunner.run(SuiteRunner.java:254)
	at org.testng.SuiteRunnerWorker.runSuite(SuiteRunnerWorker.java:52)
	at org.testng.SuiteRunnerWorker.run(SuiteRunnerWorker.java:86)
	at org.testng.TestNG.runSuitesSequentially(TestNG.java:1224)
	at org.testng.TestNG.runSuitesLocally(TestNG.java:1149)
	at org.testng.TestNG.run(TestNG.java:1057)
	at org.w3.ldp.testsuite.LdpTestSuite.run(LdpTestSuite.java:379)
	at org.w3.ldp.testsuite.LdpTestSuite.executeTestSuite(LdpTestSuite.java:415)
	at org.w3.ldp.testsuite.LdpTestSuite.executeTestSuite(LdpTestSuite.java:407)
	at org.w3.ldp.testsuite.RunLdpTestSuite.main(RunLdpTestSuite.java:26)
</pre></div></td>
<td>0</td>
<td>org.w3.ldp.testsuite.test.NonRDFSourceTest@1b40d5f0</td></tr>
</table><p>
<table width='100%' border='1' class='invocation-failed'>
<tr><td colspan='4' align='center'><b>FAILED TESTS</b></td></tr>
<tr><td><b>Test method</b></td>
<td width="30%"><b>Exception</b></td>
<td width="10%"><b>Time (seconds)</b></td>
<td><b>Instance</b></td>
</tr>
<tr>
<td title='org.w3.ldp.testsuite.test.IndirectContainerTest.testContainsRdfType()'><b>testContainsRdfType</b><br>Test class: org.w3.ldp.testsuite.test.IndirectContainerTest<br>Test method: LDP-RSs representations SHOULD have at least one rdf:type set explicitly. This makes the representations much more useful to client applications that don’t support inferencing.</td>
<td><div><pre>java.lang.AssertionError: LDP-RS representation has no explicit rdf:type expected [true] but found [false]
	at org.w3.ldp.testsuite.test.RdfSourceTest.testContainsRdfType(RdfSourceTest.java:194)
	at org.w3.ldp.testsuite.LdpTestSuite.run(LdpTestSuite.java:379)
	at org.w3.ldp.testsuite.LdpTestSuite.executeTestSuite(LdpTestSuite.java:415)
	at org.w3.ldp.testsuite.LdpTestSuite.executeTestSuite(LdpTestSuite.java:407)
	at org.w3.ldp.testsuite.RunLdpTestSuite.main(RunLdpTestSuite.java:26)
... Removed 24 stack frames</pre></div><a href='#' onClick='toggleBox("stack-trace488669101", this, "Click to show all stack frames", "Click to hide stack frames")'>Click to show all stack frames</a>
<div class='stack-trace' id='stack-trace488669101'><pre>java.lang.AssertionError: LDP-RS representation has no explicit rdf:type expected [true] but found [false]
	at org.testng.Assert.fail(Assert.java:94)
	at org.testng.Assert.failNotEquals(Assert.java:494)
	at org.testng.Assert.assertTrue(Assert.java:42)
	at org.w3.ldp.testsuite.test.RdfSourceTest.testContainsRdfType(RdfSourceTest.java:194)
	at sun.reflect.NativeMethodAccessorImpl.invoke0(Native Method)
	at sun.reflect.NativeMethodAccessorImpl.invoke(NativeMethodAccessorImpl.java:62)
	at sun.reflect.DelegatingMethodAccessorImpl.invoke(DelegatingMethodAccessorImpl.java:43)
	at java.lang.reflect.Method.invoke(Method.java:498)
	at org.testng.internal.MethodInvocationHelper.invokeMethod(MethodInvocationHelper.java:84)
	at org.testng.internal.Invoker.invokeMethod(Invoker.java:714)
	at org.testng.internal.Invoker.invokeTestMethod(Invoker.java:901)
	at org.testng.internal.Invoker.invokeTestMethods(Invoker.java:1231)
	at org.testng.internal.TestMethodWorker.invokeTestMethods(TestMethodWorker.java:127)
	at org.testng.internal.TestMethodWorker.run(TestMethodWorker.java:111)
	at org.testng.TestRunner.privateRun(TestRunner.java:767)
	at org.testng.TestRunner.run(TestRunner.java:617)
	at org.testng.SuiteRunner.runTest(SuiteRunner.java:348)
	at org.testng.SuiteRunner.runSequentially(SuiteRunner.java:343)
	at org.testng.SuiteRunner.privateRun(SuiteRunner.java:305)
	at org.testng.SuiteRunner.run(SuiteRunner.java:254)
	at org.testng.SuiteRunnerWorker.runSuite(SuiteRunnerWorker.java:52)
	at org.testng.SuiteRunnerWorker.run(SuiteRunnerWorker.java:86)
	at org.testng.TestNG.runSuitesSequentially(TestNG.java:1224)
	at org.testng.TestNG.runSuitesLocally(TestNG.java:1149)
	at org.testng.TestNG.run(TestNG.java:1057)
	at org.w3.ldp.testsuite.LdpTestSuite.run(LdpTestSuite.java:379)
	at org.w3.ldp.testsuite.LdpTestSuite.executeTestSuite(LdpTestSuite.java:415)
	at org.w3.ldp.testsuite.LdpTestSuite.executeTestSuite(LdpTestSuite.java:407)
	at org.w3.ldp.testsuite.RunLdpTestSuite.main(RunLdpTestSuite.java:26)
</pre></div></td>
<td>0</td>
<td>org.w3.ldp.testsuite.test.IndirectContainerTest@3c5a99da</td></tr>
<tr>
<td title='org.w3.ldp.testsuite.test.IndirectContainerTest.testPreferContainmentTriples()'><b>testPreferContainmentTriples</b><br>Test class: org.w3.ldp.testsuite.test.IndirectContainerTest<br>Test method: LDP servers SHOULD respect all of a client's LDP-defined hints, for example which subsets of LDP-defined state the client is interested in processing, to influence the set of triples returned in representations of an LDPC, particularly for large LDPCs. See also [LDP-PAGING].</td>
<td><div><pre>java.lang.AssertionError: Container has containment triples when minimal container was requested expected [false] but found [true]
	at org.w3.ldp.testsuite.test.CommonContainerTest.testPreferContainmentTriples(CommonContainerTest.java:198)
	at org.w3.ldp.testsuite.LdpTestSuite.run(LdpTestSuite.java:379)
	at org.w3.ldp.testsuite.LdpTestSuite.executeTestSuite(LdpTestSuite.java:415)
	at org.w3.ldp.testsuite.LdpTestSuite.executeTestSuite(LdpTestSuite.java:407)
	at org.w3.ldp.testsuite.RunLdpTestSuite.main(RunLdpTestSuite.java:26)
... Removed 24 stack frames</pre></div><a href='#' onClick='toggleBox("stack-trace1366499339", this, "Click to show all stack frames", "Click to hide stack frames")'>Click to show all stack frames</a>
<div class='stack-trace' id='stack-trace1366499339'><pre>java.lang.AssertionError: Container has containment triples when minimal container was requested expected [false] but found [true]
	at org.testng.Assert.fail(Assert.java:94)
	at org.testng.Assert.failNotEquals(Assert.java:494)
	at org.testng.Assert.assertFalse(Assert.java:63)
	at org.w3.ldp.testsuite.test.CommonContainerTest.testPreferContainmentTriples(CommonContainerTest.java:198)
	at sun.reflect.NativeMethodAccessorImpl.invoke0(Native Method)
	at sun.reflect.NativeMethodAccessorImpl.invoke(NativeMethodAccessorImpl.java:62)
	at sun.reflect.DelegatingMethodAccessorImpl.invoke(DelegatingMethodAccessorImpl.java:43)
	at java.lang.reflect.Method.invoke(Method.java:498)
	at org.testng.internal.MethodInvocationHelper.invokeMethod(MethodInvocationHelper.java:84)
	at org.testng.internal.Invoker.invokeMethod(Invoker.java:714)
	at org.testng.internal.Invoker.invokeTestMethod(Invoker.java:901)
	at org.testng.internal.Invoker.invokeTestMethods(Invoker.java:1231)
	at org.testng.internal.TestMethodWorker.invokeTestMethods(TestMethodWorker.java:127)
	at org.testng.internal.TestMethodWorker.run(TestMethodWorker.java:111)
	at org.testng.TestRunner.privateRun(TestRunner.java:767)
	at org.testng.TestRunner.run(TestRunner.java:617)
	at org.testng.SuiteRunner.runTest(SuiteRunner.java:348)
	at org.testng.SuiteRunner.runSequentially(SuiteRunner.java:343)
	at org.testng.SuiteRunner.privateRun(SuiteRunner.java:305)
	at org.testng.SuiteRunner.run(SuiteRunner.java:254)
	at org.testng.SuiteRunnerWorker.runSuite(SuiteRunnerWorker.java:52)
	at org.testng.SuiteRunnerWorker.run(SuiteRunnerWorker.java:86)
	at org.testng.TestNG.runSuitesSequentially(TestNG.java:1224)
	at org.testng.TestNG.runSuitesLocally(TestNG.java:1149)
	at org.testng.TestNG.run(TestNG.java:1057)
	at org.w3.ldp.testsuite.LdpTestSuite.run(LdpTestSuite.java:379)
	at org.w3.ldp.testsuite.LdpTestSuite.executeTestSuite(LdpTestSuite.java:415)
	at org.w3.ldp.testsuite.LdpTestSuite.executeTestSuite(LdpTestSuite.java:407)
	at org.w3.ldp.testsuite.RunLdpTestSuite.main(RunLdpTestSuite.java:26)
</pre></div></td>
<td>0</td>
<td>org.w3.ldp.testsuite.test.IndirectContainerTest@3c5a99da</td></tr>
<tr>
<td title='org.w3.ldp.testsuite.test.IndirectContainerTest.testPutRequiresIfMatch()'><b>testPutRequiresIfMatch</b><br>Test class: org.w3.ldp.testsuite.test.IndirectContainerTest<br>Test method: LDP clients SHOULD use the HTTP If-Match header and HTTP ETags to ensure it isn’t modifying a resource that has changed since the client last retrieved its representation. LDP servers SHOULD require the HTTP If-Match header and HTTP ETags to detect collisions.</td>
<td><div><pre>java.lang.AssertionError: 1 expectation failed.
Expected status code not between 200 and 209 doesn&apos;t match actual status code &lt;200&gt;.

	at org.codehaus.groovy.runtime.callsite.ConstructorSite$ConstructorSiteNoUnwrap.callConstructor(ConstructorSite.java:84)
	at org.codehaus.groovy.runtime.callsite.AbstractCallSite.callConstructor(AbstractCallSite.java:247)
	at com.jayway.restassured.internal.ResponseSpecificationImpl$HamcrestAssertionClosure.validate(ResponseSpecificationImpl.groovy:598)
	at com.jayway.restassured.internal.ResponseSpecificationImpl$HamcrestAssertionClosure$validate$1.call(Unknown Source)
	at com.jayway.restassured.internal.RequestSpecificationImpl.applyPathParamsAndSendRequest(RequestSpecificationImpl.groovy:1575)
	at groovy.lang.MetaMethod.doMethodInvoke(MetaMethod.java:325)
	at groovy.lang.MetaClassImpl.invokeMethod(MetaClassImpl.java:1210)
	at groovy.lang.MetaClassImpl.invokeMethod(MetaClassImpl.java:1019)
	at groovy.lang.MetaClassImpl.invokeMethod(MetaClassImpl.java:810)
	at com.jayway.restassured.internal.RequestSpecificationImpl.invokeMethod(RequestSpecificationImpl.groovy)
	at org.codehaus.groovy.runtime.callsite.PogoInterceptableSite.call(PogoInterceptableSite.java:48)
	at org.codehaus.groovy.runtime.callsite.PogoInterceptableSite.callCurrent(PogoInterceptableSite.java:58)
	at org.codehaus.groovy.runtime.callsite.AbstractCallSite.callCurrent(AbstractCallSite.java:182)
	at com.jayway.restassured.internal.RequestSpecificationImpl.put(RequestSpecificationImpl.groovy:167)
	at com.jayway.restassured.internal.RequestSpecificationImpl.put(RequestSpecificationImpl.groovy)
	at groovy.lang.MetaMethod.doMethodInvoke(MetaMethod.java:325)
	at groovy.lang.MetaClassImpl.invokeMethod(MetaClassImpl.java:1210)
	at groovy.lang.MetaClassImpl.invokeMethod(MetaClassImpl.java:1019)
	at groovy.lang.MetaClassImpl.invokeMethod(MetaClassImpl.java:810)
	at com.jayway.restassured.internal.RequestSpecificationImpl.invokeMethod(RequestSpecificationImpl.groovy)
	at org.codehaus.groovy.runtime.callsite.PogoInterceptableSite.call(PogoInterceptableSite.java:48)
	at org.codehaus.groovy.runtime.callsite.AbstractCallSite.call(AbstractCallSite.java:133)
	at com.jayway.restassured.internal.ResponseSpecificationImpl.put(ResponseSpecificationImpl.groovy:297)
	at com.jayway.restassured.internal.ResponseSpecificationImpl.put(ResponseSpecificationImpl.groovy)
	at org.w3.ldp.testsuite.test.CommonResourceTest.testPutRequiresIfMatch(CommonResourceTest.java:276)
	at org.w3.ldp.testsuite.LdpTestSuite.run(LdpTestSuite.java:379)
	at org.w3.ldp.testsuite.LdpTestSuite.executeTestSuite(LdpTestSuite.java:415)
	at org.w3.ldp.testsuite.LdpTestSuite.executeTestSuite(LdpTestSuite.java:407)
	at org.w3.ldp.testsuite.RunLdpTestSuite.main(RunLdpTestSuite.java:26)
... Removed 36 stack frames</pre></div><a href='#' onClick='toggleBox("stack-trace99042020", this, "Click to show all stack frames", "Click to hide stack frames")'>Click to show all stack frames</a>
<div class='stack-trace' id='stack-trace99042020'><pre>java.lang.AssertionError: 1 expectation failed.
Expected status code not between 200 and 209 doesn&apos;t match actual status code &lt;200&gt;.

	at sun.reflect.NativeConstructorAccessorImpl.newInstance0(Native Method)
	at sun.reflect.NativeConstructorAccessorImpl.newInstance(NativeConstructorAccessorImpl.java:62)
	at sun.reflect.DelegatingConstructorAccessorImpl.newInstance(DelegatingConstructorAccessorImpl.java:45)
	at java.lang.reflect.Constructor.newInstance(Constructor.java:423)
	at org.codehaus.groovy.reflection.CachedConstructor.invoke(CachedConstructor.java:80)
	at org.codehaus.groovy.reflection.CachedConstructor.doConstructorInvoke(CachedConstructor.java:74)
	at org.codehaus.groovy.runtime.callsite.ConstructorSite$ConstructorSiteNoUnwrap.callConstructor(ConstructorSite.java:84)
	at org.codehaus.groovy.runtime.callsite.AbstractCallSite.callConstructor(AbstractCallSite.java:247)
	at com.jayway.restassured.internal.ResponseSpecificationImpl$HamcrestAssertionClosure.validate(ResponseSpecificationImpl.groovy:598)
	at com.jayway.restassured.internal.ResponseSpecificationImpl$HamcrestAssertionClosure$validate$1.call(Unknown Source)
	at com.jayway.restassured.internal.RequestSpecificationImpl.applyPathParamsAndSendRequest(RequestSpecificationImpl.groovy:1575)
	at sun.reflect.GeneratedMethodAccessor61.invoke(Unknown Source)
	at sun.reflect.DelegatingMethodAccessorImpl.invoke(DelegatingMethodAccessorImpl.java:43)
	at java.lang.reflect.Method.invoke(Method.java:498)
	at org.codehaus.groovy.reflection.CachedMethod.invoke(CachedMethod.java:93)
	at groovy.lang.MetaMethod.doMethodInvoke(MetaMethod.java:325)
	at groovy.lang.MetaClassImpl.invokeMethod(MetaClassImpl.java:1210)
	at groovy.lang.MetaClassImpl.invokeMethod(MetaClassImpl.java:1019)
	at groovy.lang.MetaClassImpl.invokeMethod(MetaClassImpl.java:810)
	at com.jayway.restassured.internal.RequestSpecificationImpl.invokeMethod(RequestSpecificationImpl.groovy)
	at org.codehaus.groovy.runtime.callsite.PogoInterceptableSite.call(PogoInterceptableSite.java:48)
	at org.codehaus.groovy.runtime.callsite.PogoInterceptableSite.callCurrent(PogoInterceptableSite.java:58)
	at org.codehaus.groovy.runtime.callsite.AbstractCallSite.callCurrent(AbstractCallSite.java:182)
	at com.jayway.restassured.internal.RequestSpecificationImpl.put(RequestSpecificationImpl.groovy:167)
	at com.jayway.restassured.internal.RequestSpecificationImpl.put(RequestSpecificationImpl.groovy)
	at sun.reflect.NativeMethodAccessorImpl.invoke0(Native Method)
	at sun.reflect.NativeMethodAccessorImpl.invoke(NativeMethodAccessorImpl.java:62)
	at sun.reflect.DelegatingMethodAccessorImpl.invoke(DelegatingMethodAccessorImpl.java:43)
	at java.lang.reflect.Method.invoke(Method.java:498)
	at org.codehaus.groovy.reflection.CachedMethod.invoke(CachedMethod.java:93)
	at groovy.lang.MetaMethod.doMethodInvoke(MetaMethod.java:325)
	at groovy.lang.MetaClassImpl.invokeMethod(MetaClassImpl.java:1210)
	at groovy.lang.MetaClassImpl.invokeMethod(MetaClassImpl.java:1019)
	at groovy.lang.MetaClassImpl.invokeMethod(MetaClassImpl.java:810)
	at com.jayway.restassured.internal.RequestSpecificationImpl.invokeMethod(RequestSpecificationImpl.groovy)
	at org.codehaus.groovy.runtime.callsite.PogoInterceptableSite.call(PogoInterceptableSite.java:48)
	at org.codehaus.groovy.runtime.callsite.AbstractCallSite.call(AbstractCallSite.java:133)
	at com.jayway.restassured.internal.ResponseSpecificationImpl.put(ResponseSpecificationImpl.groovy:297)
	at com.jayway.restassured.internal.ResponseSpecificationImpl.put(ResponseSpecificationImpl.groovy)
	at org.w3.ldp.testsuite.test.CommonResourceTest.testPutRequiresIfMatch(CommonResourceTest.java:276)
	at sun.reflect.NativeMethodAccessorImpl.invoke0(Native Method)
	at sun.reflect.NativeMethodAccessorImpl.invoke(NativeMethodAccessorImpl.java:62)
	at sun.reflect.DelegatingMethodAccessorImpl.invoke(DelegatingMethodAccessorImpl.java:43)
	at java.lang.reflect.Method.invoke(Method.java:498)
	at org.testng.internal.MethodInvocationHelper.invokeMethod(MethodInvocationHelper.java:84)
	at org.testng.internal.Invoker.invokeMethod(Invoker.java:714)
	at org.testng.internal.Invoker.invokeTestMethod(Invoker.java:901)
	at org.testng.internal.Invoker.invokeTestMethods(Invoker.java:1231)
	at org.testng.internal.TestMethodWorker.invokeTestMethods(TestMethodWorker.java:127)
	at org.testng.internal.TestMethodWorker.run(TestMethodWorker.java:111)
	at org.testng.TestRunner.privateRun(TestRunner.java:767)
	at org.testng.TestRunner.run(TestRunner.java:617)
	at org.testng.SuiteRunner.runTest(SuiteRunner.java:348)
	at org.testng.SuiteRunner.runSequentially(SuiteRunner.java:343)
	at org.testng.SuiteRunner.privateRun(SuiteRunner.java:305)
	at org.testng.SuiteRunner.run(SuiteRunner.java:254)
	at org.testng.SuiteRunnerWorker.runSuite(SuiteRunnerWorker.java:52)
	at org.testng.SuiteRunnerWorker.run(SuiteRunnerWorker.java:86)
	at org.testng.TestNG.runSuitesSequentially(TestNG.java:1224)
	at org.testng.TestNG.runSuitesLocally(TestNG.java:1149)
	at org.testng.TestNG.run(TestNG.java:1057)
	at org.w3.ldp.testsuite.LdpTestSuite.run(LdpTestSuite.java:379)
	at org.w3.ldp.testsuite.LdpTestSuite.executeTestSuite(LdpTestSuite.java:415)
	at org.w3.ldp.testsuite.LdpTestSuite.executeTestSuite(LdpTestSuite.java:407)
	at org.w3.ldp.testsuite.RunLdpTestSuite.main(RunLdpTestSuite.java:26)
</pre></div></td>
<td>0</td>
<td>org.w3.ldp.testsuite.test.IndirectContainerTest@3c5a99da</td></tr>
<tr>
<td title='org.w3.ldp.testsuite.test.MemberResourceTest.testPutRequiresIfMatch()'><b>testPutRequiresIfMatch</b><br>Test class: org.w3.ldp.testsuite.test.MemberResourceTest<br>Test method: LDP clients SHOULD use the HTTP If-Match header and HTTP ETags to ensure it isn’t modifying a resource that has changed since the client last retrieved its representation. LDP servers SHOULD require the HTTP If-Match header and HTTP ETags to detect collisions.</td>
<td><div><pre>java.lang.AssertionError: 1 expectation failed.
Expected status code not between 200 and 209 doesn&apos;t match actual status code &lt;200&gt;.

	at org.codehaus.groovy.runtime.callsite.ConstructorSite$ConstructorSiteNoUnwrap.callConstructor(ConstructorSite.java:84)
	at org.codehaus.groovy.runtime.callsite.AbstractCallSite.callConstructor(AbstractCallSite.java:247)
	at com.jayway.restassured.internal.ResponseSpecificationImpl$HamcrestAssertionClosure.validate(ResponseSpecificationImpl.groovy:598)
	at com.jayway.restassured.internal.ResponseSpecificationImpl$HamcrestAssertionClosure$validate$1.call(Unknown Source)
	at com.jayway.restassured.internal.RequestSpecificationImpl.applyPathParamsAndSendRequest(RequestSpecificationImpl.groovy:1575)
	at groovy.lang.MetaMethod.doMethodInvoke(MetaMethod.java:325)
	at groovy.lang.MetaClassImpl.invokeMethod(MetaClassImpl.java:1210)
	at groovy.lang.MetaClassImpl.invokeMethod(MetaClassImpl.java:1019)
	at groovy.lang.MetaClassImpl.invokeMethod(MetaClassImpl.java:810)
	at com.jayway.restassured.internal.RequestSpecificationImpl.invokeMethod(RequestSpecificationImpl.groovy)
	at org.codehaus.groovy.runtime.callsite.PogoInterceptableSite.call(PogoInterceptableSite.java:48)
	at org.codehaus.groovy.runtime.callsite.PogoInterceptableSite.callCurrent(PogoInterceptableSite.java:58)
	at org.codehaus.groovy.runtime.callsite.AbstractCallSite.callCurrent(AbstractCallSite.java:182)
	at com.jayway.restassured.internal.RequestSpecificationImpl.put(RequestSpecificationImpl.groovy:167)
	at com.jayway.restassured.internal.RequestSpecificationImpl.put(RequestSpecificationImpl.groovy)
	at groovy.lang.MetaMethod.doMethodInvoke(MetaMethod.java:325)
	at groovy.lang.MetaClassImpl.invokeMethod(MetaClassImpl.java:1210)
	at groovy.lang.MetaClassImpl.invokeMethod(MetaClassImpl.java:1019)
	at groovy.lang.MetaClassImpl.invokeMethod(MetaClassImpl.java:810)
	at com.jayway.restassured.internal.RequestSpecificationImpl.invokeMethod(RequestSpecificationImpl.groovy)
	at org.codehaus.groovy.runtime.callsite.PogoInterceptableSite.call(PogoInterceptableSite.java:48)
	at org.codehaus.groovy.runtime.callsite.AbstractCallSite.call(AbstractCallSite.java:133)
	at com.jayway.restassured.internal.ResponseSpecificationImpl.put(ResponseSpecificationImpl.groovy:297)
	at com.jayway.restassured.internal.ResponseSpecificationImpl.put(ResponseSpecificationImpl.groovy)
	at org.w3.ldp.testsuite.test.CommonResourceTest.testPutRequiresIfMatch(CommonResourceTest.java:276)
	at org.w3.ldp.testsuite.LdpTestSuite.run(LdpTestSuite.java:379)
	at org.w3.ldp.testsuite.LdpTestSuite.executeTestSuite(LdpTestSuite.java:415)
	at org.w3.ldp.testsuite.LdpTestSuite.executeTestSuite(LdpTestSuite.java:407)
	at org.w3.ldp.testsuite.RunLdpTestSuite.main(RunLdpTestSuite.java:26)
... Removed 36 stack frames</pre></div><a href='#' onClick='toggleBox("stack-trace1285072597", this, "Click to show all stack frames", "Click to hide stack frames")'>Click to show all stack frames</a>
<div class='stack-trace' id='stack-trace1285072597'><pre>java.lang.AssertionError: 1 expectation failed.
Expected status code not between 200 and 209 doesn&apos;t match actual status code &lt;200&gt;.

	at sun.reflect.NativeConstructorAccessorImpl.newInstance0(Native Method)
	at sun.reflect.NativeConstructorAccessorImpl.newInstance(NativeConstructorAccessorImpl.java:62)
	at sun.reflect.DelegatingConstructorAccessorImpl.newInstance(DelegatingConstructorAccessorImpl.java:45)
	at java.lang.reflect.Constructor.newInstance(Constructor.java:423)
	at org.codehaus.groovy.reflection.CachedConstructor.invoke(CachedConstructor.java:80)
	at org.codehaus.groovy.reflection.CachedConstructor.doConstructorInvoke(CachedConstructor.java:74)
	at org.codehaus.groovy.runtime.callsite.ConstructorSite$ConstructorSiteNoUnwrap.callConstructor(ConstructorSite.java:84)
	at org.codehaus.groovy.runtime.callsite.AbstractCallSite.callConstructor(AbstractCallSite.java:247)
	at com.jayway.restassured.internal.ResponseSpecificationImpl$HamcrestAssertionClosure.validate(ResponseSpecificationImpl.groovy:598)
	at com.jayway.restassured.internal.ResponseSpecificationImpl$HamcrestAssertionClosure$validate$1.call(Unknown Source)
	at com.jayway.restassured.internal.RequestSpecificationImpl.applyPathParamsAndSendRequest(RequestSpecificationImpl.groovy:1575)
	at sun.reflect.GeneratedMethodAccessor61.invoke(Unknown Source)
	at sun.reflect.DelegatingMethodAccessorImpl.invoke(DelegatingMethodAccessorImpl.java:43)
	at java.lang.reflect.Method.invoke(Method.java:498)
	at org.codehaus.groovy.reflection.CachedMethod.invoke(CachedMethod.java:93)
	at groovy.lang.MetaMethod.doMethodInvoke(MetaMethod.java:325)
	at groovy.lang.MetaClassImpl.invokeMethod(MetaClassImpl.java:1210)
	at groovy.lang.MetaClassImpl.invokeMethod(MetaClassImpl.java:1019)
	at groovy.lang.MetaClassImpl.invokeMethod(MetaClassImpl.java:810)
	at com.jayway.restassured.internal.RequestSpecificationImpl.invokeMethod(RequestSpecificationImpl.groovy)
	at org.codehaus.groovy.runtime.callsite.PogoInterceptableSite.call(PogoInterceptableSite.java:48)
	at org.codehaus.groovy.runtime.callsite.PogoInterceptableSite.callCurrent(PogoInterceptableSite.java:58)
	at org.codehaus.groovy.runtime.callsite.AbstractCallSite.callCurrent(AbstractCallSite.java:182)
	at com.jayway.restassured.internal.RequestSpecificationImpl.put(RequestSpecificationImpl.groovy:167)
	at com.jayway.restassured.internal.RequestSpecificationImpl.put(RequestSpecificationImpl.groovy)
	at sun.reflect.NativeMethodAccessorImpl.invoke0(Native Method)
	at sun.reflect.NativeMethodAccessorImpl.invoke(NativeMethodAccessorImpl.java:62)
	at sun.reflect.DelegatingMethodAccessorImpl.invoke(DelegatingMethodAccessorImpl.java:43)
	at java.lang.reflect.Method.invoke(Method.java:498)
	at org.codehaus.groovy.reflection.CachedMethod.invoke(CachedMethod.java:93)
	at groovy.lang.MetaMethod.doMethodInvoke(MetaMethod.java:325)
	at groovy.lang.MetaClassImpl.invokeMethod(MetaClassImpl.java:1210)
	at groovy.lang.MetaClassImpl.invokeMethod(MetaClassImpl.java:1019)
	at groovy.lang.MetaClassImpl.invokeMethod(MetaClassImpl.java:810)
	at com.jayway.restassured.internal.RequestSpecificationImpl.invokeMethod(RequestSpecificationImpl.groovy)
	at org.codehaus.groovy.runtime.callsite.PogoInterceptableSite.call(PogoInterceptableSite.java:48)
	at org.codehaus.groovy.runtime.callsite.AbstractCallSite.call(AbstractCallSite.java:133)
	at com.jayway.restassured.internal.ResponseSpecificationImpl.put(ResponseSpecificationImpl.groovy:297)
	at com.jayway.restassured.internal.ResponseSpecificationImpl.put(ResponseSpecificationImpl.groovy)
	at org.w3.ldp.testsuite.test.CommonResourceTest.testPutRequiresIfMatch(CommonResourceTest.java:276)
	at sun.reflect.NativeMethodAccessorImpl.invoke0(Native Method)
	at sun.reflect.NativeMethodAccessorImpl.invoke(NativeMethodAccessorImpl.java:62)
	at sun.reflect.DelegatingMethodAccessorImpl.invoke(DelegatingMethodAccessorImpl.java:43)
	at java.lang.reflect.Method.invoke(Method.java:498)
	at org.testng.internal.MethodInvocationHelper.invokeMethod(MethodInvocationHelper.java:84)
	at org.testng.internal.Invoker.invokeMethod(Invoker.java:714)
	at org.testng.internal.Invoker.invokeTestMethod(Invoker.java:901)
	at org.testng.internal.Invoker.invokeTestMethods(Invoker.java:1231)
	at org.testng.internal.TestMethodWorker.invokeTestMethods(TestMethodWorker.java:127)
	at org.testng.internal.TestMethodWorker.run(TestMethodWorker.java:111)
	at org.testng.TestRunner.privateRun(TestRunner.java:767)
	at org.testng.TestRunner.run(TestRunner.java:617)
	at org.testng.SuiteRunner.runTest(SuiteRunner.java:348)
	at org.testng.SuiteRunner.runSequentially(SuiteRunner.java:343)
	at org.testng.SuiteRunner.privateRun(SuiteRunner.java:305)
	at org.testng.SuiteRunner.run(SuiteRunner.java:254)
	at org.testng.SuiteRunnerWorker.runSuite(SuiteRunnerWorker.java:52)
	at org.testng.SuiteRunnerWorker.run(SuiteRunnerWorker.java:86)
	at org.testng.TestNG.runSuitesSequentially(TestNG.java:1224)
	at org.testng.TestNG.runSuitesLocally(TestNG.java:1149)
	at org.testng.TestNG.run(TestNG.java:1057)
	at org.w3.ldp.testsuite.LdpTestSuite.run(LdpTestSuite.java:379)
	at org.w3.ldp.testsuite.LdpTestSuite.executeTestSuite(LdpTestSuite.java:415)
	at org.w3.ldp.testsuite.LdpTestSuite.executeTestSuite(LdpTestSuite.java:407)
	at org.w3.ldp.testsuite.RunLdpTestSuite.main(RunLdpTestSuite.java:26)
</pre></div></td>
<td>0</td>
<td>org.w3.ldp.testsuite.test.MemberResourceTest@2aaf7cc2</td></tr>
<tr>
<td title='org.w3.ldp.testsuite.test.IndirectContainerTest.testRdfTypeLdpContainer()'><b>testRdfTypeLdpContainer</b><br>Test class: org.w3.ldp.testsuite.test.IndirectContainerTest<br>Test method: The representation of a LDPC MAY have an rdf:type of ldp:Container for Linked Data Platform Container. Non-normative note: LDPCs might have additional types, like any LDP-RS. </td>
<td><div><pre>java.lang.AssertionError: LDPC does not have an rdf:type of ldp:Container expected [true] but found [false]
	at org.w3.ldp.testsuite.test.CommonContainerTest.testRdfTypeLdpContainer(CommonContainerTest.java:793)
	at org.w3.ldp.testsuite.LdpTestSuite.run(LdpTestSuite.java:379)
	at org.w3.ldp.testsuite.LdpTestSuite.executeTestSuite(LdpTestSuite.java:415)
	at org.w3.ldp.testsuite.LdpTestSuite.executeTestSuite(LdpTestSuite.java:407)
	at org.w3.ldp.testsuite.RunLdpTestSuite.main(RunLdpTestSuite.java:26)
... Removed 24 stack frames</pre></div><a href='#' onClick='toggleBox("stack-trace1031775150", this, "Click to show all stack frames", "Click to hide stack frames")'>Click to show all stack frames</a>
<div class='stack-trace' id='stack-trace1031775150'><pre>java.lang.AssertionError: LDPC does not have an rdf:type of ldp:Container expected [true] but found [false]
	at org.testng.Assert.fail(Assert.java:94)
	at org.testng.Assert.failNotEquals(Assert.java:494)
	at org.testng.Assert.assertTrue(Assert.java:42)
	at org.w3.ldp.testsuite.test.CommonContainerTest.testRdfTypeLdpContainer(CommonContainerTest.java:793)
	at sun.reflect.NativeMethodAccessorImpl.invoke0(Native Method)
	at sun.reflect.NativeMethodAccessorImpl.invoke(NativeMethodAccessorImpl.java:62)
	at sun.reflect.DelegatingMethodAccessorImpl.invoke(DelegatingMethodAccessorImpl.java:43)
	at java.lang.reflect.Method.invoke(Method.java:498)
	at org.testng.internal.MethodInvocationHelper.invokeMethod(MethodInvocationHelper.java:84)
	at org.testng.internal.Invoker.invokeMethod(Invoker.java:714)
	at org.testng.internal.Invoker.invokeTestMethod(Invoker.java:901)
	at org.testng.internal.Invoker.invokeTestMethods(Invoker.java:1231)
	at org.testng.internal.TestMethodWorker.invokeTestMethods(TestMethodWorker.java:127)
	at org.testng.internal.TestMethodWorker.run(TestMethodWorker.java:111)
	at org.testng.TestRunner.privateRun(TestRunner.java:767)
	at org.testng.TestRunner.run(TestRunner.java:617)
	at org.testng.SuiteRunner.runTest(SuiteRunner.java:348)
	at org.testng.SuiteRunner.runSequentially(SuiteRunner.java:343)
	at org.testng.SuiteRunner.privateRun(SuiteRunner.java:305)
	at org.testng.SuiteRunner.run(SuiteRunner.java:254)
	at org.testng.SuiteRunnerWorker.runSuite(SuiteRunnerWorker.java:52)
	at org.testng.SuiteRunnerWorker.run(SuiteRunnerWorker.java:86)
	at org.testng.TestNG.runSuitesSequentially(TestNG.java:1224)
	at org.testng.TestNG.runSuitesLocally(TestNG.java:1149)
	at org.testng.TestNG.run(TestNG.java:1057)
	at org.w3.ldp.testsuite.LdpTestSuite.run(LdpTestSuite.java:379)
	at org.w3.ldp.testsuite.LdpTestSuite.executeTestSuite(LdpTestSuite.java:415)
	at org.w3.ldp.testsuite.LdpTestSuite.executeTestSuite(LdpTestSuite.java:407)
	at org.w3.ldp.testsuite.RunLdpTestSuite.main(RunLdpTestSuite.java:26)
</pre></div></td>
<td>0</td>
<td>org.w3.ldp.testsuite.test.IndirectContainerTest@3c5a99da</td></tr>
<tr>
<td title='org.w3.ldp.testsuite.test.IndirectContainerTest.testRestrictUriReUseSlug()'><b>testRestrictUriReUseSlug</b><br>Test class: org.w3.ldp.testsuite.test.IndirectContainerTest<br>Test method: LDP servers that allow member creation via POST SHOULD NOT re-use URIs.</td>
<td><div><pre>java.lang.AssertionError: 1 expectation failed.
Expected status code &lt;201&gt; doesn&apos;t match actual status code &lt;409&gt;.

	at org.codehaus.groovy.runtime.callsite.ConstructorSite$ConstructorSiteNoUnwrap.callConstructor(ConstructorSite.java:84)
	at org.codehaus.groovy.runtime.callsite.CallSiteArray.defaultCallConstructor(CallSiteArray.java:60)
	at org.codehaus.groovy.runtime.callsite.AbstractCallSite.callConstructor(AbstractCallSite.java:235)
	at org.codehaus.groovy.runtime.callsite.AbstractCallSite.callConstructor(AbstractCallSite.java:247)
	at com.jayway.restassured.internal.ResponseSpecificationImpl$HamcrestAssertionClosure.validate(ResponseSpecificationImpl.groovy:598)
	at com.jayway.restassured.internal.ResponseSpecificationImpl$HamcrestAssertionClosure$validate$1.call(Unknown Source)
	at com.jayway.restassured.internal.RequestSpecificationImpl.applyPathParamsAndSendRequest(RequestSpecificationImpl.groovy:1575)
	at groovy.lang.MetaMethod.doMethodInvoke(MetaMethod.java:325)
	at groovy.lang.MetaClassImpl.invokeMethod(MetaClassImpl.java:1210)
	at groovy.lang.MetaClassImpl.invokeMethod(MetaClassImpl.java:1019)
	at groovy.lang.MetaClassImpl.invokeMethod(MetaClassImpl.java:810)
	at com.jayway.restassured.internal.RequestSpecificationImpl.invokeMethod(RequestSpecificationImpl.groovy)
	at org.codehaus.groovy.runtime.callsite.PogoInterceptableSite.call(PogoInterceptableSite.java:48)
	at org.codehaus.groovy.runtime.callsite.PogoInterceptableSite.callCurrent(PogoInterceptableSite.java:58)
	at org.codehaus.groovy.runtime.callsite.AbstractCallSite.callCurrent(AbstractCallSite.java:182)
	at com.jayway.restassured.internal.RequestSpecificationImpl.post(RequestSpecificationImpl.groovy:163)
	at com.jayway.restassured.internal.RequestSpecificationImpl.post(RequestSpecificationImpl.groovy)
	at groovy.lang.MetaMethod.doMethodInvoke(MetaMethod.java:325)
	at groovy.lang.MetaClassImpl.invokeMethod(MetaClassImpl.java:1210)
	at groovy.lang.MetaClassImpl.invokeMethod(MetaClassImpl.java:1019)
	at groovy.lang.MetaClassImpl.invokeMethod(MetaClassImpl.java:810)
	at com.jayway.restassured.internal.RequestSpecificationImpl.invokeMethod(RequestSpecificationImpl.groovy)
	at org.codehaus.groovy.runtime.callsite.PogoInterceptableSite.call(PogoInterceptableSite.java:48)
	at org.codehaus.groovy.runtime.callsite.AbstractCallSite.call(AbstractCallSite.java:133)
	at com.jayway.restassured.internal.ResponseSpecificationImpl.post(ResponseSpecificationImpl.groovy:293)
	at com.jayway.restassured.internal.ResponseSpecificationImpl.post(ResponseSpecificationImpl.groovy)
	at org.w3.ldp.testsuite.test.CommonContainerTest.post(CommonContainerTest.java:936)
	at org.w3.ldp.testsuite.test.CommonContainerTest.testRestrictUriReUse(CommonContainerTest.java:921)
	at org.w3.ldp.testsuite.test.CommonContainerTest.testRestrictUriReUseSlug(CommonContainerTest.java:594)
	at org.w3.ldp.testsuite.LdpTestSuite.run(LdpTestSuite.java:379)
	at org.w3.ldp.testsuite.LdpTestSuite.executeTestSuite(LdpTestSuite.java:415)
	at org.w3.ldp.testsuite.LdpTestSuite.executeTestSuite(LdpTestSuite.java:407)
	at org.w3.ldp.testsuite.RunLdpTestSuite.main(RunLdpTestSuite.java:26)
... Removed 36 stack frames</pre></div><a href='#' onClick='toggleBox("stack-trace1765690649", this, "Click to show all stack frames", "Click to hide stack frames")'>Click to show all stack frames</a>
<div class='stack-trace' id='stack-trace1765690649'><pre>java.lang.AssertionError: 1 expectation failed.
Expected status code &lt;201&gt; doesn&apos;t match actual status code &lt;409&gt;.

	at sun.reflect.NativeConstructorAccessorImpl.newInstance0(Native Method)
	at sun.reflect.NativeConstructorAccessorImpl.newInstance(NativeConstructorAccessorImpl.java:62)
	at sun.reflect.DelegatingConstructorAccessorImpl.newInstance(DelegatingConstructorAccessorImpl.java:45)
	at java.lang.reflect.Constructor.newInstance(Constructor.java:423)
	at org.codehaus.groovy.reflection.CachedConstructor.invoke(CachedConstructor.java:80)
	at org.codehaus.groovy.reflection.CachedConstructor.doConstructorInvoke(CachedConstructor.java:74)
	at org.codehaus.groovy.runtime.callsite.ConstructorSite$ConstructorSiteNoUnwrap.callConstructor(ConstructorSite.java:84)
	at org.codehaus.groovy.runtime.callsite.CallSiteArray.defaultCallConstructor(CallSiteArray.java:60)
	at org.codehaus.groovy.runtime.callsite.AbstractCallSite.callConstructor(AbstractCallSite.java:235)
	at org.codehaus.groovy.runtime.callsite.AbstractCallSite.callConstructor(AbstractCallSite.java:247)
	at com.jayway.restassured.internal.ResponseSpecificationImpl$HamcrestAssertionClosure.validate(ResponseSpecificationImpl.groovy:598)
	at com.jayway.restassured.internal.ResponseSpecificationImpl$HamcrestAssertionClosure$validate$1.call(Unknown Source)
	at com.jayway.restassured.internal.RequestSpecificationImpl.applyPathParamsAndSendRequest(RequestSpecificationImpl.groovy:1575)
	at sun.reflect.GeneratedMethodAccessor61.invoke(Unknown Source)
	at sun.reflect.DelegatingMethodAccessorImpl.invoke(DelegatingMethodAccessorImpl.java:43)
	at java.lang.reflect.Method.invoke(Method.java:498)
	at org.codehaus.groovy.reflection.CachedMethod.invoke(CachedMethod.java:93)
	at groovy.lang.MetaMethod.doMethodInvoke(MetaMethod.java:325)
	at groovy.lang.MetaClassImpl.invokeMethod(MetaClassImpl.java:1210)
	at groovy.lang.MetaClassImpl.invokeMethod(MetaClassImpl.java:1019)
	at groovy.lang.MetaClassImpl.invokeMethod(MetaClassImpl.java:810)
	at com.jayway.restassured.internal.RequestSpecificationImpl.invokeMethod(RequestSpecificationImpl.groovy)
	at org.codehaus.groovy.runtime.callsite.PogoInterceptableSite.call(PogoInterceptableSite.java:48)
	at org.codehaus.groovy.runtime.callsite.PogoInterceptableSite.callCurrent(PogoInterceptableSite.java:58)
	at org.codehaus.groovy.runtime.callsite.AbstractCallSite.callCurrent(AbstractCallSite.java:182)
	at com.jayway.restassured.internal.RequestSpecificationImpl.post(RequestSpecificationImpl.groovy:163)
	at com.jayway.restassured.internal.RequestSpecificationImpl.post(RequestSpecificationImpl.groovy)
	at sun.reflect.NativeMethodAccessorImpl.invoke0(Native Method)
	at sun.reflect.NativeMethodAccessorImpl.invoke(NativeMethodAccessorImpl.java:62)
	at sun.reflect.DelegatingMethodAccessorImpl.invoke(DelegatingMethodAccessorImpl.java:43)
	at java.lang.reflect.Method.invoke(Method.java:498)
	at org.codehaus.groovy.reflection.CachedMethod.invoke(CachedMethod.java:93)
	at groovy.lang.MetaMethod.doMethodInvoke(MetaMethod.java:325)
	at groovy.lang.MetaClassImpl.invokeMethod(MetaClassImpl.java:1210)
	at groovy.lang.MetaClassImpl.invokeMethod(MetaClassImpl.java:1019)
	at groovy.lang.MetaClassImpl.invokeMethod(MetaClassImpl.java:810)
	at com.jayway.restassured.internal.RequestSpecificationImpl.invokeMethod(RequestSpecificationImpl.groovy)
	at org.codehaus.groovy.runtime.callsite.PogoInterceptableSite.call(PogoInterceptableSite.java:48)
	at org.codehaus.groovy.runtime.callsite.AbstractCallSite.call(AbstractCallSite.java:133)
	at com.jayway.restassured.internal.ResponseSpecificationImpl.post(ResponseSpecificationImpl.groovy:293)
	at com.jayway.restassured.internal.ResponseSpecificationImpl.post(ResponseSpecificationImpl.groovy)
	at org.w3.ldp.testsuite.test.CommonContainerTest.post(CommonContainerTest.java:936)
	at org.w3.ldp.testsuite.test.CommonContainerTest.testRestrictUriReUse(CommonContainerTest.java:921)
	at org.w3.ldp.testsuite.test.CommonContainerTest.testRestrictUriReUseSlug(CommonContainerTest.java:594)
	at sun.reflect.NativeMethodAccessorImpl.invoke0(Native Method)
	at sun.reflect.NativeMethodAccessorImpl.invoke(NativeMethodAccessorImpl.java:62)
	at sun.reflect.DelegatingMethodAccessorImpl.invoke(DelegatingMethodAccessorImpl.java:43)
	at java.lang.reflect.Method.invoke(Method.java:498)
	at org.testng.internal.MethodInvocationHelper.invokeMethod(MethodInvocationHelper.java:84)
	at org.testng.internal.Invoker.invokeMethod(Invoker.java:714)
	at org.testng.internal.Invoker.invokeTestMethod(Invoker.java:901)
	at org.testng.internal.Invoker.invokeTestMethods(Invoker.java:1231)
	at org.testng.internal.TestMethodWorker.invokeTestMethods(TestMethodWorker.java:127)
	at org.testng.internal.TestMethodWorker.run(TestMethodWorker.java:111)
	at org.testng.TestRunner.privateRun(TestRunner.java:767)
	at org.testng.TestRunner.run(TestRunner.java:617)
	at org.testng.SuiteRunner.runTest(SuiteRunner.java:348)
	at org.testng.SuiteRunner.runSequentially(SuiteRunner.java:343)
	at org.testng.SuiteRunner.privateRun(SuiteRunner.java:305)
	at org.testng.SuiteRunner.run(SuiteRunner.java:254)
	at org.testng.SuiteRunnerWorker.runSuite(SuiteRunnerWorker.java:52)
	at org.testng.SuiteRunnerWorker.run(SuiteRunnerWorker.java:86)
	at org.testng.TestNG.runSuitesSequentially(TestNG.java:1224)
	at org.testng.TestNG.runSuitesLocally(TestNG.java:1149)
	at org.testng.TestNG.run(TestNG.java:1057)
	at org.w3.ldp.testsuite.LdpTestSuite.run(LdpTestSuite.java:379)
	at org.w3.ldp.testsuite.LdpTestSuite.executeTestSuite(LdpTestSuite.java:415)
	at org.w3.ldp.testsuite.LdpTestSuite.executeTestSuite(LdpTestSuite.java:407)
	at org.w3.ldp.testsuite.RunLdpTestSuite.main(RunLdpTestSuite.java:26)
</pre></div></td>
<td>0</td>
<td>org.w3.ldp.testsuite.test.IndirectContainerTest@3c5a99da</td></tr>
<tr>
<td title='org.w3.ldp.testsuite.test.IndirectContainerTest.testTypeRdfSource()'><b>testTypeRdfSource</b><br>Test class: org.w3.ldp.testsuite.test.IndirectContainerTest<br>Test method: The representation of a LDP-RS MAY have an rdf:type of ldp:RDFSource for Linked Data Platform RDF Source.</td>
<td><div><pre>java.lang.AssertionError: LDP-RS representation does not have rdf:type ldp:RDFSource expected [true] but found [false]
	at org.w3.ldp.testsuite.test.RdfSourceTest.testTypeRdfSource(RdfSourceTest.java:208)
	at org.w3.ldp.testsuite.LdpTestSuite.run(LdpTestSuite.java:379)
	at org.w3.ldp.testsuite.LdpTestSuite.executeTestSuite(LdpTestSuite.java:415)
	at org.w3.ldp.testsuite.LdpTestSuite.executeTestSuite(LdpTestSuite.java:407)
	at org.w3.ldp.testsuite.RunLdpTestSuite.main(RunLdpTestSuite.java:26)
... Removed 24 stack frames</pre></div><a href='#' onClick='toggleBox("stack-trace1416097444", this, "Click to show all stack frames", "Click to hide stack frames")'>Click to show all stack frames</a>
<div class='stack-trace' id='stack-trace1416097444'><pre>java.lang.AssertionError: LDP-RS representation does not have rdf:type ldp:RDFSource expected [true] but found [false]
	at org.testng.Assert.fail(Assert.java:94)
	at org.testng.Assert.failNotEquals(Assert.java:494)
	at org.testng.Assert.assertTrue(Assert.java:42)
	at org.w3.ldp.testsuite.test.RdfSourceTest.testTypeRdfSource(RdfSourceTest.java:208)
	at sun.reflect.NativeMethodAccessorImpl.invoke0(Native Method)
	at sun.reflect.NativeMethodAccessorImpl.invoke(NativeMethodAccessorImpl.java:62)
	at sun.reflect.DelegatingMethodAccessorImpl.invoke(DelegatingMethodAccessorImpl.java:43)
	at java.lang.reflect.Method.invoke(Method.java:498)
	at org.testng.internal.MethodInvocationHelper.invokeMethod(MethodInvocationHelper.java:84)
	at org.testng.internal.Invoker.invokeMethod(Invoker.java:714)
	at org.testng.internal.Invoker.invokeTestMethod(Invoker.java:901)
	at org.testng.internal.Invoker.invokeTestMethods(Invoker.java:1231)
	at org.testng.internal.TestMethodWorker.invokeTestMethods(TestMethodWorker.java:127)
	at org.testng.internal.TestMethodWorker.run(TestMethodWorker.java:111)
	at org.testng.TestRunner.privateRun(TestRunner.java:767)
	at org.testng.TestRunner.run(TestRunner.java:617)
	at org.testng.SuiteRunner.runTest(SuiteRunner.java:348)
	at org.testng.SuiteRunner.runSequentially(SuiteRunner.java:343)
	at org.testng.SuiteRunner.privateRun(SuiteRunner.java:305)
	at org.testng.SuiteRunner.run(SuiteRunner.java:254)
	at org.testng.SuiteRunnerWorker.runSuite(SuiteRunnerWorker.java:52)
	at org.testng.SuiteRunnerWorker.run(SuiteRunnerWorker.java:86)
	at org.testng.TestNG.runSuitesSequentially(TestNG.java:1224)
	at org.testng.TestNG.runSuitesLocally(TestNG.java:1149)
	at org.testng.TestNG.run(TestNG.java:1057)
	at org.w3.ldp.testsuite.LdpTestSuite.run(LdpTestSuite.java:379)
	at org.w3.ldp.testsuite.LdpTestSuite.executeTestSuite(LdpTestSuite.java:415)
	at org.w3.ldp.testsuite.LdpTestSuite.executeTestSuite(LdpTestSuite.java:407)
	at org.w3.ldp.testsuite.RunLdpTestSuite.main(RunLdpTestSuite.java:26)
</pre></div></td>
<td>0</td>
<td>org.w3.ldp.testsuite.test.IndirectContainerTest@3c5a99da</td></tr>
</table><p>
<table width='100%' border='1' class='invocation-passed'>
<tr><td colspan='4' align='center'><b>PASSED TESTS</b></td></tr>
<tr><td><b>Test method</b></td>
<td width="30%"><b>Exception</b></td>
<td width="10%"><b>Time (seconds)</b></td>
<td><b>Instance</b></td>
</tr>
<tr>
<td title='org.w3.ldp.testsuite.test.IndirectContainerTest.testAcceptPatchHeader()'><b>testAcceptPatchHeader</b><br>Test class: org.w3.ldp.testsuite.test.IndirectContainerTest<br>Test method: LDP servers that support PATCH MUST include an Accept-Patch HTTP response header [RFC5789] on HTTP OPTIONS requests, listing patch document media type(s) supported by the server. </td>
<td></td>
<td>0</td>
<td>org.w3.ldp.testsuite.test.IndirectContainerTest@3c5a99da</td></tr>
<tr>
<td title='org.w3.ldp.testsuite.test.MemberResourceTest.testAcceptPatchHeader()'><b>testAcceptPatchHeader</b><br>Test class: org.w3.ldp.testsuite.test.MemberResourceTest<br>Test method: LDP servers that support PATCH MUST include an Accept-Patch HTTP response header [RFC5789] on HTTP OPTIONS requests, listing patch document media type(s) supported by the server. </td>
<td></td>
<td>0</td>
<td>org.w3.ldp.testsuite.test.MemberResourceTest@2aaf7cc2</td></tr>
<tr>
<td title='org.w3.ldp.testsuite.test.IndirectContainerTest.testAcceptPostResponseHeader()'><b>testAcceptPostResponseHeader</b><br>Test class: org.w3.ldp.testsuite.test.IndirectContainerTest<br>Test method: LDP servers that support POST MUST include an Accept-Post response header on HTTP OPTIONS responses, listing post document media type(s) supported by the server.</td>
<td></td>
<td>0</td>
<td>org.w3.ldp.testsuite.test.IndirectContainerTest@3c5a99da</td></tr>
<tr>
<td title='org.w3.ldp.testsuite.test.IndirectContainerTest.testAcceptTurtle()'><b>testAcceptTurtle</b><br>Test class: org.w3.ldp.testsuite.test.IndirectContainerTest<br>Test method: LDP servers MUST accept a request entity body with a request header of Content-Type with value of text/turtle [turtle].</td>
<td></td>
<td>0</td>
<td>org.w3.ldp.testsuite.test.IndirectContainerTest@3c5a99da</td></tr>
<tr>
<td title='org.w3.ldp.testsuite.test.IndirectContainerTest.testConditionFailedStatusCode()'><b>testConditionFailedStatusCode</b><br>Test class: org.w3.ldp.testsuite.test.IndirectContainerTest<br>Test method: LDP servers MUST respond with status code 412 (Condition Failed) if ETags fail to match when there are no other errors with the request [HTTP11]. LDP servers that require conditional requests MUST respond with status code 428 (Precondition Required) when the absence of a precondition is the only reason for rejecting the request [RFC6585].</td>
<td></td>
<td>0</td>
<td>org.w3.ldp.testsuite.test.IndirectContainerTest@3c5a99da</td></tr>
<tr>
<td title='org.w3.ldp.testsuite.test.MemberResourceTest.testConditionFailedStatusCode()'><b>testConditionFailedStatusCode</b><br>Test class: org.w3.ldp.testsuite.test.MemberResourceTest<br>Test method: LDP servers MUST respond with status code 412 (Condition Failed) if ETags fail to match when there are no other errors with the request [HTTP11]. LDP servers that require conditional requests MUST respond with status code 428 (Precondition Required) when the absence of a precondition is the only reason for rejecting the request [RFC6585].</td>
<td></td>
<td>0</td>
<td>org.w3.ldp.testsuite.test.MemberResourceTest@2aaf7cc2</td></tr>
<tr>
<td title='org.w3.ldp.testsuite.test.IndirectContainerTest.testContainerHasInsertedContentRelation()'><b>testContainerHasInsertedContentRelation</b><br>Test class: org.w3.ldp.testsuite.test.IndirectContainerTest<br>Test method: LDP Indirect Containers MUST contain exactly one triple whose subject is the LDPC URI, whose predicate is ldp:insertedContentRelation, and whose object ICR describes how the member-derived-URI in the container's membership triples is chosen.</td>
<td></td>
<td>0</td>
<td>org.w3.ldp.testsuite.test.IndirectContainerTest@3c5a99da</td></tr>
<tr>
<td title='org.w3.ldp.testsuite.test.IndirectContainerTest.testContainerSupportsHttpLinkHeader()'><b>testContainerSupportsHttpLinkHeader</b><br>Test class: org.w3.ldp.testsuite.test.IndirectContainerTest<br>Test method: LDP servers exposing LDPCs MUST advertise their LDP support by exposing a HTTP Link header with a target URI matching the type of container (see below) the server supports, and a link relation type of type (that is, rel='type') in all responses to requests made to the LDPC's HTTP Request-URI.</td>
<td></td>
<td>0</td>
<td>org.w3.ldp.testsuite.test.IndirectContainerTest@3c5a99da</td></tr>
<tr>
<td title='org.w3.ldp.testsuite.test.MemberResourceTest.testContainsRdfType()'><b>testContainsRdfType</b><br>Test class: org.w3.ldp.testsuite.test.MemberResourceTest<br>Test method: LDP-RSs representations SHOULD have at least one rdf:type set explicitly. This makes the representations much more useful to client applications that don’t support inferencing.</td>
<td></td>
<td>0</td>
<td>org.w3.ldp.testsuite.test.MemberResourceTest@2aaf7cc2</td></tr>
<tr>
<td title='org.w3.ldp.testsuite.test.IndirectContainerTest.testContentTypeHeader()'><b>testContentTypeHeader</b><br>Test class: org.w3.ldp.testsuite.test.IndirectContainerTest<br>Test method: LDP servers SHOULD use the Content-Type request header to determine the representation format when the request has an entity body.</td>
<td></td>
<td>0</td>
<td>org.w3.ldp.testsuite.test.IndirectContainerTest@3c5a99da</td></tr>
<tr>
<td title='org.w3.ldp.testsuite.test.IndirectContainerTest.testCreateWithoutConstraints()'><b>testCreateWithoutConstraints</b><br>Test class: org.w3.ldp.testsuite.test.IndirectContainerTest<br>Test method: LDP servers SHOULD allow clients to create new resources without requiring detailed knowledge of application-specific constraints. This is a consequence of the requirement to enable simple creation and modification of LDPRs. LDP servers expose these application-specific constraints as described in section 4.2.1 General.</td>
<td></td>
<td>0</td>
<td>org.w3.ldp.testsuite.test.IndirectContainerTest@3c5a99da</td></tr>
<tr>
<td title='org.w3.ldp.testsuite.test.IndirectContainerTest.testDeleteRemovesContainmentTriple()'><b>testDeleteRemovesContainmentTriple</b><br>Test class: org.w3.ldp.testsuite.test.IndirectContainerTest<br>Test method: When an LDPR identified by the object of a containment triple is deleted, the LDPC server MUST also remove the LDPR from the containing LDPC by removing the corresponding containment triple.</td>
<td></td>
<td>0</td>
<td>org.w3.ldp.testsuite.test.IndirectContainerTest@3c5a99da</td></tr>
<tr>
<td title='org.w3.ldp.testsuite.test.IndirectContainerTest.testETagHeadersGet()'><b>testETagHeadersGet</b><br>Test class: org.w3.ldp.testsuite.test.IndirectContainerTest<br>Test method: LDP server responses MUST use entity tags (either weak or strong ones) as response ETag header values.</td>
<td></td>
<td>0</td>
<td>org.w3.ldp.testsuite.test.IndirectContainerTest@3c5a99da</td></tr>
<tr>
<td title='org.w3.ldp.testsuite.test.MemberResourceTest.testETagHeadersGet()'><b>testETagHeadersGet</b><br>Test class: org.w3.ldp.testsuite.test.MemberResourceTest<br>Test method: LDP server responses MUST use entity tags (either weak or strong ones) as response ETag header values.</td>
<td></td>
<td>0</td>
<td>org.w3.ldp.testsuite.test.MemberResourceTest@2aaf7cc2</td></tr>
<tr>
<td title='org.w3.ldp.testsuite.test.IndirectContainerTest.testETagHeadersHead()'><b>testETagHeadersHead</b><br>Test class: org.w3.ldp.testsuite.test.IndirectContainerTest<br>Test method: LDP server responses MUST use entity tags (either weak or strong ones) as response ETag header values.</td>
<td></td>
<td>0</td>
<td>org.w3.ldp.testsuite.test.IndirectContainerTest@3c5a99da</td></tr>
<tr>
<td title='org.w3.ldp.testsuite.test.MemberResourceTest.testETagHeadersHead()'><b>testETagHeadersHead</b><br>Test class: org.w3.ldp.testsuite.test.MemberResourceTest<br>Test method: LDP server responses MUST use entity tags (either weak or strong ones) as response ETag header values.</td>
<td></td>
<td>0</td>
<td>org.w3.ldp.testsuite.test.MemberResourceTest@2aaf7cc2</td></tr>
<tr>
<td title='org.w3.ldp.testsuite.test.IndirectContainerTest.testGetResource()'><b>testGetResource</b><br>Test class: org.w3.ldp.testsuite.test.IndirectContainerTest<br>Test method: LDP servers MUST provide an RDF representation for LDP-RSs. The HTTP Request-URI of the LDP-RS is typically the subject of most triples in the response.</td>
<td></td>
<td>0</td>
<td>org.w3.ldp.testsuite.test.IndirectContainerTest@3c5a99da</td></tr>
<tr>
<td title='org.w3.ldp.testsuite.test.MemberResourceTest.testGetResource()'><b>testGetResource</b><br>Test class: org.w3.ldp.testsuite.test.MemberResourceTest<br>Test method: LDP servers MUST provide an RDF representation for LDP-RSs. The HTTP Request-URI of the LDP-RS is typically the subject of most triples in the response.</td>
<td></td>
<td>0</td>
<td>org.w3.ldp.testsuite.test.MemberResourceTest@2aaf7cc2</td></tr>
<tr>
<td title='org.w3.ldp.testsuite.test.IndirectContainerTest.testGetResourceAcceptTurtle()'><b>testGetResourceAcceptTurtle</b><br>Test class: org.w3.ldp.testsuite.test.IndirectContainerTest<br>Test method: LDP servers must respond with a Turtle representation of the requested LDP-RS when the request includes an Accept header specifying text/turtle, unless HTTP content negotiation requires a different outcome [turtle].</td>
<td></td>
<td>0</td>
<td>org.w3.ldp.testsuite.test.IndirectContainerTest@3c5a99da</td></tr>
<tr>
<td title='org.w3.ldp.testsuite.test.MemberResourceTest.testGetResourceAcceptTurtle()'><b>testGetResourceAcceptTurtle</b><br>Test class: org.w3.ldp.testsuite.test.MemberResourceTest<br>Test method: LDP servers must respond with a Turtle representation of the requested LDP-RS when the request includes an Accept header specifying text/turtle, unless HTTP content negotiation requires a different outcome [turtle].</td>
<td></td>
<td>0</td>
<td>org.w3.ldp.testsuite.test.MemberResourceTest@2aaf7cc2</td></tr>
<tr>
<td title='org.w3.ldp.testsuite.test.IndirectContainerTest.testGetResourceAsTurtleNoAccept()'><b>testGetResourceAsTurtleNoAccept</b><br>Test class: org.w3.ldp.testsuite.test.IndirectContainerTest<br>Test method: LDP servers should respond with a text/turtle representation of the requested LDP-RS whenever the Accept request header is absent [turtle].</td>
<td></td>
<td>0</td>
<td>org.w3.ldp.testsuite.test.IndirectContainerTest@3c5a99da</td></tr>
<tr>
<td title='org.w3.ldp.testsuite.test.MemberResourceTest.testGetResourceAsTurtleNoAccept()'><b>testGetResourceAsTurtleNoAccept</b><br>Test class: org.w3.ldp.testsuite.test.MemberResourceTest<br>Test method: LDP servers should respond with a text/turtle representation of the requested LDP-RS whenever the Accept request header is absent [turtle].</td>
<td></td>
<td>0</td>
<td>org.w3.ldp.testsuite.test.MemberResourceTest@2aaf7cc2</td></tr>
<tr>
<td title='org.w3.ldp.testsuite.test.IndirectContainerTest.testGetResponseHeaders()'><b>testGetResponseHeaders</b><br>Test class: org.w3.ldp.testsuite.test.IndirectContainerTest<br>Test method: LDP servers MUST support the HTTP response headers defined in section 4.2.8 HTTP OPTIONS. </td>
<td></td>
<td>0</td>
<td>org.w3.ldp.testsuite.test.IndirectContainerTest@3c5a99da</td></tr>
<tr>
<td title='org.w3.ldp.testsuite.test.MemberResourceTest.testGetResponseHeaders()'><b>testGetResponseHeaders</b><br>Test class: org.w3.ldp.testsuite.test.MemberResourceTest<br>Test method: LDP servers MUST support the HTTP response headers defined in section 4.2.8 HTTP OPTIONS. </td>
<td></td>
<td>0</td>
<td>org.w3.ldp.testsuite.test.MemberResourceTest@2aaf7cc2</td></tr>
<tr>
<td title='org.w3.ldp.testsuite.test.IndirectContainerTest.testHead()'><b>testHead</b><br>Test class: org.w3.ldp.testsuite.test.IndirectContainerTest<br>Test method: LDP servers MUST support the HTTP HEAD method. </td>
<td></td>
<td>0</td>
<td>org.w3.ldp.testsuite.test.IndirectContainerTest@3c5a99da</td></tr>
<tr>
<td title='org.w3.ldp.testsuite.test.MemberResourceTest.testHead()'><b>testHead</b><br>Test class: org.w3.ldp.testsuite.test.MemberResourceTest<br>Test method: LDP servers MUST support the HTTP HEAD method. </td>
<td></td>
<td>0</td>
<td>org.w3.ldp.testsuite.test.MemberResourceTest@2aaf7cc2</td></tr>
<tr>
<td title='org.w3.ldp.testsuite.test.IndirectContainerTest.testJsonLdRepresentation()'><b>testJsonLdRepresentation</b><br>Test class: org.w3.ldp.testsuite.test.IndirectContainerTest<br>Test method:  LDP servers must respond with a application/ld+json representation of the requested LDP-RS when the request includes an Accept header, unless content negotiation or Turtle support requires a different outcome [JSON-LD].</td>
<td></td>
<td>0</td>
<td>org.w3.ldp.testsuite.test.IndirectContainerTest@3c5a99da</td></tr>
<tr>
<td title='org.w3.ldp.testsuite.test.MemberResourceTest.testJsonLdRepresentation()'><b>testJsonLdRepresentation</b><br>Test class: org.w3.ldp.testsuite.test.MemberResourceTest<br>Test method:  LDP servers must respond with a application/ld+json representation of the requested LDP-RS when the request includes an Accept header, unless content negotiation or Turtle support requires a different outcome [JSON-LD].</td>
<td></td>
<td>0</td>
<td>org.w3.ldp.testsuite.test.MemberResourceTest@2aaf7cc2</td></tr>
<tr>
<td title='org.w3.ldp.testsuite.test.IndirectContainerTest.testLdpLinkHeader()'><b>testLdpLinkHeader</b><br>Test class: org.w3.ldp.testsuite.test.IndirectContainerTest<br>Test method: LDP servers exposing LDPRs MUST advertise their LDP support by exposing a HTTP Link header with a target URI of http://www.w3.org/ns/ldp#Resource, and a link relation type of type (that is, rel='type') in all responses to requests made to the LDPR's HTTP Request-URI.</td>
<td></td>
<td>0</td>
<td>org.w3.ldp.testsuite.test.IndirectContainerTest@3c5a99da</td></tr>
<tr>
<td title='org.w3.ldp.testsuite.test.MemberResourceTest.testLdpLinkHeader()'><b>testLdpLinkHeader</b><br>Test class: org.w3.ldp.testsuite.test.MemberResourceTest<br>Test method: LDP servers exposing LDPRs MUST advertise their LDP support by exposing a HTTP Link header with a target URI of http://www.w3.org/ns/ldp#Resource, and a link relation type of type (that is, rel='type') in all responses to requests made to the LDPR's HTTP Request-URI.</td>
<td></td>
<td>0</td>
<td>org.w3.ldp.testsuite.test.MemberResourceTest@2aaf7cc2</td></tr>
<tr>
<td title='org.w3.ldp.testsuite.test.IndirectContainerTest.testNoRdfBagSeqOrList()'><b>testNoRdfBagSeqOrList</b><br>Test class: org.w3.ldp.testsuite.test.IndirectContainerTest<br>Test method: LDPC representations SHOULD NOT use RDF container types rdf:Bag, rdf:Seq or rdf:List.</td>
<td></td>
<td>0</td>
<td>org.w3.ldp.testsuite.test.IndirectContainerTest@3c5a99da</td></tr>
<tr>
<td title='org.w3.ldp.testsuite.test.IndirectContainerTest.testNullRelativeUriPost()'><b>testNullRelativeUriPost</b><br>Test class: org.w3.ldp.testsuite.test.IndirectContainerTest<br>Test method: In RDF representations, LDP servers MUST interpret the null relative URI for the subject of triples in the LDPR representation in the request entity body as referring to the entity in the request body. Commonly, that entity is the model for the “to be created” LDPR, so triples whose subject is the null relative URI will usually result in triples in the created resource whose subject is the created resource.</td>
<td></td>
<td>0</td>
<td>org.w3.ldp.testsuite.test.IndirectContainerTest@3c5a99da</td></tr>
<tr>
<td title='org.w3.ldp.testsuite.test.IndirectContainerTest.testOptions()'><b>testOptions</b><br>Test class: org.w3.ldp.testsuite.test.IndirectContainerTest<br>Test method: LDP servers MUST support the HTTP OPTIONS method. </td>
<td></td>
<td>0</td>
<td>org.w3.ldp.testsuite.test.IndirectContainerTest@3c5a99da</td></tr>
<tr>
<td title='org.w3.ldp.testsuite.test.MemberResourceTest.testOptions()'><b>testOptions</b><br>Test class: org.w3.ldp.testsuite.test.MemberResourceTest<br>Test method: LDP servers MUST support the HTTP OPTIONS method. </td>
<td></td>
<td>0</td>
<td>org.w3.ldp.testsuite.test.MemberResourceTest@2aaf7cc2</td></tr>
<tr>
<td title='org.w3.ldp.testsuite.test.IndirectContainerTest.testOptionsAllowHeader()'><b>testOptionsAllowHeader</b><br>Test class: org.w3.ldp.testsuite.test.IndirectContainerTest<br>Test method: LDP servers MUST indicate their support for HTTP Methods by responding to a HTTP OPTIONS request on the LDPR’s URL with the HTTP Method tokens in the HTTP response header Allow. </td>
<td></td>
<td>0</td>
<td>org.w3.ldp.testsuite.test.IndirectContainerTest@3c5a99da</td></tr>
<tr>
<td title='org.w3.ldp.testsuite.test.MemberResourceTest.testOptionsAllowHeader()'><b>testOptionsAllowHeader</b><br>Test class: org.w3.ldp.testsuite.test.MemberResourceTest<br>Test method: LDP servers MUST indicate their support for HTTP Methods by responding to a HTTP OPTIONS request on the LDPR’s URL with the HTTP Method tokens in the HTTP response header Allow. </td>
<td></td>
<td>0</td>
<td>org.w3.ldp.testsuite.test.MemberResourceTest@2aaf7cc2</td></tr>
<tr>
<td title='org.w3.ldp.testsuite.test.IndirectContainerTest.testPatchMethod()'><b>testPatchMethod</b><br>Test class: org.w3.ldp.testsuite.test.IndirectContainerTest<br>Test method: LDP servers are RECOMMENDED to support HTTP PATCH as the preferred method for updating an LDPC's empty-container triples. </td>
<td></td>
<td>0</td>
<td>org.w3.ldp.testsuite.test.IndirectContainerTest@3c5a99da</td></tr>
<tr>
<td title='org.w3.ldp.testsuite.test.IndirectContainerTest.testPostContainer()'><b>testPostContainer</b><br>Test class: org.w3.ldp.testsuite.test.IndirectContainerTest<br>Test method: When a successful HTTP POST request to an LDPC results in the creation of an LDPR, a containment triple MUST be added to the state of LDPC.</td>
<td></td>
<td>0</td>
<td>org.w3.ldp.testsuite.test.IndirectContainerTest@3c5a99da</td></tr>
<tr>
<td title='org.w3.ldp.testsuite.test.IndirectContainerTest.testPostJsonLd()'><b>testPostJsonLd</b><br>Test class: org.w3.ldp.testsuite.test.IndirectContainerTest<br>Test method: LDP servers SHOULD accept a request entity body with a request header of Content-Type with value of application/ld+json [JSON-LD].</td>
<td></td>
<td>0</td>
<td>org.w3.ldp.testsuite.test.IndirectContainerTest@3c5a99da</td></tr>
<tr>
<td title='org.w3.ldp.testsuite.test.IndirectContainerTest.testPostNoSlug()'><b>testPostNoSlug</b><br>Test class: org.w3.ldp.testsuite.test.IndirectContainerTest<br>Test method: LDP servers SHOULD assign the URI for the resource to be created using server application specific rules in the absence of a client hint.</td>
<td></td>
<td>0</td>
<td>org.w3.ldp.testsuite.test.IndirectContainerTest@3c5a99da</td></tr>
<tr>
<td title='org.w3.ldp.testsuite.test.IndirectContainerTest.testPostResponseStatusAndLocation()'><b>testPostResponseStatusAndLocation</b><br>Test class: org.w3.ldp.testsuite.test.IndirectContainerTest<br>Test method: If the resource was created successfully, LDP servers MUST respond with status code 201 (Created) and the Location header set to the new resource’s URL. Clients shall not expect any representation in the response entity body on a 201 (Created) response.</td>
<td></td>
<td>0</td>
<td>org.w3.ldp.testsuite.test.IndirectContainerTest@3c5a99da</td></tr>
<tr>
<td title='org.w3.ldp.testsuite.test.IndirectContainerTest.testPutBadETag()'><b>testPutBadETag</b><br>Test class: org.w3.ldp.testsuite.test.IndirectContainerTest<br>Test method: LDP servers MUST respond with status code 412 (Condition Failed) if ETags fail to match when there are no other errors with the request [HTTP11]. LDP servers that require conditional requests MUST respond with status code 428 (Precondition Required) when the absence of a precondition is the only reason for rejecting the request [RFC6585].</td>
<td></td>
<td>0</td>
<td>org.w3.ldp.testsuite.test.IndirectContainerTest@3c5a99da</td></tr>
<tr>
<td title='org.w3.ldp.testsuite.test.MemberResourceTest.testPutBadETag()'><b>testPutBadETag</b><br>Test class: org.w3.ldp.testsuite.test.MemberResourceTest<br>Test method: LDP servers MUST respond with status code 412 (Condition Failed) if ETags fail to match when there are no other errors with the request [HTTP11]. LDP servers that require conditional requests MUST respond with status code 428 (Precondition Required) when the absence of a precondition is the only reason for rejecting the request [RFC6585].</td>
<td></td>
<td>0</td>
<td>org.w3.ldp.testsuite.test.MemberResourceTest@2aaf7cc2</td></tr>
<tr>
<td title='org.w3.ldp.testsuite.test.MemberResourceTest.testPutReplacesResource()'><b>testPutReplacesResource</b><br>Test class: org.w3.ldp.testsuite.test.MemberResourceTest<br>Test method: If a HTTP PUT is accepted on an existing resource, LDP servers MUST replace the entire persistent state of the identified resource with the entity representation in the body of the request.</td>
<td></td>
<td>0</td>
<td>org.w3.ldp.testsuite.test.MemberResourceTest@2aaf7cc2</td></tr>
<tr>
<td title='org.w3.ldp.testsuite.test.MemberResourceTest.testPutSimpleUpdate()'><b>testPutSimpleUpdate</b><br>Test class: org.w3.ldp.testsuite.test.MemberResourceTest<br>Test method: LDP servers SHOULD allow clients to update resources without requiring detailed knowledge of server-specific constraints. This is a consequence of the requirement to enable simple creation and modification of LDPRs.</td>
<td></td>
<td>0</td>
<td>org.w3.ldp.testsuite.test.MemberResourceTest@2aaf7cc2</td></tr>
<tr>
<td title='org.w3.ldp.testsuite.test.IndirectContainerTest.testPutToCreate()'><b>testPutToCreate</b><br>Test class: org.w3.ldp.testsuite.test.IndirectContainerTest<br>Test method: LDP servers MAY choose to allow the creation of new resources using HTTP PUT.</td>
<td></td>
<td>0</td>
<td>org.w3.ldp.testsuite.test.IndirectContainerTest@3c5a99da</td></tr>
<tr>
<td title='org.w3.ldp.testsuite.test.IndirectContainerTest.testRejectPutModifyingContainmentTriples()'><b>testRejectPutModifyingContainmentTriples</b><br>Test class: org.w3.ldp.testsuite.test.IndirectContainerTest<br>Test method: LDP servers SHOULD NOT allow HTTP PUT to update an LDPC’s containment triples; if the server receives such a request, it SHOULD respond with a 409 (Conflict) status code.</td>
<td></td>
<td>0</td>
<td>org.w3.ldp.testsuite.test.IndirectContainerTest@3c5a99da</td></tr>
<tr>
<td title='org.w3.ldp.testsuite.test.IndirectContainerTest.testRelativeUriResolutionPost()'><b>testRelativeUriResolutionPost</b><br>Test class: org.w3.ldp.testsuite.test.IndirectContainerTest<br>Test method: LDP servers MUST assign the default base-URI for [RFC3987] relative-URI resolution to be the HTTP Request-URI when the resource already exists, and to the URI of the created resource when the request results in the creation of a new resource.<br>Parameters: null</td>
<td></td>
<td>0</td>
<td>org.w3.ldp.testsuite.test.IndirectContainerTest@3c5a99da</td></tr>
<tr>
<td title='org.w3.ldp.testsuite.test.MemberResourceTest.testRelativeUriResolutionPut()'><b>testRelativeUriResolutionPut</b><br>Test class: org.w3.ldp.testsuite.test.MemberResourceTest<br>Test method: LDP servers MUST assign the default base-URI for [RFC3987] relative-URI resolution to be the HTTP Request-URI when the resource already exists, and to the URI of the created resource when the request results in the creation of a new resource.<br>Parameters: null</td>
<td></td>
<td>0</td>
<td>org.w3.ldp.testsuite.test.MemberResourceTest@2aaf7cc2</td></tr>
<tr>
<td title='org.w3.ldp.testsuite.test.IndirectContainerTest.testRestrictPutReUseUri()'><b>testRestrictPutReUseUri</b><br>Test class: org.w3.ldp.testsuite.test.IndirectContainerTest<br>Test method: LDP servers that allow LDPR creation via PUT SHOULD NOT re-use URIs. For RDF representations (LDP-RSs),the created resource can be thought of as an RDF named graph [rdf11-concepts].</td>
<td></td>
<td>0</td>
<td>org.w3.ldp.testsuite.test.IndirectContainerTest@3c5a99da</td></tr>
<tr>
<td title='org.w3.ldp.testsuite.test.IndirectContainerTest.testRestrictUriReUseNoSlug()'><b>testRestrictUriReUseNoSlug</b><br>Test class: org.w3.ldp.testsuite.test.IndirectContainerTest<br>Test method: LDP servers that allow member creation via POST SHOULD NOT re-use URIs.</td>
<td></td>
<td>0</td>
<td>org.w3.ldp.testsuite.test.IndirectContainerTest@3c5a99da</td></tr>
<tr>
<td title='org.w3.ldp.testsuite.test.IndirectContainerTest.testServerHonorsSlug()'><b>testServerHonorsSlug</b><br>Test class: org.w3.ldp.testsuite.test.IndirectContainerTest<br>Test method: LDP servers MAY allow clients to suggest the URI for a resource created through POST, using the HTTP Slug header as defined in [RFC5023]. LDP adds no new requirements to this usage, so its presence functions as a client hint to the server providing a desired string to be incorporated into the server's final choice of resource URI.</td>
<td></td>
<td>0</td>
<td>org.w3.ldp.testsuite.test.IndirectContainerTest@3c5a99da</td></tr>
<tr>
<td title='org.w3.ldp.testsuite.test.MemberResourceTest.testTypeRdfSource()'><b>testTypeRdfSource</b><br>Test class: org.w3.ldp.testsuite.test.MemberResourceTest<br>Test method: The representation of a LDP-RS MAY have an rdf:type of ldp:RDFSource for Linked Data Platform RDF Source.</td>
<td></td>
<td>0</td>
<td>org.w3.ldp.testsuite.test.MemberResourceTest@2aaf7cc2</td></tr>
</table><p>
<table width='100%' border='1' class='invocation-skipped'>
<tr><td colspan='4' align='center'><b>SKIPPED TESTS</b></td></tr>
<tr><td><b>Test method</b></td>
<td width="30%"><b>Exception</b></td>
<td width="10%"><b>Time (seconds)</b></td>
<td><b>Instance</b></td>
</tr>
<tr>
<td title='org.w3.ldp.testsuite.test.IndirectContainerTest.test4xxErrorHasResponseBody()'><b>test4xxErrorHasResponseBody</b><br>Test class: org.w3.ldp.testsuite.test.IndirectContainerTest<br>Test method: LDP servers SHOULD provide a corresponding response body containing information about which properties could not be persisted. The format of the 4xx response body is not constrained by LDP.<br>Parameters: null</td>
<td><div><pre>org.w3.ldp.testsuite.exception.SkipException: Skipping test because we have no read-only properties to PUT. Server-managed properties are specified using the &quot;read-only-prop&quot; command-line parameter.
	at org.w3.ldp.testsuite.test.RdfSourceTest.test4xxErrorHasResponseBody(RdfSourceTest.java:423)
	at org.w3.ldp.testsuite.LdpTestSuite.run(LdpTestSuite.java:379)
	at org.w3.ldp.testsuite.LdpTestSuite.executeTestSuite(LdpTestSuite.java:415)
	at org.w3.ldp.testsuite.LdpTestSuite.executeTestSuite(LdpTestSuite.java:407)
	at org.w3.ldp.testsuite.RunLdpTestSuite.main(RunLdpTestSuite.java:26)
... Removed 21 stack frames</pre></div><a href='#' onClick='toggleBox("stack-trace1545666472", this, "Click to show all stack frames", "Click to hide stack frames")'>Click to show all stack frames</a>
<div class='stack-trace' id='stack-trace1545666472'><pre>org.w3.ldp.testsuite.exception.SkipException: Skipping test because we have no read-only properties to PUT. Server-managed properties are specified using the &quot;read-only-prop&quot; command-line parameter.
	at org.w3.ldp.testsuite.test.RdfSourceTest.test4xxErrorHasResponseBody(RdfSourceTest.java:423)
	at sun.reflect.NativeMethodAccessorImpl.invoke0(Native Method)
	at sun.reflect.NativeMethodAccessorImpl.invoke(NativeMethodAccessorImpl.java:62)
	at sun.reflect.DelegatingMethodAccessorImpl.invoke(DelegatingMethodAccessorImpl.java:43)
	at java.lang.reflect.Method.invoke(Method.java:498)
	at org.testng.internal.MethodInvocationHelper.invokeMethod(MethodInvocationHelper.java:84)
	at org.testng.internal.Invoker.invokeMethod(Invoker.java:714)
	at org.testng.internal.Invoker.invokeTestMethod(Invoker.java:901)
	at org.testng.internal.Invoker.invokeTestMethods(Invoker.java:1231)
	at org.testng.internal.TestMethodWorker.invokeTestMethods(TestMethodWorker.java:127)
	at org.testng.internal.TestMethodWorker.run(TestMethodWorker.java:111)
	at org.testng.TestRunner.privateRun(TestRunner.java:767)
	at org.testng.TestRunner.run(TestRunner.java:617)
	at org.testng.SuiteRunner.runTest(SuiteRunner.java:348)
	at org.testng.SuiteRunner.runSequentially(SuiteRunner.java:343)
	at org.testng.SuiteRunner.privateRun(SuiteRunner.java:305)
	at org.testng.SuiteRunner.run(SuiteRunner.java:254)
	at org.testng.SuiteRunnerWorker.runSuite(SuiteRunnerWorker.java:52)
	at org.testng.SuiteRunnerWorker.run(SuiteRunnerWorker.java:86)
	at org.testng.TestNG.runSuitesSequentially(TestNG.java:1224)
	at org.testng.TestNG.runSuitesLocally(TestNG.java:1149)
	at org.testng.TestNG.run(TestNG.java:1057)
	at org.w3.ldp.testsuite.LdpTestSuite.run(LdpTestSuite.java:379)
	at org.w3.ldp.testsuite.LdpTestSuite.executeTestSuite(LdpTestSuite.java:415)
	at org.w3.ldp.testsuite.LdpTestSuite.executeTestSuite(LdpTestSuite.java:407)
	at org.w3.ldp.testsuite.RunLdpTestSuite.main(RunLdpTestSuite.java:26)
</pre></div></td>
<td>0</td>
<td>org.w3.ldp.testsuite.test.IndirectContainerTest@3c5a99da</td></tr>
<tr>
<td title='org.w3.ldp.testsuite.test.MemberResourceTest.test4xxErrorHasResponseBody()'><b>test4xxErrorHasResponseBody</b><br>Test class: org.w3.ldp.testsuite.test.MemberResourceTest<br>Test method: LDP servers SHOULD provide a corresponding response body containing information about which properties could not be persisted. The format of the 4xx response body is not constrained by LDP.<br>Parameters: null</td>
<td><div><pre>org.w3.ldp.testsuite.exception.SkipException: Skipping test because we have no read-only properties to PUT. Server-managed properties are specified using the &quot;read-only-prop&quot; command-line parameter.
	at org.w3.ldp.testsuite.test.RdfSourceTest.test4xxErrorHasResponseBody(RdfSourceTest.java:423)
	at org.w3.ldp.testsuite.LdpTestSuite.run(LdpTestSuite.java:379)
	at org.w3.ldp.testsuite.LdpTestSuite.executeTestSuite(LdpTestSuite.java:415)
	at org.w3.ldp.testsuite.LdpTestSuite.executeTestSuite(LdpTestSuite.java:407)
	at org.w3.ldp.testsuite.RunLdpTestSuite.main(RunLdpTestSuite.java:26)
... Removed 21 stack frames</pre></div><a href='#' onClick='toggleBox("stack-trace1815592231", this, "Click to show all stack frames", "Click to hide stack frames")'>Click to show all stack frames</a>
<div class='stack-trace' id='stack-trace1815592231'><pre>org.w3.ldp.testsuite.exception.SkipException: Skipping test because we have no read-only properties to PUT. Server-managed properties are specified using the &quot;read-only-prop&quot; command-line parameter.
	at org.w3.ldp.testsuite.test.RdfSourceTest.test4xxErrorHasResponseBody(RdfSourceTest.java:423)
	at sun.reflect.NativeMethodAccessorImpl.invoke0(Native Method)
	at sun.reflect.NativeMethodAccessorImpl.invoke(NativeMethodAccessorImpl.java:62)
	at sun.reflect.DelegatingMethodAccessorImpl.invoke(DelegatingMethodAccessorImpl.java:43)
	at java.lang.reflect.Method.invoke(Method.java:498)
	at org.testng.internal.MethodInvocationHelper.invokeMethod(MethodInvocationHelper.java:84)
	at org.testng.internal.Invoker.invokeMethod(Invoker.java:714)
	at org.testng.internal.Invoker.invokeTestMethod(Invoker.java:901)
	at org.testng.internal.Invoker.invokeTestMethods(Invoker.java:1231)
	at org.testng.internal.TestMethodWorker.invokeTestMethods(TestMethodWorker.java:127)
	at org.testng.internal.TestMethodWorker.run(TestMethodWorker.java:111)
	at org.testng.TestRunner.privateRun(TestRunner.java:767)
	at org.testng.TestRunner.run(TestRunner.java:617)
	at org.testng.SuiteRunner.runTest(SuiteRunner.java:348)
	at org.testng.SuiteRunner.runSequentially(SuiteRunner.java:343)
	at org.testng.SuiteRunner.privateRun(SuiteRunner.java:305)
	at org.testng.SuiteRunner.run(SuiteRunner.java:254)
	at org.testng.SuiteRunnerWorker.runSuite(SuiteRunnerWorker.java:52)
	at org.testng.SuiteRunnerWorker.run(SuiteRunnerWorker.java:86)
	at org.testng.TestNG.runSuitesSequentially(TestNG.java:1224)
	at org.testng.TestNG.runSuitesLocally(TestNG.java:1149)
	at org.testng.TestNG.run(TestNG.java:1057)
	at org.w3.ldp.testsuite.LdpTestSuite.run(LdpTestSuite.java:379)
	at org.w3.ldp.testsuite.LdpTestSuite.executeTestSuite(LdpTestSuite.java:415)
	at org.w3.ldp.testsuite.LdpTestSuite.executeTestSuite(LdpTestSuite.java:407)
	at org.w3.ldp.testsuite.RunLdpTestSuite.main(RunLdpTestSuite.java:26)
</pre></div></td>
<td>0</td>
<td>org.w3.ldp.testsuite.test.MemberResourceTest@2aaf7cc2</td></tr>
<tr>
<td title='org.w3.ldp.testsuite.test.NonRDFSourceTest.testAcceptPatchHeader()'><b>testAcceptPatchHeader</b><br>Test class: org.w3.ldp.testsuite.test.NonRDFSourceTest<br>Test method: LDP servers that support PATCH MUST include an Accept-Patch HTTP response header [RFC5789] on HTTP OPTIONS requests, listing patch document media type(s) supported by the server. </td>
<td></td>
<td>0</td>
<td>org.w3.ldp.testsuite.test.NonRDFSourceTest@1b40d5f0</td></tr>
<tr>
<td title='org.w3.ldp.testsuite.test.NonRDFSourceTest.testConditionFailedStatusCode()'><b>testConditionFailedStatusCode</b><br>Test class: org.w3.ldp.testsuite.test.NonRDFSourceTest<br>Test method: LDP servers MUST respond with status code 412 (Condition Failed) if ETags fail to match when there are no other errors with the request [HTTP11]. LDP servers that require conditional requests MUST respond with status code 428 (Precondition Required) when the absence of a precondition is the only reason for rejecting the request [RFC6585].</td>
<td></td>
<td>0</td>
<td>org.w3.ldp.testsuite.test.NonRDFSourceTest@1b40d5f0</td></tr>
<tr>
<td title='org.w3.ldp.testsuite.test.IndirectContainerTest.testConformsContainerRdfResource()'><b>testConformsContainerRdfResource</b><br>Test class: org.w3.ldp.testsuite.test.IndirectContainerTest<br>Test method: Each Linked Data Platform Container MUST also be a conforming Linked Data Platform RDF Source.</td>
<td><div><pre>org.testng.SkipException: Covered indirectly by the MUST tests defined in RdfSourceTest class
	at org.w3.ldp.testsuite.test.CommonContainerTest.testConformsContainerRdfResource(CommonContainerTest.java:889)
	at org.w3.ldp.testsuite.LdpTestSuite.run(LdpTestSuite.java:379)
	at org.w3.ldp.testsuite.LdpTestSuite.executeTestSuite(LdpTestSuite.java:415)
	at org.w3.ldp.testsuite.LdpTestSuite.executeTestSuite(LdpTestSuite.java:407)
	at org.w3.ldp.testsuite.RunLdpTestSuite.main(RunLdpTestSuite.java:26)
... Removed 21 stack frames</pre></div><a href='#' onClick='toggleBox("stack-trace1911138454", this, "Click to show all stack frames", "Click to hide stack frames")'>Click to show all stack frames</a>
<div class='stack-trace' id='stack-trace1911138454'><pre>org.testng.SkipException: Covered indirectly by the MUST tests defined in RdfSourceTest class
	at org.w3.ldp.testsuite.test.CommonContainerTest.testConformsContainerRdfResource(CommonContainerTest.java:889)
	at sun.reflect.NativeMethodAccessorImpl.invoke0(Native Method)
	at sun.reflect.NativeMethodAccessorImpl.invoke(NativeMethodAccessorImpl.java:62)
	at sun.reflect.DelegatingMethodAccessorImpl.invoke(DelegatingMethodAccessorImpl.java:43)
	at java.lang.reflect.Method.invoke(Method.java:498)
	at org.testng.internal.MethodInvocationHelper.invokeMethod(MethodInvocationHelper.java:84)
	at org.testng.internal.Invoker.invokeMethod(Invoker.java:714)
	at org.testng.internal.Invoker.invokeTestMethod(Invoker.java:901)
	at org.testng.internal.Invoker.invokeTestMethods(Invoker.java:1231)
	at org.testng.internal.TestMethodWorker.invokeTestMethods(TestMethodWorker.java:127)
	at org.testng.internal.TestMethodWorker.run(TestMethodWorker.java:111)
	at org.testng.TestRunner.privateRun(TestRunner.java:767)
	at org.testng.TestRunner.run(TestRunner.java:617)
	at org.testng.SuiteRunner.runTest(SuiteRunner.java:348)
	at org.testng.SuiteRunner.runSequentially(SuiteRunner.java:343)
	at org.testng.SuiteRunner.privateRun(SuiteRunner.java:305)
	at org.testng.SuiteRunner.run(SuiteRunner.java:254)
	at org.testng.SuiteRunnerWorker.runSuite(SuiteRunnerWorker.java:52)
	at org.testng.SuiteRunnerWorker.run(SuiteRunnerWorker.java:86)
	at org.testng.TestNG.runSuitesSequentially(TestNG.java:1224)
	at org.testng.TestNG.runSuitesLocally(TestNG.java:1149)
	at org.testng.TestNG.run(TestNG.java:1057)
	at org.w3.ldp.testsuite.LdpTestSuite.run(LdpTestSuite.java:379)
	at org.w3.ldp.testsuite.LdpTestSuite.executeTestSuite(LdpTestSuite.java:415)
	at org.w3.ldp.testsuite.LdpTestSuite.executeTestSuite(LdpTestSuite.java:407)
	at org.w3.ldp.testsuite.RunLdpTestSuite.main(RunLdpTestSuite.java:26)
</pre></div></td>
<td>0</td>
<td>org.w3.ldp.testsuite.test.IndirectContainerTest@3c5a99da</td></tr>
<tr>
<td title='org.w3.ldp.testsuite.test.IndirectContainerTest.testConformsRdfSourceLdpResource()'><b>testConformsRdfSourceLdpResource</b><br>Test class: org.w3.ldp.testsuite.test.IndirectContainerTest<br>Test method: Each LDP RDF Source MUST also be a conforming LDP Resource as defined in section 4.2 Resource, along with the restrictions in this section.</td>
<td><div><pre>org.testng.SkipException: Covered indirectly by the MUST tests defined in CommonResourceTest class
	at org.w3.ldp.testsuite.test.RdfSourceTest.testConformsRdfSourceLdpResource(RdfSourceTest.java:477)
	at org.w3.ldp.testsuite.LdpTestSuite.run(LdpTestSuite.java:379)
	at org.w3.ldp.testsuite.LdpTestSuite.executeTestSuite(LdpTestSuite.java:415)
	at org.w3.ldp.testsuite.LdpTestSuite.executeTestSuite(LdpTestSuite.java:407)
	at org.w3.ldp.testsuite.RunLdpTestSuite.main(RunLdpTestSuite.java:26)
... Removed 21 stack frames</pre></div><a href='#' onClick='toggleBox("stack-trace797416363", this, "Click to show all stack frames", "Click to hide stack frames")'>Click to show all stack frames</a>
<div class='stack-trace' id='stack-trace797416363'><pre>org.testng.SkipException: Covered indirectly by the MUST tests defined in CommonResourceTest class
	at org.w3.ldp.testsuite.test.RdfSourceTest.testConformsRdfSourceLdpResource(RdfSourceTest.java:477)
	at sun.reflect.NativeMethodAccessorImpl.invoke0(Native Method)
	at sun.reflect.NativeMethodAccessorImpl.invoke(NativeMethodAccessorImpl.java:62)
	at sun.reflect.DelegatingMethodAccessorImpl.invoke(DelegatingMethodAccessorImpl.java:43)
	at java.lang.reflect.Method.invoke(Method.java:498)
	at org.testng.internal.MethodInvocationHelper.invokeMethod(MethodInvocationHelper.java:84)
	at org.testng.internal.Invoker.invokeMethod(Invoker.java:714)
	at org.testng.internal.Invoker.invokeTestMethod(Invoker.java:901)
	at org.testng.internal.Invoker.invokeTestMethods(Invoker.java:1231)
	at org.testng.internal.TestMethodWorker.invokeTestMethods(TestMethodWorker.java:127)
	at org.testng.internal.TestMethodWorker.run(TestMethodWorker.java:111)
	at org.testng.TestRunner.privateRun(TestRunner.java:767)
	at org.testng.TestRunner.run(TestRunner.java:617)
	at org.testng.SuiteRunner.runTest(SuiteRunner.java:348)
	at org.testng.SuiteRunner.runSequentially(SuiteRunner.java:343)
	at org.testng.SuiteRunner.privateRun(SuiteRunner.java:305)
	at org.testng.SuiteRunner.run(SuiteRunner.java:254)
	at org.testng.SuiteRunnerWorker.runSuite(SuiteRunnerWorker.java:52)
	at org.testng.SuiteRunnerWorker.run(SuiteRunnerWorker.java:86)
	at org.testng.TestNG.runSuitesSequentially(TestNG.java:1224)
	at org.testng.TestNG.runSuitesLocally(TestNG.java:1149)
	at org.testng.TestNG.run(TestNG.java:1057)
	at org.w3.ldp.testsuite.LdpTestSuite.run(LdpTestSuite.java:379)
	at org.w3.ldp.testsuite.LdpTestSuite.executeTestSuite(LdpTestSuite.java:415)
	at org.w3.ldp.testsuite.LdpTestSuite.executeTestSuite(LdpTestSuite.java:407)
	at org.w3.ldp.testsuite.RunLdpTestSuite.main(RunLdpTestSuite.java:26)
</pre></div></td>
<td>0</td>
<td>org.w3.ldp.testsuite.test.IndirectContainerTest@3c5a99da</td></tr>
<tr>
<td title='org.w3.ldp.testsuite.test.MemberResourceTest.testConformsRdfSourceLdpResource()'><b>testConformsRdfSourceLdpResource</b><br>Test class: org.w3.ldp.testsuite.test.MemberResourceTest<br>Test method: Each LDP RDF Source MUST also be a conforming LDP Resource as defined in section 4.2 Resource, along with the restrictions in this section.</td>
<td><div><pre>org.testng.SkipException: Covered indirectly by the MUST tests defined in CommonResourceTest class
	at org.w3.ldp.testsuite.test.RdfSourceTest.testConformsRdfSourceLdpResource(RdfSourceTest.java:477)
	at org.w3.ldp.testsuite.LdpTestSuite.run(LdpTestSuite.java:379)
	at org.w3.ldp.testsuite.LdpTestSuite.executeTestSuite(LdpTestSuite.java:415)
	at org.w3.ldp.testsuite.LdpTestSuite.executeTestSuite(LdpTestSuite.java:407)
	at org.w3.ldp.testsuite.RunLdpTestSuite.main(RunLdpTestSuite.java:26)
... Removed 21 stack frames</pre></div><a href='#' onClick='toggleBox("stack-trace1638471954", this, "Click to show all stack frames", "Click to hide stack frames")'>Click to show all stack frames</a>
<div class='stack-trace' id='stack-trace1638471954'><pre>org.testng.SkipException: Covered indirectly by the MUST tests defined in CommonResourceTest class
	at org.w3.ldp.testsuite.test.RdfSourceTest.testConformsRdfSourceLdpResource(RdfSourceTest.java:477)
	at sun.reflect.NativeMethodAccessorImpl.invoke0(Native Method)
	at sun.reflect.NativeMethodAccessorImpl.invoke(NativeMethodAccessorImpl.java:62)
	at sun.reflect.DelegatingMethodAccessorImpl.invoke(DelegatingMethodAccessorImpl.java:43)
	at java.lang.reflect.Method.invoke(Method.java:498)
	at org.testng.internal.MethodInvocationHelper.invokeMethod(MethodInvocationHelper.java:84)
	at org.testng.internal.Invoker.invokeMethod(Invoker.java:714)
	at org.testng.internal.Invoker.invokeTestMethod(Invoker.java:901)
	at org.testng.internal.Invoker.invokeTestMethods(Invoker.java:1231)
	at org.testng.internal.TestMethodWorker.invokeTestMethods(TestMethodWorker.java:127)
	at org.testng.internal.TestMethodWorker.run(TestMethodWorker.java:111)
	at org.testng.TestRunner.privateRun(TestRunner.java:767)
	at org.testng.TestRunner.run(TestRunner.java:617)
	at org.testng.SuiteRunner.runTest(SuiteRunner.java:348)
	at org.testng.SuiteRunner.runSequentially(SuiteRunner.java:343)
	at org.testng.SuiteRunner.privateRun(SuiteRunner.java:305)
	at org.testng.SuiteRunner.run(SuiteRunner.java:254)
	at org.testng.SuiteRunnerWorker.runSuite(SuiteRunnerWorker.java:52)
	at org.testng.SuiteRunnerWorker.run(SuiteRunnerWorker.java:86)
	at org.testng.TestNG.runSuitesSequentially(TestNG.java:1224)
	at org.testng.TestNG.runSuitesLocally(TestNG.java:1149)
	at org.testng.TestNG.run(TestNG.java:1057)
	at org.w3.ldp.testsuite.LdpTestSuite.run(LdpTestSuite.java:379)
	at org.w3.ldp.testsuite.LdpTestSuite.executeTestSuite(LdpTestSuite.java:415)
	at org.w3.ldp.testsuite.LdpTestSuite.executeTestSuite(LdpTestSuite.java:407)
	at org.w3.ldp.testsuite.RunLdpTestSuite.main(RunLdpTestSuite.java:26)
</pre></div></td>
<td>0</td>
<td>org.w3.ldp.testsuite.test.MemberResourceTest@2aaf7cc2</td></tr>
<tr>
<td title='org.w3.ldp.testsuite.test.NonRDFSourceTest.testDeleteNonRDFSourceDeletesAssociatedResource()'><b>testDeleteNonRDFSourceDeletesAssociatedResource</b><br>Test class: org.w3.ldp.testsuite.test.NonRDFSourceTest<br>Test method: When a contained LDPR is deleted, and the LDPC server created anassociated LDP-RS (see the LDPC POST section), the LDPC server must alsodelete the associated LDP-RS it created.</td>
<td></td>
<td>0</td>
<td>null</td></tr>
<tr>
<td title='org.w3.ldp.testsuite.test.NonRDFSourceTest.testETagHeadersGet()'><b>testETagHeadersGet</b><br>Test class: org.w3.ldp.testsuite.test.NonRDFSourceTest<br>Test method: LDP server responses MUST use entity tags (either weak or strong ones) as response ETag header values.</td>
<td></td>
<td>0</td>
<td>org.w3.ldp.testsuite.test.NonRDFSourceTest@1b40d5f0</td></tr>
<tr>
<td title='org.w3.ldp.testsuite.test.NonRDFSourceTest.testETagHeadersHead()'><b>testETagHeadersHead</b><br>Test class: org.w3.ldp.testsuite.test.NonRDFSourceTest<br>Test method: LDP server responses MUST use entity tags (either weak or strong ones) as response ETag header values.</td>
<td></td>
<td>0</td>
<td>org.w3.ldp.testsuite.test.NonRDFSourceTest@1b40d5f0</td></tr>
<tr>
<td title='org.w3.ldp.testsuite.test.NonRDFSourceTest.testGetResource()'><b>testGetResource</b><br>Test class: org.w3.ldp.testsuite.test.NonRDFSourceTest<br>Test method: LDP servers MUST support the HTTP GET Method for LDPRs</td>
<td></td>
<td>0</td>
<td>org.w3.ldp.testsuite.test.NonRDFSourceTest@1b40d5f0</td></tr>
<tr>
<td title='org.w3.ldp.testsuite.test.NonRDFSourceTest.testGetResponseHeaders()'><b>testGetResponseHeaders</b><br>Test class: org.w3.ldp.testsuite.test.NonRDFSourceTest<br>Test method: LDP servers MUST support the HTTP response headers defined in section 4.2.8 HTTP OPTIONS. </td>
<td></td>
<td>0</td>
<td>org.w3.ldp.testsuite.test.NonRDFSourceTest@1b40d5f0</td></tr>
<tr>
<td title='org.w3.ldp.testsuite.test.NonRDFSourceTest.testHead()'><b>testHead</b><br>Test class: org.w3.ldp.testsuite.test.NonRDFSourceTest<br>Test method: LDP servers MUST support the HTTP HEAD method. </td>
<td></td>
<td>0</td>
<td>org.w3.ldp.testsuite.test.NonRDFSourceTest@1b40d5f0</td></tr>
<tr>
<td title='org.w3.ldp.testsuite.test.IndirectContainerTest.testIsHttp11Manual()'><b>testIsHttp11Manual</b><br>Test class: org.w3.ldp.testsuite.test.IndirectContainerTest<br>Test method: LDP servers MUST at least be HTTP/1.1 conformant servers [HTTP11].</td>
<td><div><pre>org.w3.ldp.testsuite.exception.SkipNotTestableException: This requirement or recommendation must be tested manually. It is difficult or impossible to write automated tests for and is not part of the testsuite.
	at org.w3.ldp.testsuite.test.CommonResourceTest.testIsHttp11Manual(CommonResourceTest.java:130)
	at org.w3.ldp.testsuite.LdpTestSuite.run(LdpTestSuite.java:379)
	at org.w3.ldp.testsuite.LdpTestSuite.executeTestSuite(LdpTestSuite.java:415)
	at org.w3.ldp.testsuite.LdpTestSuite.executeTestSuite(LdpTestSuite.java:407)
	at org.w3.ldp.testsuite.RunLdpTestSuite.main(RunLdpTestSuite.java:26)
... Removed 21 stack frames</pre></div><a href='#' onClick='toggleBox("stack-trace670153696", this, "Click to show all stack frames", "Click to hide stack frames")'>Click to show all stack frames</a>
<div class='stack-trace' id='stack-trace670153696'><pre>org.w3.ldp.testsuite.exception.SkipNotTestableException: This requirement or recommendation must be tested manually. It is difficult or impossible to write automated tests for and is not part of the testsuite.
	at org.w3.ldp.testsuite.test.CommonResourceTest.testIsHttp11Manual(CommonResourceTest.java:130)
	at sun.reflect.NativeMethodAccessorImpl.invoke0(Native Method)
	at sun.reflect.NativeMethodAccessorImpl.invoke(NativeMethodAccessorImpl.java:62)
	at sun.reflect.DelegatingMethodAccessorImpl.invoke(DelegatingMethodAccessorImpl.java:43)
	at java.lang.reflect.Method.invoke(Method.java:498)
	at org.testng.internal.MethodInvocationHelper.invokeMethod(MethodInvocationHelper.java:84)
	at org.testng.internal.Invoker.invokeMethod(Invoker.java:714)
	at org.testng.internal.Invoker.invokeTestMethod(Invoker.java:901)
	at org.testng.internal.Invoker.invokeTestMethods(Invoker.java:1231)
	at org.testng.internal.TestMethodWorker.invokeTestMethods(TestMethodWorker.java:127)
	at org.testng.internal.TestMethodWorker.run(TestMethodWorker.java:111)
	at org.testng.TestRunner.privateRun(TestRunner.java:767)
	at org.testng.TestRunner.run(TestRunner.java:617)
	at org.testng.SuiteRunner.runTest(SuiteRunner.java:348)
	at org.testng.SuiteRunner.runSequentially(SuiteRunner.java:343)
	at org.testng.SuiteRunner.privateRun(SuiteRunner.java:305)
	at org.testng.SuiteRunner.run(SuiteRunner.java:254)
	at org.testng.SuiteRunnerWorker.runSuite(SuiteRunnerWorker.java:52)
	at org.testng.SuiteRunnerWorker.run(SuiteRunnerWorker.java:86)
	at org.testng.TestNG.runSuitesSequentially(TestNG.java:1224)
	at org.testng.TestNG.runSuitesLocally(TestNG.java:1149)
	at org.testng.TestNG.run(TestNG.java:1057)
	at org.w3.ldp.testsuite.LdpTestSuite.run(LdpTestSuite.java:379)
	at org.w3.ldp.testsuite.LdpTestSuite.executeTestSuite(LdpTestSuite.java:415)
	at org.w3.ldp.testsuite.LdpTestSuite.executeTestSuite(LdpTestSuite.java:407)
	at org.w3.ldp.testsuite.RunLdpTestSuite.main(RunLdpTestSuite.java:26)
</pre></div></td>
<td>0</td>
<td>org.w3.ldp.testsuite.test.IndirectContainerTest@3c5a99da</td></tr>
<tr>
<td title='org.w3.ldp.testsuite.test.MemberResourceTest.testIsHttp11Manual()'><b>testIsHttp11Manual</b><br>Test class: org.w3.ldp.testsuite.test.MemberResourceTest<br>Test method: LDP servers MUST at least be HTTP/1.1 conformant servers [HTTP11].</td>
<td><div><pre>org.w3.ldp.testsuite.exception.SkipNotTestableException: This requirement or recommendation must be tested manually. It is difficult or impossible to write automated tests for and is not part of the testsuite.
	at org.w3.ldp.testsuite.test.CommonResourceTest.testIsHttp11Manual(CommonResourceTest.java:130)
	at org.w3.ldp.testsuite.LdpTestSuite.run(LdpTestSuite.java:379)
	at org.w3.ldp.testsuite.LdpTestSuite.executeTestSuite(LdpTestSuite.java:415)
	at org.w3.ldp.testsuite.LdpTestSuite.executeTestSuite(LdpTestSuite.java:407)
	at org.w3.ldp.testsuite.RunLdpTestSuite.main(RunLdpTestSuite.java:26)
... Removed 21 stack frames</pre></div><a href='#' onClick='toggleBox("stack-trace2118571592", this, "Click to show all stack frames", "Click to hide stack frames")'>Click to show all stack frames</a>
<div class='stack-trace' id='stack-trace2118571592'><pre>org.w3.ldp.testsuite.exception.SkipNotTestableException: This requirement or recommendation must be tested manually. It is difficult or impossible to write automated tests for and is not part of the testsuite.
	at org.w3.ldp.testsuite.test.CommonResourceTest.testIsHttp11Manual(CommonResourceTest.java:130)
	at sun.reflect.NativeMethodAccessorImpl.invoke0(Native Method)
	at sun.reflect.NativeMethodAccessorImpl.invoke(NativeMethodAccessorImpl.java:62)
	at sun.reflect.DelegatingMethodAccessorImpl.invoke(DelegatingMethodAccessorImpl.java:43)
	at java.lang.reflect.Method.invoke(Method.java:498)
	at org.testng.internal.MethodInvocationHelper.invokeMethod(MethodInvocationHelper.java:84)
	at org.testng.internal.Invoker.invokeMethod(Invoker.java:714)
	at org.testng.internal.Invoker.invokeTestMethod(Invoker.java:901)
	at org.testng.internal.Invoker.invokeTestMethods(Invoker.java:1231)
	at org.testng.internal.TestMethodWorker.invokeTestMethods(TestMethodWorker.java:127)
	at org.testng.internal.TestMethodWorker.run(TestMethodWorker.java:111)
	at org.testng.TestRunner.privateRun(TestRunner.java:767)
	at org.testng.TestRunner.run(TestRunner.java:617)
	at org.testng.SuiteRunner.runTest(SuiteRunner.java:348)
	at org.testng.SuiteRunner.runSequentially(SuiteRunner.java:343)
	at org.testng.SuiteRunner.privateRun(SuiteRunner.java:305)
	at org.testng.SuiteRunner.run(SuiteRunner.java:254)
	at org.testng.SuiteRunnerWorker.runSuite(SuiteRunnerWorker.java:52)
	at org.testng.SuiteRunnerWorker.run(SuiteRunnerWorker.java:86)
	at org.testng.TestNG.runSuitesSequentially(TestNG.java:1224)
	at org.testng.TestNG.runSuitesLocally(TestNG.java:1149)
	at org.testng.TestNG.run(TestNG.java:1057)
	at org.w3.ldp.testsuite.LdpTestSuite.run(LdpTestSuite.java:379)
	at org.w3.ldp.testsuite.LdpTestSuite.executeTestSuite(LdpTestSuite.java:415)
	at org.w3.ldp.testsuite.LdpTestSuite.executeTestSuite(LdpTestSuite.java:407)
	at org.w3.ldp.testsuite.RunLdpTestSuite.main(RunLdpTestSuite.java:26)
</pre></div></td>
<td>0</td>
<td>org.w3.ldp.testsuite.test.MemberResourceTest@2aaf7cc2</td></tr>
<tr>
<td title='org.w3.ldp.testsuite.test.NonRDFSourceTest.testIsHttp11Manual()'><b>testIsHttp11Manual</b><br>Test class: org.w3.ldp.testsuite.test.NonRDFSourceTest<br>Test method: LDP servers MUST at least be HTTP/1.1 conformant servers [HTTP11].</td>
<td></td>
<td>0</td>
<td>org.w3.ldp.testsuite.test.NonRDFSourceTest@1b40d5f0</td></tr>
<tr>
<td title='org.w3.ldp.testsuite.test.NonRDFSourceTest.testLdpLinkHeader()'><b>testLdpLinkHeader</b><br>Test class: org.w3.ldp.testsuite.test.NonRDFSourceTest<br>Test method: LDP servers exposing LDPRs MUST advertise their LDP support by exposing a HTTP Link header with a target URI of http://www.w3.org/ns/ldp#Resource, and a link relation type of type (that is, rel='type') in all responses to requests made to the LDPR's HTTP Request-URI.</td>
<td></td>
<td>0</td>
<td>org.w3.ldp.testsuite.test.NonRDFSourceTest@1b40d5f0</td></tr>
<tr>
<td title='org.w3.ldp.testsuite.test.NonRDFSourceTest.testOptions()'><b>testOptions</b><br>Test class: org.w3.ldp.testsuite.test.NonRDFSourceTest<br>Test method: LDP servers MUST support the HTTP OPTIONS method. </td>
<td></td>
<td>0</td>
<td>org.w3.ldp.testsuite.test.NonRDFSourceTest@1b40d5f0</td></tr>
<tr>
<td title='org.w3.ldp.testsuite.test.NonRDFSourceTest.testOptionsAllowHeader()'><b>testOptionsAllowHeader</b><br>Test class: org.w3.ldp.testsuite.test.NonRDFSourceTest<br>Test method: LDP servers MUST indicate their support for HTTP Methods by responding to a HTTP OPTIONS request on the LDPR’s URL with the HTTP Method tokens in the HTTP response header Allow. </td>
<td></td>
<td>0</td>
<td>org.w3.ldp.testsuite.test.NonRDFSourceTest@1b40d5f0</td></tr>
<tr>
<td title='org.w3.ldp.testsuite.test.NonRDFSourceTest.testOptionsHasSameLinkHeader()'><b>testOptionsHasSameLinkHeader</b><br>Test class: org.w3.ldp.testsuite.test.NonRDFSourceTest<br>Test method: When responding to requests whose request-URI is a LDP-NR with anassociated LDP-RS, a LDPC server must provide the same HTTP Link responseheader as is required in the create response</td>
<td></td>
<td>0</td>
<td>null</td></tr>
<tr>
<td title='org.w3.ldp.testsuite.test.NonRDFSourceTest.testPostNonRDFSource()'><b>testPostNonRDFSource</b><br>Test class: org.w3.ldp.testsuite.test.NonRDFSourceTest<br>Test method: LDP servers may accept an HTTP POST of non-RDF representations (LDP-NRs) for creation of any kind of resource, for example binary resources.</td>
<td></td>
<td>0</td>
<td>org.w3.ldp.testsuite.test.NonRDFSourceTest@1b40d5f0</td></tr>
<tr>
<td title='org.w3.ldp.testsuite.test.IndirectContainerTest.testPostResource()'><b>testPostResource</b><br>Test class: org.w3.ldp.testsuite.test.IndirectContainerTest<br>Test method: LDPCs whose ldp:insertedContentRelation triple has an object other than ldp:MemberSubject and that create new resources MUST add a triple to the container whose subject is the container's URI, whose predicate is ldp:contains, and whose object is the newly created resource's URI (which will be different from the member-derived URI in this case). This ldp:contains triple can be the only link from the container to the newly created resource in certain cases.</td>
<td><div><pre>org.w3.ldp.testsuite.exception.SkipException: The indirectContainer&apos;s ldp:insertedContentRelation triple has ldp:MemberSubject as the object.
	at org.w3.ldp.testsuite.test.IndirectContainerTest.testPostResource(IndirectContainerTest.java:178)
	at org.w3.ldp.testsuite.LdpTestSuite.run(LdpTestSuite.java:379)
	at org.w3.ldp.testsuite.LdpTestSuite.executeTestSuite(LdpTestSuite.java:415)
	at org.w3.ldp.testsuite.LdpTestSuite.executeTestSuite(LdpTestSuite.java:407)
	at org.w3.ldp.testsuite.RunLdpTestSuite.main(RunLdpTestSuite.java:26)
... Removed 21 stack frames</pre></div><a href='#' onClick='toggleBox("stack-trace184244257", this, "Click to show all stack frames", "Click to hide stack frames")'>Click to show all stack frames</a>
<div class='stack-trace' id='stack-trace184244257'><pre>org.w3.ldp.testsuite.exception.SkipException: The indirectContainer&apos;s ldp:insertedContentRelation triple has ldp:MemberSubject as the object.
	at org.w3.ldp.testsuite.test.IndirectContainerTest.testPostResource(IndirectContainerTest.java:178)
	at sun.reflect.NativeMethodAccessorImpl.invoke0(Native Method)
	at sun.reflect.NativeMethodAccessorImpl.invoke(NativeMethodAccessorImpl.java:62)
	at sun.reflect.DelegatingMethodAccessorImpl.invoke(DelegatingMethodAccessorImpl.java:43)
	at java.lang.reflect.Method.invoke(Method.java:498)
	at org.testng.internal.MethodInvocationHelper.invokeMethod(MethodInvocationHelper.java:84)
	at org.testng.internal.Invoker.invokeMethod(Invoker.java:714)
	at org.testng.internal.Invoker.invokeTestMethod(Invoker.java:901)
	at org.testng.internal.Invoker.invokeTestMethods(Invoker.java:1231)
	at org.testng.internal.TestMethodWorker.invokeTestMethods(TestMethodWorker.java:127)
	at org.testng.internal.TestMethodWorker.run(TestMethodWorker.java:111)
	at org.testng.TestRunner.privateRun(TestRunner.java:767)
	at org.testng.TestRunner.run(TestRunner.java:617)
	at org.testng.SuiteRunner.runTest(SuiteRunner.java:348)
	at org.testng.SuiteRunner.runSequentially(SuiteRunner.java:343)
	at org.testng.SuiteRunner.privateRun(SuiteRunner.java:305)
	at org.testng.SuiteRunner.run(SuiteRunner.java:254)
	at org.testng.SuiteRunnerWorker.runSuite(SuiteRunnerWorker.java:52)
	at org.testng.SuiteRunnerWorker.run(SuiteRunnerWorker.java:86)
	at org.testng.TestNG.runSuitesSequentially(TestNG.java:1224)
	at org.testng.TestNG.runSuitesLocally(TestNG.java:1149)
	at org.testng.TestNG.run(TestNG.java:1057)
	at org.w3.ldp.testsuite.LdpTestSuite.run(LdpTestSuite.java:379)
	at org.w3.ldp.testsuite.LdpTestSuite.executeTestSuite(LdpTestSuite.java:415)
	at org.w3.ldp.testsuite.LdpTestSuite.executeTestSuite(LdpTestSuite.java:407)
	at org.w3.ldp.testsuite.RunLdpTestSuite.main(RunLdpTestSuite.java:26)
</pre></div></td>
<td>0</td>
<td>org.w3.ldp.testsuite.test.IndirectContainerTest@3c5a99da</td></tr>
<tr>
<td title='org.w3.ldp.testsuite.test.NonRDFSourceTest.testPostResourceAndCheckAssociatedResource()'><b>testPostResourceAndCheckAssociatedResource</b><br>Test class: org.w3.ldp.testsuite.test.NonRDFSourceTest<br>Test method: Upon successful creation of an LDP-NR (HTTP status code of 201-Created and URI indicated by Location response header), LDP servers may create an associated LDP-RS to contain data about the newly created LDP-NR. If a LDP server creates this associated LDP-RS it must indicate its location on the HTTP response using the HTTP Link response header with link relation describedby and href to be the URI of the associated LDP-RS resource.</td>
<td></td>
<td>0</td>
<td>org.w3.ldp.testsuite.test.NonRDFSourceTest@1b40d5f0</td></tr>
<tr>
<td title='org.w3.ldp.testsuite.test.NonRDFSourceTest.testPostResourceAndCheckLink()'><b>testPostResourceAndCheckLink</b><br>Test class: org.w3.ldp.testsuite.test.NonRDFSourceTest<br>Test method: LDP servers exposing an LDP Non-RDF Source may advertise this by exposing a HTTP Link header with a target URI of http://www.w3.org/ns/ldp#NonRDFSource, and a link relation type of type (that is, rel='type') in responses to requests made to the LDP-NR's HTTP Request-URI.</td>
<td></td>
<td>0</td>
<td>org.w3.ldp.testsuite.test.NonRDFSourceTest@1b40d5f0</td></tr>
<tr>
<td title='org.w3.ldp.testsuite.test.NonRDFSourceTest.testPostResourceAndGetFromContainer()'><b>testPostResourceAndGetFromContainer</b><br>Test class: org.w3.ldp.testsuite.test.NonRDFSourceTest<br>Test method: LDP servers may accept an HTTP POST of non-RDF representations (LDP-NRs) for creation of any kind of resource, for example binary resources.</td>
<td></td>
<td>0</td>
<td>org.w3.ldp.testsuite.test.NonRDFSourceTest@1b40d5f0</td></tr>
<tr>
<td title='org.w3.ldp.testsuite.test.NonRDFSourceTest.testPostResourceGetBinary()'><b>testPostResourceGetBinary</b><br>Test class: org.w3.ldp.testsuite.test.NonRDFSourceTest<br>Test method: LDP servers may host a mixture of LDP-RSs and LDP-NRs. For example, it is common for LDP servers to need to host binary or text resources that do not have useful RDF representations.</td>
<td></td>
<td>0</td>
<td>org.w3.ldp.testsuite.test.NonRDFSourceTest@1b40d5f0</td></tr>
<tr>
<td title='org.w3.ldp.testsuite.test.NonRDFSourceTest.testPostResourceGetMetadataAndBinary()'><b>testPostResourceGetMetadataAndBinary</b><br>Test class: org.w3.ldp.testsuite.test.NonRDFSourceTest<br>Test method: Each LDP Non-RDF Source must also be a conforming LDP Resource. LDP Non-RDF Sources may not be able to fully express their state using RDF.</td>
<td></td>
<td>0</td>
<td>org.w3.ldp.testsuite.test.NonRDFSourceTest@1b40d5f0</td></tr>
<tr>
<td title='org.w3.ldp.testsuite.test.IndirectContainerTest.testPreconditionRequiredStatusCode()'><b>testPreconditionRequiredStatusCode</b><br>Test class: org.w3.ldp.testsuite.test.IndirectContainerTest<br>Test method: LDP servers MUST respond with status code 412 (Condition Failed) if ETags fail to match when there are no other errors with the request [HTTP11]. LDP servers that require conditional requests MUST respond with status code 428 (Precondition Required) when the absence of a precondition is the only reason for rejecting the request [RFC6585].</td>
<td><div><pre>org.w3.ldp.testsuite.exception.SkipException: Server does not require If-Match header.
	at org.w3.ldp.testsuite.test.CommonResourceTest.testPreconditionRequiredStatusCode(CommonResourceTest.java:369)
	at org.w3.ldp.testsuite.LdpTestSuite.run(LdpTestSuite.java:379)
	at org.w3.ldp.testsuite.LdpTestSuite.executeTestSuite(LdpTestSuite.java:415)
	at org.w3.ldp.testsuite.LdpTestSuite.executeTestSuite(LdpTestSuite.java:407)
	at org.w3.ldp.testsuite.RunLdpTestSuite.main(RunLdpTestSuite.java:26)
... Removed 21 stack frames</pre></div><a href='#' onClick='toggleBox("stack-trace1592712032", this, "Click to show all stack frames", "Click to hide stack frames")'>Click to show all stack frames</a>
<div class='stack-trace' id='stack-trace1592712032'><pre>org.w3.ldp.testsuite.exception.SkipException: Server does not require If-Match header.
	at org.w3.ldp.testsuite.test.CommonResourceTest.testPreconditionRequiredStatusCode(CommonResourceTest.java:369)
	at sun.reflect.NativeMethodAccessorImpl.invoke0(Native Method)
	at sun.reflect.NativeMethodAccessorImpl.invoke(NativeMethodAccessorImpl.java:62)
	at sun.reflect.DelegatingMethodAccessorImpl.invoke(DelegatingMethodAccessorImpl.java:43)
	at java.lang.reflect.Method.invoke(Method.java:498)
	at org.testng.internal.MethodInvocationHelper.invokeMethod(MethodInvocationHelper.java:84)
	at org.testng.internal.Invoker.invokeMethod(Invoker.java:714)
	at org.testng.internal.Invoker.invokeTestMethod(Invoker.java:901)
	at org.testng.internal.Invoker.invokeTestMethods(Invoker.java:1231)
	at org.testng.internal.TestMethodWorker.invokeTestMethods(TestMethodWorker.java:127)
	at org.testng.internal.TestMethodWorker.run(TestMethodWorker.java:111)
	at org.testng.TestRunner.privateRun(TestRunner.java:767)
	at org.testng.TestRunner.run(TestRunner.java:617)
	at org.testng.SuiteRunner.runTest(SuiteRunner.java:348)
	at org.testng.SuiteRunner.runSequentially(SuiteRunner.java:343)
	at org.testng.SuiteRunner.privateRun(SuiteRunner.java:305)
	at org.testng.SuiteRunner.run(SuiteRunner.java:254)
	at org.testng.SuiteRunnerWorker.runSuite(SuiteRunnerWorker.java:52)
	at org.testng.SuiteRunnerWorker.run(SuiteRunnerWorker.java:86)
	at org.testng.TestNG.runSuitesSequentially(TestNG.java:1224)
	at org.testng.TestNG.runSuitesLocally(TestNG.java:1149)
	at org.testng.TestNG.run(TestNG.java:1057)
	at org.w3.ldp.testsuite.LdpTestSuite.run(LdpTestSuite.java:379)
	at org.w3.ldp.testsuite.LdpTestSuite.executeTestSuite(LdpTestSuite.java:415)
	at org.w3.ldp.testsuite.LdpTestSuite.executeTestSuite(LdpTestSuite.java:407)
	at org.w3.ldp.testsuite.RunLdpTestSuite.main(RunLdpTestSuite.java:26)
</pre></div></td>
<td>0</td>
<td>org.w3.ldp.testsuite.test.IndirectContainerTest@3c5a99da</td></tr>
<tr>
<td title='org.w3.ldp.testsuite.test.MemberResourceTest.testPreconditionRequiredStatusCode()'><b>testPreconditionRequiredStatusCode</b><br>Test class: org.w3.ldp.testsuite.test.MemberResourceTest<br>Test method: LDP servers MUST respond with status code 412 (Condition Failed) if ETags fail to match when there are no other errors with the request [HTTP11]. LDP servers that require conditional requests MUST respond with status code 428 (Precondition Required) when the absence of a precondition is the only reason for rejecting the request [RFC6585].</td>
<td><div><pre>org.w3.ldp.testsuite.exception.SkipException: Server does not require If-Match header.
	at org.w3.ldp.testsuite.test.CommonResourceTest.testPreconditionRequiredStatusCode(CommonResourceTest.java:369)
	at org.w3.ldp.testsuite.LdpTestSuite.run(LdpTestSuite.java:379)
	at org.w3.ldp.testsuite.LdpTestSuite.executeTestSuite(LdpTestSuite.java:415)
	at org.w3.ldp.testsuite.LdpTestSuite.executeTestSuite(LdpTestSuite.java:407)
	at org.w3.ldp.testsuite.RunLdpTestSuite.main(RunLdpTestSuite.java:26)
... Removed 21 stack frames</pre></div><a href='#' onClick='toggleBox("stack-trace1220813917", this, "Click to show all stack frames", "Click to hide stack frames")'>Click to show all stack frames</a>
<div class='stack-trace' id='stack-trace1220813917'><pre>org.w3.ldp.testsuite.exception.SkipException: Server does not require If-Match header.
	at org.w3.ldp.testsuite.test.CommonResourceTest.testPreconditionRequiredStatusCode(CommonResourceTest.java:369)
	at sun.reflect.NativeMethodAccessorImpl.invoke0(Native Method)
	at sun.reflect.NativeMethodAccessorImpl.invoke(NativeMethodAccessorImpl.java:62)
	at sun.reflect.DelegatingMethodAccessorImpl.invoke(DelegatingMethodAccessorImpl.java:43)
	at java.lang.reflect.Method.invoke(Method.java:498)
	at org.testng.internal.MethodInvocationHelper.invokeMethod(MethodInvocationHelper.java:84)
	at org.testng.internal.Invoker.invokeMethod(Invoker.java:714)
	at org.testng.internal.Invoker.invokeTestMethod(Invoker.java:901)
	at org.testng.internal.Invoker.invokeTestMethods(Invoker.java:1231)
	at org.testng.internal.TestMethodWorker.invokeTestMethods(TestMethodWorker.java:127)
	at org.testng.internal.TestMethodWorker.run(TestMethodWorker.java:111)
	at org.testng.TestRunner.privateRun(TestRunner.java:767)
	at org.testng.TestRunner.run(TestRunner.java:617)
	at org.testng.SuiteRunner.runTest(SuiteRunner.java:348)
	at org.testng.SuiteRunner.runSequentially(SuiteRunner.java:343)
	at org.testng.SuiteRunner.privateRun(SuiteRunner.java:305)
	at org.testng.SuiteRunner.run(SuiteRunner.java:254)
	at org.testng.SuiteRunnerWorker.runSuite(SuiteRunnerWorker.java:52)
	at org.testng.SuiteRunnerWorker.run(SuiteRunnerWorker.java:86)
	at org.testng.TestNG.runSuitesSequentially(TestNG.java:1224)
	at org.testng.TestNG.runSuitesLocally(TestNG.java:1149)
	at org.testng.TestNG.run(TestNG.java:1057)
	at org.w3.ldp.testsuite.LdpTestSuite.run(LdpTestSuite.java:379)
	at org.w3.ldp.testsuite.LdpTestSuite.executeTestSuite(LdpTestSuite.java:415)
	at org.w3.ldp.testsuite.LdpTestSuite.executeTestSuite(LdpTestSuite.java:407)
	at org.w3.ldp.testsuite.RunLdpTestSuite.main(RunLdpTestSuite.java:26)
</pre></div></td>
<td>0</td>
<td>org.w3.ldp.testsuite.test.MemberResourceTest@2aaf7cc2</td></tr>
<tr>
<td title='org.w3.ldp.testsuite.test.NonRDFSourceTest.testPreconditionRequiredStatusCode()'><b>testPreconditionRequiredStatusCode</b><br>Test class: org.w3.ldp.testsuite.test.NonRDFSourceTest<br>Test method: LDP servers MUST respond with status code 412 (Condition Failed) if ETags fail to match when there are no other errors with the request [HTTP11]. LDP servers that require conditional requests MUST respond with status code 428 (Precondition Required) when the absence of a precondition is the only reason for rejecting the request [RFC6585].</td>
<td></td>
<td>0</td>
<td>org.w3.ldp.testsuite.test.NonRDFSourceTest@1b40d5f0</td></tr>
<tr>
<td title='org.w3.ldp.testsuite.test.IndirectContainerTest.testPublishConstraintsReadOnlyProp()'><b>testPublishConstraintsReadOnlyProp</b><br>Test class: org.w3.ldp.testsuite.test.IndirectContainerTest<br>Test method: LDP servers MUST publish any constraints on LDP clients’ ability to create or update LDPRs, by adding a Link header with rel='http://www.w3.org/ns/ldp#constrainedBy' [RFC5988] to all responses to requests which fail due to violation of those constraints.<br>Parameters: null</td>
<td><div><pre>org.w3.ldp.testsuite.exception.SkipException: Skipping test because we have no read-only properties to PUT. Server-managed properties are specified using the &quot;read-only-prop&quot; command-line parameter.
	at org.w3.ldp.testsuite.test.RdfSourceTest.testPublishConstraintsReadOnlyProp(RdfSourceTest.java:357)
	at org.w3.ldp.testsuite.LdpTestSuite.run(LdpTestSuite.java:379)
	at org.w3.ldp.testsuite.LdpTestSuite.executeTestSuite(LdpTestSuite.java:415)
	at org.w3.ldp.testsuite.LdpTestSuite.executeTestSuite(LdpTestSuite.java:407)
	at org.w3.ldp.testsuite.RunLdpTestSuite.main(RunLdpTestSuite.java:26)
... Removed 21 stack frames</pre></div><a href='#' onClick='toggleBox("stack-trace1312348533", this, "Click to show all stack frames", "Click to hide stack frames")'>Click to show all stack frames</a>
<div class='stack-trace' id='stack-trace1312348533'><pre>org.w3.ldp.testsuite.exception.SkipException: Skipping test because we have no read-only properties to PUT. Server-managed properties are specified using the &quot;read-only-prop&quot; command-line parameter.
	at org.w3.ldp.testsuite.test.RdfSourceTest.testPublishConstraintsReadOnlyProp(RdfSourceTest.java:357)
	at sun.reflect.NativeMethodAccessorImpl.invoke0(Native Method)
	at sun.reflect.NativeMethodAccessorImpl.invoke(NativeMethodAccessorImpl.java:62)
	at sun.reflect.DelegatingMethodAccessorImpl.invoke(DelegatingMethodAccessorImpl.java:43)
	at java.lang.reflect.Method.invoke(Method.java:498)
	at org.testng.internal.MethodInvocationHelper.invokeMethod(MethodInvocationHelper.java:84)
	at org.testng.internal.Invoker.invokeMethod(Invoker.java:714)
	at org.testng.internal.Invoker.invokeTestMethod(Invoker.java:901)
	at org.testng.internal.Invoker.invokeTestMethods(Invoker.java:1231)
	at org.testng.internal.TestMethodWorker.invokeTestMethods(TestMethodWorker.java:127)
	at org.testng.internal.TestMethodWorker.run(TestMethodWorker.java:111)
	at org.testng.TestRunner.privateRun(TestRunner.java:767)
	at org.testng.TestRunner.run(TestRunner.java:617)
	at org.testng.SuiteRunner.runTest(SuiteRunner.java:348)
	at org.testng.SuiteRunner.runSequentially(SuiteRunner.java:343)
	at org.testng.SuiteRunner.privateRun(SuiteRunner.java:305)
	at org.testng.SuiteRunner.run(SuiteRunner.java:254)
	at org.testng.SuiteRunnerWorker.runSuite(SuiteRunnerWorker.java:52)
	at org.testng.SuiteRunnerWorker.run(SuiteRunnerWorker.java:86)
	at org.testng.TestNG.runSuitesSequentially(TestNG.java:1224)
	at org.testng.TestNG.runSuitesLocally(TestNG.java:1149)
	at org.testng.TestNG.run(TestNG.java:1057)
	at org.w3.ldp.testsuite.LdpTestSuite.run(LdpTestSuite.java:379)
	at org.w3.ldp.testsuite.LdpTestSuite.executeTestSuite(LdpTestSuite.java:415)
	at org.w3.ldp.testsuite.LdpTestSuite.executeTestSuite(LdpTestSuite.java:407)
	at org.w3.ldp.testsuite.RunLdpTestSuite.main(RunLdpTestSuite.java:26)
</pre></div></td>
<td>0</td>
<td>org.w3.ldp.testsuite.test.IndirectContainerTest@3c5a99da</td></tr>
<tr>
<td title='org.w3.ldp.testsuite.test.MemberResourceTest.testPublishConstraintsReadOnlyProp()'><b>testPublishConstraintsReadOnlyProp</b><br>Test class: org.w3.ldp.testsuite.test.MemberResourceTest<br>Test method: LDP servers MUST publish any constraints on LDP clients’ ability to create or update LDPRs, by adding a Link header with rel='http://www.w3.org/ns/ldp#constrainedBy' [RFC5988] to all responses to requests which fail due to violation of those constraints.<br>Parameters: null</td>
<td><div><pre>org.w3.ldp.testsuite.exception.SkipException: Skipping test because we have no read-only properties to PUT. Server-managed properties are specified using the &quot;read-only-prop&quot; command-line parameter.
	at org.w3.ldp.testsuite.test.RdfSourceTest.testPublishConstraintsReadOnlyProp(RdfSourceTest.java:357)
	at org.w3.ldp.testsuite.LdpTestSuite.run(LdpTestSuite.java:379)
	at org.w3.ldp.testsuite.LdpTestSuite.executeTestSuite(LdpTestSuite.java:415)
	at org.w3.ldp.testsuite.LdpTestSuite.executeTestSuite(LdpTestSuite.java:407)
	at org.w3.ldp.testsuite.RunLdpTestSuite.main(RunLdpTestSuite.java:26)
... Removed 21 stack frames</pre></div><a href='#' onClick='toggleBox("stack-trace2771454", this, "Click to show all stack frames", "Click to hide stack frames")'>Click to show all stack frames</a>
<div class='stack-trace' id='stack-trace2771454'><pre>org.w3.ldp.testsuite.exception.SkipException: Skipping test because we have no read-only properties to PUT. Server-managed properties are specified using the &quot;read-only-prop&quot; command-line parameter.
	at org.w3.ldp.testsuite.test.RdfSourceTest.testPublishConstraintsReadOnlyProp(RdfSourceTest.java:357)
	at sun.reflect.NativeMethodAccessorImpl.invoke0(Native Method)
	at sun.reflect.NativeMethodAccessorImpl.invoke(NativeMethodAccessorImpl.java:62)
	at sun.reflect.DelegatingMethodAccessorImpl.invoke(DelegatingMethodAccessorImpl.java:43)
	at java.lang.reflect.Method.invoke(Method.java:498)
	at org.testng.internal.MethodInvocationHelper.invokeMethod(MethodInvocationHelper.java:84)
	at org.testng.internal.Invoker.invokeMethod(Invoker.java:714)
	at org.testng.internal.Invoker.invokeTestMethod(Invoker.java:901)
	at org.testng.internal.Invoker.invokeTestMethods(Invoker.java:1231)
	at org.testng.internal.TestMethodWorker.invokeTestMethods(TestMethodWorker.java:127)
	at org.testng.internal.TestMethodWorker.run(TestMethodWorker.java:111)
	at org.testng.TestRunner.privateRun(TestRunner.java:767)
	at org.testng.TestRunner.run(TestRunner.java:617)
	at org.testng.SuiteRunner.runTest(SuiteRunner.java:348)
	at org.testng.SuiteRunner.runSequentially(SuiteRunner.java:343)
	at org.testng.SuiteRunner.privateRun(SuiteRunner.java:305)
	at org.testng.SuiteRunner.run(SuiteRunner.java:254)
	at org.testng.SuiteRunnerWorker.runSuite(SuiteRunnerWorker.java:52)
	at org.testng.SuiteRunnerWorker.run(SuiteRunnerWorker.java:86)
	at org.testng.TestNG.runSuitesSequentially(TestNG.java:1224)
	at org.testng.TestNG.runSuitesLocally(TestNG.java:1149)
	at org.testng.TestNG.run(TestNG.java:1057)
	at org.w3.ldp.testsuite.LdpTestSuite.run(LdpTestSuite.java:379)
	at org.w3.ldp.testsuite.LdpTestSuite.executeTestSuite(LdpTestSuite.java:415)
	at org.w3.ldp.testsuite.LdpTestSuite.executeTestSuite(LdpTestSuite.java:407)
	at org.w3.ldp.testsuite.RunLdpTestSuite.main(RunLdpTestSuite.java:26)
</pre></div></td>
<td>0</td>
<td>org.w3.ldp.testsuite.test.MemberResourceTest@2aaf7cc2</td></tr>
<tr>
<td title='org.w3.ldp.testsuite.test.IndirectContainerTest.testPublishConstraintsUnknownProp()'><b>testPublishConstraintsUnknownProp</b><br>Test class: org.w3.ldp.testsuite.test.IndirectContainerTest<br>Test method: LDP servers MUST publish any constraints on LDP clients’ ability to create or update LDPRs, by adding a Link header with rel='http://www.w3.org/ns/ldp#constrainedBy' [RFC5988] to all responses to requests which fail due to violation of those constraints.</td>
<td><div><pre>org.w3.ldp.testsuite.exception.SkipException: Skipping test because PUT request was successful.
	at org.w3.ldp.testsuite.test.RdfSourceTest.expectPut4xxStatus(RdfSourceTest.java:532)
	at org.w3.ldp.testsuite.test.RdfSourceTest.expectPut4xxConstrainedBy(RdfSourceTest.java:489)
	at org.w3.ldp.testsuite.test.RdfSourceTest.testPublishConstraintsUnknownProp(RdfSourceTest.java:379)
	at org.w3.ldp.testsuite.LdpTestSuite.run(LdpTestSuite.java:379)
	at org.w3.ldp.testsuite.LdpTestSuite.executeTestSuite(LdpTestSuite.java:415)
	at org.w3.ldp.testsuite.LdpTestSuite.executeTestSuite(LdpTestSuite.java:407)
	at org.w3.ldp.testsuite.RunLdpTestSuite.main(RunLdpTestSuite.java:26)
... Removed 21 stack frames</pre></div><a href='#' onClick='toggleBox("stack-trace1338770454", this, "Click to show all stack frames", "Click to hide stack frames")'>Click to show all stack frames</a>
<div class='stack-trace' id='stack-trace1338770454'><pre>org.w3.ldp.testsuite.exception.SkipException: Skipping test because PUT request was successful.
	at org.w3.ldp.testsuite.test.RdfSourceTest.expectPut4xxStatus(RdfSourceTest.java:532)
	at org.w3.ldp.testsuite.test.RdfSourceTest.expectPut4xxConstrainedBy(RdfSourceTest.java:489)
	at org.w3.ldp.testsuite.test.RdfSourceTest.testPublishConstraintsUnknownProp(RdfSourceTest.java:379)
	at sun.reflect.NativeMethodAccessorImpl.invoke0(Native Method)
	at sun.reflect.NativeMethodAccessorImpl.invoke(NativeMethodAccessorImpl.java:62)
	at sun.reflect.DelegatingMethodAccessorImpl.invoke(DelegatingMethodAccessorImpl.java:43)
	at java.lang.reflect.Method.invoke(Method.java:498)
	at org.testng.internal.MethodInvocationHelper.invokeMethod(MethodInvocationHelper.java:84)
	at org.testng.internal.Invoker.invokeMethod(Invoker.java:714)
	at org.testng.internal.Invoker.invokeTestMethod(Invoker.java:901)
	at org.testng.internal.Invoker.invokeTestMethods(Invoker.java:1231)
	at org.testng.internal.TestMethodWorker.invokeTestMethods(TestMethodWorker.java:127)
	at org.testng.internal.TestMethodWorker.run(TestMethodWorker.java:111)
	at org.testng.TestRunner.privateRun(TestRunner.java:767)
	at org.testng.TestRunner.run(TestRunner.java:617)
	at org.testng.SuiteRunner.runTest(SuiteRunner.java:348)
	at org.testng.SuiteRunner.runSequentially(SuiteRunner.java:343)
	at org.testng.SuiteRunner.privateRun(SuiteRunner.java:305)
	at org.testng.SuiteRunner.run(SuiteRunner.java:254)
	at org.testng.SuiteRunnerWorker.runSuite(SuiteRunnerWorker.java:52)
	at org.testng.SuiteRunnerWorker.run(SuiteRunnerWorker.java:86)
	at org.testng.TestNG.runSuitesSequentially(TestNG.java:1224)
	at org.testng.TestNG.runSuitesLocally(TestNG.java:1149)
	at org.testng.TestNG.run(TestNG.java:1057)
	at org.w3.ldp.testsuite.LdpTestSuite.run(LdpTestSuite.java:379)
	at org.w3.ldp.testsuite.LdpTestSuite.executeTestSuite(LdpTestSuite.java:415)
	at org.w3.ldp.testsuite.LdpTestSuite.executeTestSuite(LdpTestSuite.java:407)
	at org.w3.ldp.testsuite.RunLdpTestSuite.main(RunLdpTestSuite.java:26)
</pre></div></td>
<td>0</td>
<td>org.w3.ldp.testsuite.test.IndirectContainerTest@3c5a99da</td></tr>
<tr>
<td title='org.w3.ldp.testsuite.test.MemberResourceTest.testPublishConstraintsUnknownProp()'><b>testPublishConstraintsUnknownProp</b><br>Test class: org.w3.ldp.testsuite.test.MemberResourceTest<br>Test method: LDP servers MUST publish any constraints on LDP clients’ ability to create or update LDPRs, by adding a Link header with rel='http://www.w3.org/ns/ldp#constrainedBy' [RFC5988] to all responses to requests which fail due to violation of those constraints.</td>
<td><div><pre>org.w3.ldp.testsuite.exception.SkipException: Skipping test because PUT request was successful.
	at org.w3.ldp.testsuite.test.RdfSourceTest.expectPut4xxStatus(RdfSourceTest.java:532)
	at org.w3.ldp.testsuite.test.RdfSourceTest.expectPut4xxConstrainedBy(RdfSourceTest.java:489)
	at org.w3.ldp.testsuite.test.RdfSourceTest.testPublishConstraintsUnknownProp(RdfSourceTest.java:379)
	at org.w3.ldp.testsuite.LdpTestSuite.run(LdpTestSuite.java:379)
	at org.w3.ldp.testsuite.LdpTestSuite.executeTestSuite(LdpTestSuite.java:415)
	at org.w3.ldp.testsuite.LdpTestSuite.executeTestSuite(LdpTestSuite.java:407)
	at org.w3.ldp.testsuite.RunLdpTestSuite.main(RunLdpTestSuite.java:26)
... Removed 21 stack frames</pre></div><a href='#' onClick='toggleBox("stack-trace194903130", this, "Click to show all stack frames", "Click to hide stack frames")'>Click to show all stack frames</a>
<div class='stack-trace' id='stack-trace194903130'><pre>org.w3.ldp.testsuite.exception.SkipException: Skipping test because PUT request was successful.
	at org.w3.ldp.testsuite.test.RdfSourceTest.expectPut4xxStatus(RdfSourceTest.java:532)
	at org.w3.ldp.testsuite.test.RdfSourceTest.expectPut4xxConstrainedBy(RdfSourceTest.java:489)
	at org.w3.ldp.testsuite.test.RdfSourceTest.testPublishConstraintsUnknownProp(RdfSourceTest.java:379)
	at sun.reflect.NativeMethodAccessorImpl.invoke0(Native Method)
	at sun.reflect.NativeMethodAccessorImpl.invoke(NativeMethodAccessorImpl.java:62)
	at sun.reflect.DelegatingMethodAccessorImpl.invoke(DelegatingMethodAccessorImpl.java:43)
	at java.lang.reflect.Method.invoke(Method.java:498)
	at org.testng.internal.MethodInvocationHelper.invokeMethod(MethodInvocationHelper.java:84)
	at org.testng.internal.Invoker.invokeMethod(Invoker.java:714)
	at org.testng.internal.Invoker.invokeTestMethod(Invoker.java:901)
	at org.testng.internal.Invoker.invokeTestMethods(Invoker.java:1231)
	at org.testng.internal.TestMethodWorker.invokeTestMethods(TestMethodWorker.java:127)
	at org.testng.internal.TestMethodWorker.run(TestMethodWorker.java:111)
	at org.testng.TestRunner.privateRun(TestRunner.java:767)
	at org.testng.TestRunner.run(TestRunner.java:617)
	at org.testng.SuiteRunner.runTest(SuiteRunner.java:348)
	at org.testng.SuiteRunner.runSequentially(SuiteRunner.java:343)
	at org.testng.SuiteRunner.privateRun(SuiteRunner.java:305)
	at org.testng.SuiteRunner.run(SuiteRunner.java:254)
	at org.testng.SuiteRunnerWorker.runSuite(SuiteRunnerWorker.java:52)
	at org.testng.SuiteRunnerWorker.run(SuiteRunnerWorker.java:86)
	at org.testng.TestNG.runSuitesSequentially(TestNG.java:1224)
	at org.testng.TestNG.runSuitesLocally(TestNG.java:1149)
	at org.testng.TestNG.run(TestNG.java:1057)
	at org.w3.ldp.testsuite.LdpTestSuite.run(LdpTestSuite.java:379)
	at org.w3.ldp.testsuite.LdpTestSuite.executeTestSuite(LdpTestSuite.java:415)
	at org.w3.ldp.testsuite.LdpTestSuite.executeTestSuite(LdpTestSuite.java:407)
	at org.w3.ldp.testsuite.RunLdpTestSuite.main(RunLdpTestSuite.java:26)
</pre></div></td>
<td>0</td>
<td>org.w3.ldp.testsuite.test.MemberResourceTest@2aaf7cc2</td></tr>
<tr>
<td title='org.w3.ldp.testsuite.test.NonRDFSourceTest.testPutBadETag()'><b>testPutBadETag</b><br>Test class: org.w3.ldp.testsuite.test.NonRDFSourceTest<br>Test method: LDP servers MUST respond with status code 412 (Condition Failed) if ETags fail to match when there are no other errors with the request [HTTP11]. LDP servers that require conditional requests MUST respond with status code 428 (Precondition Required) when the absence of a precondition is the only reason for rejecting the request [RFC6585].</td>
<td></td>
<td>0</td>
<td>org.w3.ldp.testsuite.test.NonRDFSourceTest@1b40d5f0</td></tr>
<tr>
<td title='org.w3.ldp.testsuite.test.IndirectContainerTest.testPutPropertiesNotPersisted()'><b>testPutPropertiesNotPersisted</b><br>Test class: org.w3.ldp.testsuite.test.IndirectContainerTest<br>Test method: If an otherwise valid HTTP PUT request is received that contains properties the server chooses not to persist, e.g. unknown content, LDP servers MUST respond with an appropriate 4xx range status code [HTTP11].</td>
<td><div><pre>org.w3.ldp.testsuite.exception.SkipException: Skipping test because PUT request was successful.
	at org.w3.ldp.testsuite.test.RdfSourceTest.expectPut4xxStatus(RdfSourceTest.java:532)
	at org.w3.ldp.testsuite.test.RdfSourceTest.testPutPropertiesNotPersisted(RdfSourceTest.java:444)
	at org.w3.ldp.testsuite.LdpTestSuite.run(LdpTestSuite.java:379)
	at org.w3.ldp.testsuite.LdpTestSuite.executeTestSuite(LdpTestSuite.java:415)
	at org.w3.ldp.testsuite.LdpTestSuite.executeTestSuite(LdpTestSuite.java:407)
	at org.w3.ldp.testsuite.RunLdpTestSuite.main(RunLdpTestSuite.java:26)
... Removed 21 stack frames</pre></div><a href='#' onClick='toggleBox("stack-trace1428022141", this, "Click to show all stack frames", "Click to hide stack frames")'>Click to show all stack frames</a>
<div class='stack-trace' id='stack-trace1428022141'><pre>org.w3.ldp.testsuite.exception.SkipException: Skipping test because PUT request was successful.
	at org.w3.ldp.testsuite.test.RdfSourceTest.expectPut4xxStatus(RdfSourceTest.java:532)
	at org.w3.ldp.testsuite.test.RdfSourceTest.testPutPropertiesNotPersisted(RdfSourceTest.java:444)
	at sun.reflect.NativeMethodAccessorImpl.invoke0(Native Method)
	at sun.reflect.NativeMethodAccessorImpl.invoke(NativeMethodAccessorImpl.java:62)
	at sun.reflect.DelegatingMethodAccessorImpl.invoke(DelegatingMethodAccessorImpl.java:43)
	at java.lang.reflect.Method.invoke(Method.java:498)
	at org.testng.internal.MethodInvocationHelper.invokeMethod(MethodInvocationHelper.java:84)
	at org.testng.internal.Invoker.invokeMethod(Invoker.java:714)
	at org.testng.internal.Invoker.invokeTestMethod(Invoker.java:901)
	at org.testng.internal.Invoker.invokeTestMethods(Invoker.java:1231)
	at org.testng.internal.TestMethodWorker.invokeTestMethods(TestMethodWorker.java:127)
	at org.testng.internal.TestMethodWorker.run(TestMethodWorker.java:111)
	at org.testng.TestRunner.privateRun(TestRunner.java:767)
	at org.testng.TestRunner.run(TestRunner.java:617)
	at org.testng.SuiteRunner.runTest(SuiteRunner.java:348)
	at org.testng.SuiteRunner.runSequentially(SuiteRunner.java:343)
	at org.testng.SuiteRunner.privateRun(SuiteRunner.java:305)
	at org.testng.SuiteRunner.run(SuiteRunner.java:254)
	at org.testng.SuiteRunnerWorker.runSuite(SuiteRunnerWorker.java:52)
	at org.testng.SuiteRunnerWorker.run(SuiteRunnerWorker.java:86)
	at org.testng.TestNG.runSuitesSequentially(TestNG.java:1224)
	at org.testng.TestNG.runSuitesLocally(TestNG.java:1149)
	at org.testng.TestNG.run(TestNG.java:1057)
	at org.w3.ldp.testsuite.LdpTestSuite.run(LdpTestSuite.java:379)
	at org.w3.ldp.testsuite.LdpTestSuite.executeTestSuite(LdpTestSuite.java:415)
	at org.w3.ldp.testsuite.LdpTestSuite.executeTestSuite(LdpTestSuite.java:407)
	at org.w3.ldp.testsuite.RunLdpTestSuite.main(RunLdpTestSuite.java:26)
</pre></div></td>
<td>0</td>
<td>org.w3.ldp.testsuite.test.IndirectContainerTest@3c5a99da</td></tr>
<tr>
<td title='org.w3.ldp.testsuite.test.MemberResourceTest.testPutPropertiesNotPersisted()'><b>testPutPropertiesNotPersisted</b><br>Test class: org.w3.ldp.testsuite.test.MemberResourceTest<br>Test method: If an otherwise valid HTTP PUT request is received that contains properties the server chooses not to persist, e.g. unknown content, LDP servers MUST respond with an appropriate 4xx range status code [HTTP11].</td>
<td><div><pre>org.w3.ldp.testsuite.exception.SkipException: Skipping test because PUT request was successful.
	at org.w3.ldp.testsuite.test.RdfSourceTest.expectPut4xxStatus(RdfSourceTest.java:532)
	at org.w3.ldp.testsuite.test.RdfSourceTest.testPutPropertiesNotPersisted(RdfSourceTest.java:444)
	at org.w3.ldp.testsuite.LdpTestSuite.run(LdpTestSuite.java:379)
	at org.w3.ldp.testsuite.LdpTestSuite.executeTestSuite(LdpTestSuite.java:415)
	at org.w3.ldp.testsuite.LdpTestSuite.executeTestSuite(LdpTestSuite.java:407)
	at org.w3.ldp.testsuite.RunLdpTestSuite.main(RunLdpTestSuite.java:26)
... Removed 21 stack frames</pre></div><a href='#' onClick='toggleBox("stack-trace214768579", this, "Click to show all stack frames", "Click to hide stack frames")'>Click to show all stack frames</a>
<div class='stack-trace' id='stack-trace214768579'><pre>org.w3.ldp.testsuite.exception.SkipException: Skipping test because PUT request was successful.
	at org.w3.ldp.testsuite.test.RdfSourceTest.expectPut4xxStatus(RdfSourceTest.java:532)
	at org.w3.ldp.testsuite.test.RdfSourceTest.testPutPropertiesNotPersisted(RdfSourceTest.java:444)
	at sun.reflect.NativeMethodAccessorImpl.invoke0(Native Method)
	at sun.reflect.NativeMethodAccessorImpl.invoke(NativeMethodAccessorImpl.java:62)
	at sun.reflect.DelegatingMethodAccessorImpl.invoke(DelegatingMethodAccessorImpl.java:43)
	at java.lang.reflect.Method.invoke(Method.java:498)
	at org.testng.internal.MethodInvocationHelper.invokeMethod(MethodInvocationHelper.java:84)
	at org.testng.internal.Invoker.invokeMethod(Invoker.java:714)
	at org.testng.internal.Invoker.invokeTestMethod(Invoker.java:901)
	at org.testng.internal.Invoker.invokeTestMethods(Invoker.java:1231)
	at org.testng.internal.TestMethodWorker.invokeTestMethods(TestMethodWorker.java:127)
	at org.testng.internal.TestMethodWorker.run(TestMethodWorker.java:111)
	at org.testng.TestRunner.privateRun(TestRunner.java:767)
	at org.testng.TestRunner.run(TestRunner.java:617)
	at org.testng.SuiteRunner.runTest(SuiteRunner.java:348)
	at org.testng.SuiteRunner.runSequentially(SuiteRunner.java:343)
	at org.testng.SuiteRunner.privateRun(SuiteRunner.java:305)
	at org.testng.SuiteRunner.run(SuiteRunner.java:254)
	at org.testng.SuiteRunnerWorker.runSuite(SuiteRunnerWorker.java:52)
	at org.testng.SuiteRunnerWorker.run(SuiteRunnerWorker.java:86)
	at org.testng.TestNG.runSuitesSequentially(TestNG.java:1224)
	at org.testng.TestNG.runSuitesLocally(TestNG.java:1149)
	at org.testng.TestNG.run(TestNG.java:1057)
	at org.w3.ldp.testsuite.LdpTestSuite.run(LdpTestSuite.java:379)
	at org.w3.ldp.testsuite.LdpTestSuite.executeTestSuite(LdpTestSuite.java:415)
	at org.w3.ldp.testsuite.LdpTestSuite.executeTestSuite(LdpTestSuite.java:407)
	at org.w3.ldp.testsuite.RunLdpTestSuite.main(RunLdpTestSuite.java:26)
</pre></div></td>
<td>0</td>
<td>org.w3.ldp.testsuite.test.MemberResourceTest@2aaf7cc2</td></tr>
<tr>
<td title='org.w3.ldp.testsuite.test.IndirectContainerTest.testPutReadOnlyProperties4xxStatus()'><b>testPutReadOnlyProperties4xxStatus</b><br>Test class: org.w3.ldp.testsuite.test.IndirectContainerTest<br>Test method: If an otherwise valid HTTP PUT request is received that attempts to change properties the server does not allow clients to modify, LDP servers MUST respond with a 4xx range status code (typically 409 Conflict)<br>Parameters: null</td>
<td><div><pre>org.w3.ldp.testsuite.exception.SkipException: Skipping test because we have no read-only properties to PUT. Server-managed properties are specified using the &quot;read-only-prop&quot; command-line parameter.
	at org.w3.ldp.testsuite.test.RdfSourceTest.testPutReadOnlyProperties4xxStatus(RdfSourceTest.java:400)
	at org.w3.ldp.testsuite.LdpTestSuite.run(LdpTestSuite.java:379)
	at org.w3.ldp.testsuite.LdpTestSuite.executeTestSuite(LdpTestSuite.java:415)
	at org.w3.ldp.testsuite.LdpTestSuite.executeTestSuite(LdpTestSuite.java:407)
	at org.w3.ldp.testsuite.RunLdpTestSuite.main(RunLdpTestSuite.java:26)
... Removed 21 stack frames</pre></div><a href='#' onClick='toggleBox("stack-trace1618326227", this, "Click to show all stack frames", "Click to hide stack frames")'>Click to show all stack frames</a>
<div class='stack-trace' id='stack-trace1618326227'><pre>org.w3.ldp.testsuite.exception.SkipException: Skipping test because we have no read-only properties to PUT. Server-managed properties are specified using the &quot;read-only-prop&quot; command-line parameter.
	at org.w3.ldp.testsuite.test.RdfSourceTest.testPutReadOnlyProperties4xxStatus(RdfSourceTest.java:400)
	at sun.reflect.NativeMethodAccessorImpl.invoke0(Native Method)
	at sun.reflect.NativeMethodAccessorImpl.invoke(NativeMethodAccessorImpl.java:62)
	at sun.reflect.DelegatingMethodAccessorImpl.invoke(DelegatingMethodAccessorImpl.java:43)
	at java.lang.reflect.Method.invoke(Method.java:498)
	at org.testng.internal.MethodInvocationHelper.invokeMethod(MethodInvocationHelper.java:84)
	at org.testng.internal.Invoker.invokeMethod(Invoker.java:714)
	at org.testng.internal.Invoker.invokeTestMethod(Invoker.java:901)
	at org.testng.internal.Invoker.invokeTestMethods(Invoker.java:1231)
	at org.testng.internal.TestMethodWorker.invokeTestMethods(TestMethodWorker.java:127)
	at org.testng.internal.TestMethodWorker.run(TestMethodWorker.java:111)
	at org.testng.TestRunner.privateRun(TestRunner.java:767)
	at org.testng.TestRunner.run(TestRunner.java:617)
	at org.testng.SuiteRunner.runTest(SuiteRunner.java:348)
	at org.testng.SuiteRunner.runSequentially(SuiteRunner.java:343)
	at org.testng.SuiteRunner.privateRun(SuiteRunner.java:305)
	at org.testng.SuiteRunner.run(SuiteRunner.java:254)
	at org.testng.SuiteRunnerWorker.runSuite(SuiteRunnerWorker.java:52)
	at org.testng.SuiteRunnerWorker.run(SuiteRunnerWorker.java:86)
	at org.testng.TestNG.runSuitesSequentially(TestNG.java:1224)
	at org.testng.TestNG.runSuitesLocally(TestNG.java:1149)
	at org.testng.TestNG.run(TestNG.java:1057)
	at org.w3.ldp.testsuite.LdpTestSuite.run(LdpTestSuite.java:379)
	at org.w3.ldp.testsuite.LdpTestSuite.executeTestSuite(LdpTestSuite.java:415)
	at org.w3.ldp.testsuite.LdpTestSuite.executeTestSuite(LdpTestSuite.java:407)
	at org.w3.ldp.testsuite.RunLdpTestSuite.main(RunLdpTestSuite.java:26)
</pre></div></td>
<td>0</td>
<td>org.w3.ldp.testsuite.test.IndirectContainerTest@3c5a99da</td></tr>
<tr>
<td title='org.w3.ldp.testsuite.test.MemberResourceTest.testPutReadOnlyProperties4xxStatus()'><b>testPutReadOnlyProperties4xxStatus</b><br>Test class: org.w3.ldp.testsuite.test.MemberResourceTest<br>Test method: If an otherwise valid HTTP PUT request is received that attempts to change properties the server does not allow clients to modify, LDP servers MUST respond with a 4xx range status code (typically 409 Conflict)<br>Parameters: null</td>
<td><div><pre>org.w3.ldp.testsuite.exception.SkipException: Skipping test because we have no read-only properties to PUT. Server-managed properties are specified using the &quot;read-only-prop&quot; command-line parameter.
	at org.w3.ldp.testsuite.test.RdfSourceTest.testPutReadOnlyProperties4xxStatus(RdfSourceTest.java:400)
	at org.w3.ldp.testsuite.LdpTestSuite.run(LdpTestSuite.java:379)
	at org.w3.ldp.testsuite.LdpTestSuite.executeTestSuite(LdpTestSuite.java:415)
	at org.w3.ldp.testsuite.LdpTestSuite.executeTestSuite(LdpTestSuite.java:407)
	at org.w3.ldp.testsuite.RunLdpTestSuite.main(RunLdpTestSuite.java:26)
... Removed 21 stack frames</pre></div><a href='#' onClick='toggleBox("stack-trace1615873578", this, "Click to show all stack frames", "Click to hide stack frames")'>Click to show all stack frames</a>
<div class='stack-trace' id='stack-trace1615873578'><pre>org.w3.ldp.testsuite.exception.SkipException: Skipping test because we have no read-only properties to PUT. Server-managed properties are specified using the &quot;read-only-prop&quot; command-line parameter.
	at org.w3.ldp.testsuite.test.RdfSourceTest.testPutReadOnlyProperties4xxStatus(RdfSourceTest.java:400)
	at sun.reflect.NativeMethodAccessorImpl.invoke0(Native Method)
	at sun.reflect.NativeMethodAccessorImpl.invoke(NativeMethodAccessorImpl.java:62)
	at sun.reflect.DelegatingMethodAccessorImpl.invoke(DelegatingMethodAccessorImpl.java:43)
	at java.lang.reflect.Method.invoke(Method.java:498)
	at org.testng.internal.MethodInvocationHelper.invokeMethod(MethodInvocationHelper.java:84)
	at org.testng.internal.Invoker.invokeMethod(Invoker.java:714)
	at org.testng.internal.Invoker.invokeTestMethod(Invoker.java:901)
	at org.testng.internal.Invoker.invokeTestMethods(Invoker.java:1231)
	at org.testng.internal.TestMethodWorker.invokeTestMethods(TestMethodWorker.java:127)
	at org.testng.internal.TestMethodWorker.run(TestMethodWorker.java:111)
	at org.testng.TestRunner.privateRun(TestRunner.java:767)
	at org.testng.TestRunner.run(TestRunner.java:617)
	at org.testng.SuiteRunner.runTest(SuiteRunner.java:348)
	at org.testng.SuiteRunner.runSequentially(SuiteRunner.java:343)
	at org.testng.SuiteRunner.privateRun(SuiteRunner.java:305)
	at org.testng.SuiteRunner.run(SuiteRunner.java:254)
	at org.testng.SuiteRunnerWorker.runSuite(SuiteRunnerWorker.java:52)
	at org.testng.SuiteRunnerWorker.run(SuiteRunnerWorker.java:86)
	at org.testng.TestNG.runSuitesSequentially(TestNG.java:1224)
	at org.testng.TestNG.runSuitesLocally(TestNG.java:1149)
	at org.testng.TestNG.run(TestNG.java:1057)
	at org.w3.ldp.testsuite.LdpTestSuite.run(LdpTestSuite.java:379)
	at org.w3.ldp.testsuite.LdpTestSuite.executeTestSuite(LdpTestSuite.java:415)
	at org.w3.ldp.testsuite.LdpTestSuite.executeTestSuite(LdpTestSuite.java:407)
	at org.w3.ldp.testsuite.RunLdpTestSuite.main(RunLdpTestSuite.java:26)
</pre></div></td>
<td>0</td>
<td>org.w3.ldp.testsuite.test.MemberResourceTest@2aaf7cc2</td></tr>
<tr>
<td title='org.w3.ldp.testsuite.test.IndirectContainerTest.testPutReplacesResource()'><b>testPutReplacesResource</b><br>Test class: org.w3.ldp.testsuite.test.IndirectContainerTest<br>Test method: If a HTTP PUT is accepted on an existing resource, LDP servers MUST replace the entire persistent state of the identified resource with the entity representation in the body of the request.</td>
<td><div><pre>org.w3.ldp.testsuite.exception.SkipException: Skipping test because there are restrictions on PUT content for this resource. The requirement needs to be tested manually.
	at org.w3.ldp.testsuite.test.RdfSourceTest.putReplaceResource(RdfSourceTest.java:572)
	at org.w3.ldp.testsuite.test.RdfSourceTest.testPutReplacesResource(RdfSourceTest.java:144)
	at org.w3.ldp.testsuite.LdpTestSuite.run(LdpTestSuite.java:379)
	at org.w3.ldp.testsuite.LdpTestSuite.executeTestSuite(LdpTestSuite.java:415)
	at org.w3.ldp.testsuite.LdpTestSuite.executeTestSuite(LdpTestSuite.java:407)
	at org.w3.ldp.testsuite.RunLdpTestSuite.main(RunLdpTestSuite.java:26)
... Removed 21 stack frames</pre></div><a href='#' onClick='toggleBox("stack-trace160945458", this, "Click to show all stack frames", "Click to hide stack frames")'>Click to show all stack frames</a>
<div class='stack-trace' id='stack-trace160945458'><pre>org.w3.ldp.testsuite.exception.SkipException: Skipping test because there are restrictions on PUT content for this resource. The requirement needs to be tested manually.
	at org.w3.ldp.testsuite.test.RdfSourceTest.putReplaceResource(RdfSourceTest.java:572)
	at org.w3.ldp.testsuite.test.RdfSourceTest.testPutReplacesResource(RdfSourceTest.java:144)
	at sun.reflect.NativeMethodAccessorImpl.invoke0(Native Method)
	at sun.reflect.NativeMethodAccessorImpl.invoke(NativeMethodAccessorImpl.java:62)
	at sun.reflect.DelegatingMethodAccessorImpl.invoke(DelegatingMethodAccessorImpl.java:43)
	at java.lang.reflect.Method.invoke(Method.java:498)
	at org.testng.internal.MethodInvocationHelper.invokeMethod(MethodInvocationHelper.java:84)
	at org.testng.internal.Invoker.invokeMethod(Invoker.java:714)
	at org.testng.internal.Invoker.invokeTestMethod(Invoker.java:901)
	at org.testng.internal.Invoker.invokeTestMethods(Invoker.java:1231)
	at org.testng.internal.TestMethodWorker.invokeTestMethods(TestMethodWorker.java:127)
	at org.testng.internal.TestMethodWorker.run(TestMethodWorker.java:111)
	at org.testng.TestRunner.privateRun(TestRunner.java:767)
	at org.testng.TestRunner.run(TestRunner.java:617)
	at org.testng.SuiteRunner.runTest(SuiteRunner.java:348)
	at org.testng.SuiteRunner.runSequentially(SuiteRunner.java:343)
	at org.testng.SuiteRunner.privateRun(SuiteRunner.java:305)
	at org.testng.SuiteRunner.run(SuiteRunner.java:254)
	at org.testng.SuiteRunnerWorker.runSuite(SuiteRunnerWorker.java:52)
	at org.testng.SuiteRunnerWorker.run(SuiteRunnerWorker.java:86)
	at org.testng.TestNG.runSuitesSequentially(TestNG.java:1224)
	at org.testng.TestNG.runSuitesLocally(TestNG.java:1149)
	at org.testng.TestNG.run(TestNG.java:1057)
	at org.w3.ldp.testsuite.LdpTestSuite.run(LdpTestSuite.java:379)
	at org.w3.ldp.testsuite.LdpTestSuite.executeTestSuite(LdpTestSuite.java:415)
	at org.w3.ldp.testsuite.LdpTestSuite.executeTestSuite(LdpTestSuite.java:407)
	at org.w3.ldp.testsuite.RunLdpTestSuite.main(RunLdpTestSuite.java:26)
</pre></div></td>
<td>0</td>
<td>org.w3.ldp.testsuite.test.IndirectContainerTest@3c5a99da</td></tr>
<tr>
<td title='org.w3.ldp.testsuite.test.NonRDFSourceTest.testPutRequiresIfMatch()'><b>testPutRequiresIfMatch</b><br>Test class: org.w3.ldp.testsuite.test.NonRDFSourceTest<br>Test method: LDP clients SHOULD use the HTTP If-Match header and HTTP ETags to ensure it isn’t modifying a resource that has changed since the client last retrieved its representation. LDP servers SHOULD require the HTTP If-Match header and HTTP ETags to detect collisions.</td>
<td></td>
<td>0</td>
<td>org.w3.ldp.testsuite.test.NonRDFSourceTest@1b40d5f0</td></tr>
<tr>
<td title='org.w3.ldp.testsuite.test.IndirectContainerTest.testPutSimpleUpdate()'><b>testPutSimpleUpdate</b><br>Test class: org.w3.ldp.testsuite.test.IndirectContainerTest<br>Test method: LDP servers SHOULD allow clients to update resources without requiring detailed knowledge of server-specific constraints. This is a consequence of the requirement to enable simple creation and modification of LDPRs.</td>
<td><div><pre>org.w3.ldp.testsuite.exception.SkipException: Skipping test because there are restrictions on PUT content for this resource. The requirement needs to be tested manually.
	at org.w3.ldp.testsuite.test.RdfSourceTest.putReplaceResource(RdfSourceTest.java:572)
	at org.w3.ldp.testsuite.test.RdfSourceTest.testPutSimpleUpdate(RdfSourceTest.java:158)
	at org.w3.ldp.testsuite.LdpTestSuite.run(LdpTestSuite.java:379)
	at org.w3.ldp.testsuite.LdpTestSuite.executeTestSuite(LdpTestSuite.java:415)
	at org.w3.ldp.testsuite.LdpTestSuite.executeTestSuite(LdpTestSuite.java:407)
	at org.w3.ldp.testsuite.RunLdpTestSuite.main(RunLdpTestSuite.java:26)
... Removed 21 stack frames</pre></div><a href='#' onClick='toggleBox("stack-trace1788256184", this, "Click to show all stack frames", "Click to hide stack frames")'>Click to show all stack frames</a>
<div class='stack-trace' id='stack-trace1788256184'><pre>org.w3.ldp.testsuite.exception.SkipException: Skipping test because there are restrictions on PUT content for this resource. The requirement needs to be tested manually.
	at org.w3.ldp.testsuite.test.RdfSourceTest.putReplaceResource(RdfSourceTest.java:572)
	at org.w3.ldp.testsuite.test.RdfSourceTest.testPutSimpleUpdate(RdfSourceTest.java:158)
	at sun.reflect.NativeMethodAccessorImpl.invoke0(Native Method)
	at sun.reflect.NativeMethodAccessorImpl.invoke(NativeMethodAccessorImpl.java:62)
	at sun.reflect.DelegatingMethodAccessorImpl.invoke(DelegatingMethodAccessorImpl.java:43)
	at java.lang.reflect.Method.invoke(Method.java:498)
	at org.testng.internal.MethodInvocationHelper.invokeMethod(MethodInvocationHelper.java:84)
	at org.testng.internal.Invoker.invokeMethod(Invoker.java:714)
	at org.testng.internal.Invoker.invokeTestMethod(Invoker.java:901)
	at org.testng.internal.Invoker.invokeTestMethods(Invoker.java:1231)
	at org.testng.internal.TestMethodWorker.invokeTestMethods(TestMethodWorker.java:127)
	at org.testng.internal.TestMethodWorker.run(TestMethodWorker.java:111)
	at org.testng.TestRunner.privateRun(TestRunner.java:767)
	at org.testng.TestRunner.run(TestRunner.java:617)
	at org.testng.SuiteRunner.runTest(SuiteRunner.java:348)
	at org.testng.SuiteRunner.runSequentially(SuiteRunner.java:343)
	at org.testng.SuiteRunner.privateRun(SuiteRunner.java:305)
	at org.testng.SuiteRunner.run(SuiteRunner.java:254)
	at org.testng.SuiteRunnerWorker.runSuite(SuiteRunnerWorker.java:52)
	at org.testng.SuiteRunnerWorker.run(SuiteRunnerWorker.java:86)
	at org.testng.TestNG.runSuitesSequentially(TestNG.java:1224)
	at org.testng.TestNG.runSuitesLocally(TestNG.java:1149)
	at org.testng.TestNG.run(TestNG.java:1057)
	at org.w3.ldp.testsuite.LdpTestSuite.run(LdpTestSuite.java:379)
	at org.w3.ldp.testsuite.LdpTestSuite.executeTestSuite(LdpTestSuite.java:415)
	at org.w3.ldp.testsuite.LdpTestSuite.executeTestSuite(LdpTestSuite.java:407)
	at org.w3.ldp.testsuite.RunLdpTestSuite.main(RunLdpTestSuite.java:26)
</pre></div></td>
<td>0</td>
<td>org.w3.ldp.testsuite.test.IndirectContainerTest@3c5a99da</td></tr>
<tr>
<td title='org.w3.ldp.testsuite.test.IndirectContainerTest.testReUseVocabularies()'><b>testReUseVocabularies</b><br>Test class: org.w3.ldp.testsuite.test.IndirectContainerTest<br>Test method: LDP-RSs SHOULD reuse existing vocabularies instead of creating their own duplicate vocabulary terms. In addition to this general rule, some specific cases are covered by other conformance rules.</td>
<td><div><pre>org.w3.ldp.testsuite.exception.SkipNotTestableException: This requirement or recommendation must be tested manually. It is difficult or impossible to write automated tests for and is not part of the testsuite.
	at org.w3.ldp.testsuite.test.RdfSourceTest.testReUseVocabularies(RdfSourceTest.java:231)
	at org.w3.ldp.testsuite.LdpTestSuite.run(LdpTestSuite.java:379)
	at org.w3.ldp.testsuite.LdpTestSuite.executeTestSuite(LdpTestSuite.java:415)
	at org.w3.ldp.testsuite.LdpTestSuite.executeTestSuite(LdpTestSuite.java:407)
	at org.w3.ldp.testsuite.RunLdpTestSuite.main(RunLdpTestSuite.java:26)
... Removed 21 stack frames</pre></div><a href='#' onClick='toggleBox("stack-trace807986446", this, "Click to show all stack frames", "Click to hide stack frames")'>Click to show all stack frames</a>
<div class='stack-trace' id='stack-trace807986446'><pre>org.w3.ldp.testsuite.exception.SkipNotTestableException: This requirement or recommendation must be tested manually. It is difficult or impossible to write automated tests for and is not part of the testsuite.
	at org.w3.ldp.testsuite.test.RdfSourceTest.testReUseVocabularies(RdfSourceTest.java:231)
	at sun.reflect.NativeMethodAccessorImpl.invoke0(Native Method)
	at sun.reflect.NativeMethodAccessorImpl.invoke(NativeMethodAccessorImpl.java:62)
	at sun.reflect.DelegatingMethodAccessorImpl.invoke(DelegatingMethodAccessorImpl.java:43)
	at java.lang.reflect.Method.invoke(Method.java:498)
	at org.testng.internal.MethodInvocationHelper.invokeMethod(MethodInvocationHelper.java:84)
	at org.testng.internal.Invoker.invokeMethod(Invoker.java:714)
	at org.testng.internal.Invoker.invokeTestMethod(Invoker.java:901)
	at org.testng.internal.Invoker.invokeTestMethods(Invoker.java:1231)
	at org.testng.internal.TestMethodWorker.invokeTestMethods(TestMethodWorker.java:127)
	at org.testng.internal.TestMethodWorker.run(TestMethodWorker.java:111)
	at org.testng.TestRunner.privateRun(TestRunner.java:767)
	at org.testng.TestRunner.run(TestRunner.java:617)
	at org.testng.SuiteRunner.runTest(SuiteRunner.java:348)
	at org.testng.SuiteRunner.runSequentially(SuiteRunner.java:343)
	at org.testng.SuiteRunner.privateRun(SuiteRunner.java:305)
	at org.testng.SuiteRunner.run(SuiteRunner.java:254)
	at org.testng.SuiteRunnerWorker.runSuite(SuiteRunnerWorker.java:52)
	at org.testng.SuiteRunnerWorker.run(SuiteRunnerWorker.java:86)
	at org.testng.TestNG.runSuitesSequentially(TestNG.java:1224)
	at org.testng.TestNG.runSuitesLocally(TestNG.java:1149)
	at org.testng.TestNG.run(TestNG.java:1057)
	at org.w3.ldp.testsuite.LdpTestSuite.run(LdpTestSuite.java:379)
	at org.w3.ldp.testsuite.LdpTestSuite.executeTestSuite(LdpTestSuite.java:415)
	at org.w3.ldp.testsuite.LdpTestSuite.executeTestSuite(LdpTestSuite.java:407)
	at org.w3.ldp.testsuite.RunLdpTestSuite.main(RunLdpTestSuite.java:26)
</pre></div></td>
<td>0</td>
<td>org.w3.ldp.testsuite.test.IndirectContainerTest@3c5a99da</td></tr>
<tr>
<td title='org.w3.ldp.testsuite.test.MemberResourceTest.testReUseVocabularies()'><b>testReUseVocabularies</b><br>Test class: org.w3.ldp.testsuite.test.MemberResourceTest<br>Test method: LDP-RSs SHOULD reuse existing vocabularies instead of creating their own duplicate vocabulary terms. In addition to this general rule, some specific cases are covered by other conformance rules.</td>
<td><div><pre>org.w3.ldp.testsuite.exception.SkipNotTestableException: This requirement or recommendation must be tested manually. It is difficult or impossible to write automated tests for and is not part of the testsuite.
	at org.w3.ldp.testsuite.test.RdfSourceTest.testReUseVocabularies(RdfSourceTest.java:231)
	at org.w3.ldp.testsuite.LdpTestSuite.run(LdpTestSuite.java:379)
	at org.w3.ldp.testsuite.LdpTestSuite.executeTestSuite(LdpTestSuite.java:415)
	at org.w3.ldp.testsuite.LdpTestSuite.executeTestSuite(LdpTestSuite.java:407)
	at org.w3.ldp.testsuite.RunLdpTestSuite.main(RunLdpTestSuite.java:26)
... Removed 21 stack frames</pre></div><a href='#' onClick='toggleBox("stack-trace817018735", this, "Click to show all stack frames", "Click to hide stack frames")'>Click to show all stack frames</a>
<div class='stack-trace' id='stack-trace817018735'><pre>org.w3.ldp.testsuite.exception.SkipNotTestableException: This requirement or recommendation must be tested manually. It is difficult or impossible to write automated tests for and is not part of the testsuite.
	at org.w3.ldp.testsuite.test.RdfSourceTest.testReUseVocabularies(RdfSourceTest.java:231)
	at sun.reflect.NativeMethodAccessorImpl.invoke0(Native Method)
	at sun.reflect.NativeMethodAccessorImpl.invoke(NativeMethodAccessorImpl.java:62)
	at sun.reflect.DelegatingMethodAccessorImpl.invoke(DelegatingMethodAccessorImpl.java:43)
	at java.lang.reflect.Method.invoke(Method.java:498)
	at org.testng.internal.MethodInvocationHelper.invokeMethod(MethodInvocationHelper.java:84)
	at org.testng.internal.Invoker.invokeMethod(Invoker.java:714)
	at org.testng.internal.Invoker.invokeTestMethod(Invoker.java:901)
	at org.testng.internal.Invoker.invokeTestMethods(Invoker.java:1231)
	at org.testng.internal.TestMethodWorker.invokeTestMethods(TestMethodWorker.java:127)
	at org.testng.internal.TestMethodWorker.run(TestMethodWorker.java:111)
	at org.testng.TestRunner.privateRun(TestRunner.java:767)
	at org.testng.TestRunner.run(TestRunner.java:617)
	at org.testng.SuiteRunner.runTest(SuiteRunner.java:348)
	at org.testng.SuiteRunner.runSequentially(SuiteRunner.java:343)
	at org.testng.SuiteRunner.privateRun(SuiteRunner.java:305)
	at org.testng.SuiteRunner.run(SuiteRunner.java:254)
	at org.testng.SuiteRunnerWorker.runSuite(SuiteRunnerWorker.java:52)
	at org.testng.SuiteRunnerWorker.run(SuiteRunnerWorker.java:86)
	at org.testng.TestNG.runSuitesSequentially(TestNG.java:1224)
	at org.testng.TestNG.runSuitesLocally(TestNG.java:1149)
	at org.testng.TestNG.run(TestNG.java:1057)
	at org.w3.ldp.testsuite.LdpTestSuite.run(LdpTestSuite.java:379)
	at org.w3.ldp.testsuite.LdpTestSuite.executeTestSuite(LdpTestSuite.java:415)
	at org.w3.ldp.testsuite.LdpTestSuite.executeTestSuite(LdpTestSuite.java:407)
	at org.w3.ldp.testsuite.RunLdpTestSuite.main(RunLdpTestSuite.java:26)
</pre></div></td>
<td>0</td>
<td>org.w3.ldp.testsuite.test.MemberResourceTest@2aaf7cc2</td></tr>
<tr>
<td title='org.w3.ldp.testsuite.test.IndirectContainerTest.testRelativeUriResolutionPut()'><b>testRelativeUriResolutionPut</b><br>Test class: org.w3.ldp.testsuite.test.IndirectContainerTest<br>Test method: LDP servers MUST assign the default base-URI for [RFC3987] relative-URI resolution to be the HTTP Request-URI when the resource already exists, and to the URI of the created resource when the request results in the creation of a new resource.<br>Parameters: null</td>
<td><div><pre>org.w3.ldp.testsuite.exception.SkipException: Skipping test because there are restrictions on PUT content for this resource. The requirement needs to be tested manually.
	at org.w3.ldp.testsuite.test.RdfSourceTest.testRelativeUriResolutionPut(RdfSourceTest.java:79)
	at org.w3.ldp.testsuite.LdpTestSuite.run(LdpTestSuite.java:379)
	at org.w3.ldp.testsuite.LdpTestSuite.executeTestSuite(LdpTestSuite.java:415)
	at org.w3.ldp.testsuite.LdpTestSuite.executeTestSuite(LdpTestSuite.java:407)
	at org.w3.ldp.testsuite.RunLdpTestSuite.main(RunLdpTestSuite.java:26)
... Removed 21 stack frames</pre></div><a href='#' onClick='toggleBox("stack-trace190153364", this, "Click to show all stack frames", "Click to hide stack frames")'>Click to show all stack frames</a>
<div class='stack-trace' id='stack-trace190153364'><pre>org.w3.ldp.testsuite.exception.SkipException: Skipping test because there are restrictions on PUT content for this resource. The requirement needs to be tested manually.
	at org.w3.ldp.testsuite.test.RdfSourceTest.testRelativeUriResolutionPut(RdfSourceTest.java:79)
	at sun.reflect.NativeMethodAccessorImpl.invoke0(Native Method)
	at sun.reflect.NativeMethodAccessorImpl.invoke(NativeMethodAccessorImpl.java:62)
	at sun.reflect.DelegatingMethodAccessorImpl.invoke(DelegatingMethodAccessorImpl.java:43)
	at java.lang.reflect.Method.invoke(Method.java:498)
	at org.testng.internal.MethodInvocationHelper.invokeMethod(MethodInvocationHelper.java:84)
	at org.testng.internal.Invoker.invokeMethod(Invoker.java:714)
	at org.testng.internal.Invoker.invokeTestMethod(Invoker.java:901)
	at org.testng.internal.Invoker.invokeTestMethods(Invoker.java:1231)
	at org.testng.internal.TestMethodWorker.invokeTestMethods(TestMethodWorker.java:127)
	at org.testng.internal.TestMethodWorker.run(TestMethodWorker.java:111)
	at org.testng.TestRunner.privateRun(TestRunner.java:767)
	at org.testng.TestRunner.run(TestRunner.java:617)
	at org.testng.SuiteRunner.runTest(SuiteRunner.java:348)
	at org.testng.SuiteRunner.runSequentially(SuiteRunner.java:343)
	at org.testng.SuiteRunner.privateRun(SuiteRunner.java:305)
	at org.testng.SuiteRunner.run(SuiteRunner.java:254)
	at org.testng.SuiteRunnerWorker.runSuite(SuiteRunnerWorker.java:52)
	at org.testng.SuiteRunnerWorker.run(SuiteRunnerWorker.java:86)
	at org.testng.TestNG.runSuitesSequentially(TestNG.java:1224)
	at org.testng.TestNG.runSuitesLocally(TestNG.java:1149)
	at org.testng.TestNG.run(TestNG.java:1057)
	at org.w3.ldp.testsuite.LdpTestSuite.run(LdpTestSuite.java:379)
	at org.w3.ldp.testsuite.LdpTestSuite.executeTestSuite(LdpTestSuite.java:415)
	at org.w3.ldp.testsuite.LdpTestSuite.executeTestSuite(LdpTestSuite.java:407)
	at org.w3.ldp.testsuite.RunLdpTestSuite.main(RunLdpTestSuite.java:26)
</pre></div></td>
<td>0</td>
<td>org.w3.ldp.testsuite.test.IndirectContainerTest@3c5a99da</td></tr>
<tr>
<td title='org.w3.ldp.testsuite.test.IndirectContainerTest.testRequestedInteractionModelCreateNotAllowed()'><b>testRequestedInteractionModelCreateNotAllowed</b><br>Test class: org.w3.ldp.testsuite.test.IndirectContainerTest<br>Test method: LDP servers that successfully create a resource from a RDF representation in the request entity body MUST honor the client's requested interaction model(s). The created resource can be thought of as an RDF named graph [rdf11-concepts]. If any model cannot be honored, the server MUST fail the request.<br>Parameters: null</td>
<td><div><pre>org.w3.ldp.testsuite.exception.SkipException: containerAsResource is null
	at org.w3.ldp.testsuite.test.CommonContainerTest.testRequestedInteractionModelCreateNotAllowed(CommonContainerTest.java:315)
	at org.w3.ldp.testsuite.LdpTestSuite.run(LdpTestSuite.java:379)
	at org.w3.ldp.testsuite.LdpTestSuite.executeTestSuite(LdpTestSuite.java:415)
	at org.w3.ldp.testsuite.LdpTestSuite.executeTestSuite(LdpTestSuite.java:407)
	at org.w3.ldp.testsuite.RunLdpTestSuite.main(RunLdpTestSuite.java:26)
... Removed 21 stack frames</pre></div><a href='#' onClick='toggleBox("stack-trace1340086275", this, "Click to show all stack frames", "Click to hide stack frames")'>Click to show all stack frames</a>
<div class='stack-trace' id='stack-trace1340086275'><pre>org.w3.ldp.testsuite.exception.SkipException: containerAsResource is null
	at org.w3.ldp.testsuite.test.CommonContainerTest.testRequestedInteractionModelCreateNotAllowed(CommonContainerTest.java:315)
	at sun.reflect.NativeMethodAccessorImpl.invoke0(Native Method)
	at sun.reflect.NativeMethodAccessorImpl.invoke(NativeMethodAccessorImpl.java:62)
	at sun.reflect.DelegatingMethodAccessorImpl.invoke(DelegatingMethodAccessorImpl.java:43)
	at java.lang.reflect.Method.invoke(Method.java:498)
	at org.testng.internal.MethodInvocationHelper.invokeMethod(MethodInvocationHelper.java:84)
	at org.testng.internal.Invoker.invokeMethod(Invoker.java:714)
	at org.testng.internal.Invoker.invokeTestMethod(Invoker.java:901)
	at org.testng.internal.Invoker.invokeTestMethods(Invoker.java:1231)
	at org.testng.internal.TestMethodWorker.invokeTestMethods(TestMethodWorker.java:127)
	at org.testng.internal.TestMethodWorker.run(TestMethodWorker.java:111)
	at org.testng.TestRunner.privateRun(TestRunner.java:767)
	at org.testng.TestRunner.run(TestRunner.java:617)
	at org.testng.SuiteRunner.runTest(SuiteRunner.java:348)
	at org.testng.SuiteRunner.runSequentially(SuiteRunner.java:343)
	at org.testng.SuiteRunner.privateRun(SuiteRunner.java:305)
	at org.testng.SuiteRunner.run(SuiteRunner.java:254)
	at org.testng.SuiteRunnerWorker.runSuite(SuiteRunnerWorker.java:52)
	at org.testng.SuiteRunnerWorker.run(SuiteRunnerWorker.java:86)
	at org.testng.TestNG.runSuitesSequentially(TestNG.java:1224)
	at org.testng.TestNG.runSuitesLocally(TestNG.java:1149)
	at org.testng.TestNG.run(TestNG.java:1057)
	at org.w3.ldp.testsuite.LdpTestSuite.run(LdpTestSuite.java:379)
	at org.w3.ldp.testsuite.LdpTestSuite.executeTestSuite(LdpTestSuite.java:415)
	at org.w3.ldp.testsuite.LdpTestSuite.executeTestSuite(LdpTestSuite.java:407)
	at org.w3.ldp.testsuite.RunLdpTestSuite.main(RunLdpTestSuite.java:26)
</pre></div></td>
<td>0</td>
<td>org.w3.ldp.testsuite.test.IndirectContainerTest@3c5a99da</td></tr>
<tr>
<td title='org.w3.ldp.testsuite.test.IndirectContainerTest.testRequestedInteractionModelHeaders()'><b>testRequestedInteractionModelHeaders</b><br>Test class: org.w3.ldp.testsuite.test.IndirectContainerTest<br>Test method: LDP servers that successfully create a resource from a RDF representation in the request entity body MUST honor the client's requested interaction model(s). The created resource can be thought of as an RDF named graph [rdf11-concepts]. If any model cannot be honored, the server MUST fail the request.<br>Parameters: null</td>
<td><div><pre>org.w3.ldp.testsuite.exception.SkipException: containerAsResource is null
	at org.w3.ldp.testsuite.test.CommonContainerTest.testRequestedInteractionModelHeaders(CommonContainerTest.java:351)
	at org.w3.ldp.testsuite.LdpTestSuite.run(LdpTestSuite.java:379)
	at org.w3.ldp.testsuite.LdpTestSuite.executeTestSuite(LdpTestSuite.java:415)
	at org.w3.ldp.testsuite.LdpTestSuite.executeTestSuite(LdpTestSuite.java:407)
	at org.w3.ldp.testsuite.RunLdpTestSuite.main(RunLdpTestSuite.java:26)
... Removed 21 stack frames</pre></div><a href='#' onClick='toggleBox("stack-trace1869177530", this, "Click to show all stack frames", "Click to hide stack frames")'>Click to show all stack frames</a>
<div class='stack-trace' id='stack-trace1869177530'><pre>org.w3.ldp.testsuite.exception.SkipException: containerAsResource is null
	at org.w3.ldp.testsuite.test.CommonContainerTest.testRequestedInteractionModelHeaders(CommonContainerTest.java:351)
	at sun.reflect.NativeMethodAccessorImpl.invoke0(Native Method)
	at sun.reflect.NativeMethodAccessorImpl.invoke(NativeMethodAccessorImpl.java:62)
	at sun.reflect.DelegatingMethodAccessorImpl.invoke(DelegatingMethodAccessorImpl.java:43)
	at java.lang.reflect.Method.invoke(Method.java:498)
	at org.testng.internal.MethodInvocationHelper.invokeMethod(MethodInvocationHelper.java:84)
	at org.testng.internal.Invoker.invokeMethod(Invoker.java:714)
	at org.testng.internal.Invoker.invokeTestMethod(Invoker.java:901)
	at org.testng.internal.Invoker.invokeTestMethods(Invoker.java:1231)
	at org.testng.internal.TestMethodWorker.invokeTestMethods(TestMethodWorker.java:127)
	at org.testng.internal.TestMethodWorker.run(TestMethodWorker.java:111)
	at org.testng.TestRunner.privateRun(TestRunner.java:767)
	at org.testng.TestRunner.run(TestRunner.java:617)
	at org.testng.SuiteRunner.runTest(SuiteRunner.java:348)
	at org.testng.SuiteRunner.runSequentially(SuiteRunner.java:343)
	at org.testng.SuiteRunner.privateRun(SuiteRunner.java:305)
	at org.testng.SuiteRunner.run(SuiteRunner.java:254)
	at org.testng.SuiteRunnerWorker.runSuite(SuiteRunnerWorker.java:52)
	at org.testng.SuiteRunnerWorker.run(SuiteRunnerWorker.java:86)
	at org.testng.TestNG.runSuitesSequentially(TestNG.java:1224)
	at org.testng.TestNG.runSuitesLocally(TestNG.java:1149)
	at org.testng.TestNG.run(TestNG.java:1057)
	at org.w3.ldp.testsuite.LdpTestSuite.run(LdpTestSuite.java:379)
	at org.w3.ldp.testsuite.LdpTestSuite.executeTestSuite(LdpTestSuite.java:415)
	at org.w3.ldp.testsuite.LdpTestSuite.executeTestSuite(LdpTestSuite.java:407)
	at org.w3.ldp.testsuite.RunLdpTestSuite.main(RunLdpTestSuite.java:26)
</pre></div></td>
<td>0</td>
<td>org.w3.ldp.testsuite.test.IndirectContainerTest@3c5a99da</td></tr>
<tr>
<td title='org.w3.ldp.testsuite.test.IndirectContainerTest.testResponsePropertiesNotPersisted()'><b>testResponsePropertiesNotPersisted</b><br>Test class: org.w3.ldp.testsuite.test.IndirectContainerTest<br>Test method: LDP servers SHOULD provide a corresponding response body containing information about which properties could not be persisted. The format of the 4xx response body is not constrained by LDP. LDP servers expose these application-specific constraints as described in section 4.2.1 General.</td>
<td><div><pre>org.w3.ldp.testsuite.exception.SkipException: Skipping test because PUT request was successful.
	at org.w3.ldp.testsuite.test.RdfSourceTest.expectPut4xxStatus(RdfSourceTest.java:532)
	at org.w3.ldp.testsuite.test.RdfSourceTest.expectPut4xxResponseBody(RdfSourceTest.java:542)
	at org.w3.ldp.testsuite.test.RdfSourceTest.testResponsePropertiesNotPersisted(RdfSourceTest.java:462)
	at org.w3.ldp.testsuite.LdpTestSuite.run(LdpTestSuite.java:379)
	at org.w3.ldp.testsuite.LdpTestSuite.executeTestSuite(LdpTestSuite.java:415)
	at org.w3.ldp.testsuite.LdpTestSuite.executeTestSuite(LdpTestSuite.java:407)
	at org.w3.ldp.testsuite.RunLdpTestSuite.main(RunLdpTestSuite.java:26)
... Removed 21 stack frames</pre></div><a href='#' onClick='toggleBox("stack-trace1272744797", this, "Click to show all stack frames", "Click to hide stack frames")'>Click to show all stack frames</a>
<div class='stack-trace' id='stack-trace1272744797'><pre>org.w3.ldp.testsuite.exception.SkipException: Skipping test because PUT request was successful.
	at org.w3.ldp.testsuite.test.RdfSourceTest.expectPut4xxStatus(RdfSourceTest.java:532)
	at org.w3.ldp.testsuite.test.RdfSourceTest.expectPut4xxResponseBody(RdfSourceTest.java:542)
	at org.w3.ldp.testsuite.test.RdfSourceTest.testResponsePropertiesNotPersisted(RdfSourceTest.java:462)
	at sun.reflect.NativeMethodAccessorImpl.invoke0(Native Method)
	at sun.reflect.NativeMethodAccessorImpl.invoke(NativeMethodAccessorImpl.java:62)
	at sun.reflect.DelegatingMethodAccessorImpl.invoke(DelegatingMethodAccessorImpl.java:43)
	at java.lang.reflect.Method.invoke(Method.java:498)
	at org.testng.internal.MethodInvocationHelper.invokeMethod(MethodInvocationHelper.java:84)
	at org.testng.internal.Invoker.invokeMethod(Invoker.java:714)
	at org.testng.internal.Invoker.invokeTestMethod(Invoker.java:901)
	at org.testng.internal.Invoker.invokeTestMethods(Invoker.java:1231)
	at org.testng.internal.TestMethodWorker.invokeTestMethods(TestMethodWorker.java:127)
	at org.testng.internal.TestMethodWorker.run(TestMethodWorker.java:111)
	at org.testng.TestRunner.privateRun(TestRunner.java:767)
	at org.testng.TestRunner.run(TestRunner.java:617)
	at org.testng.SuiteRunner.runTest(SuiteRunner.java:348)
	at org.testng.SuiteRunner.runSequentially(SuiteRunner.java:343)
	at org.testng.SuiteRunner.privateRun(SuiteRunner.java:305)
	at org.testng.SuiteRunner.run(SuiteRunner.java:254)
	at org.testng.SuiteRunnerWorker.runSuite(SuiteRunnerWorker.java:52)
	at org.testng.SuiteRunnerWorker.run(SuiteRunnerWorker.java:86)
	at org.testng.TestNG.runSuitesSequentially(TestNG.java:1224)
	at org.testng.TestNG.runSuitesLocally(TestNG.java:1149)
	at org.testng.TestNG.run(TestNG.java:1057)
	at org.w3.ldp.testsuite.LdpTestSuite.run(LdpTestSuite.java:379)
	at org.w3.ldp.testsuite.LdpTestSuite.executeTestSuite(LdpTestSuite.java:415)
	at org.w3.ldp.testsuite.LdpTestSuite.executeTestSuite(LdpTestSuite.java:407)
	at org.w3.ldp.testsuite.RunLdpTestSuite.main(RunLdpTestSuite.java:26)
</pre></div></td>
<td>0</td>
<td>org.w3.ldp.testsuite.test.IndirectContainerTest@3c5a99da</td></tr>
<tr>
<td title='org.w3.ldp.testsuite.test.MemberResourceTest.testResponsePropertiesNotPersisted()'><b>testResponsePropertiesNotPersisted</b><br>Test class: org.w3.ldp.testsuite.test.MemberResourceTest<br>Test method: LDP servers SHOULD provide a corresponding response body containing information about which properties could not be persisted. The format of the 4xx response body is not constrained by LDP. LDP servers expose these application-specific constraints as described in section 4.2.1 General.</td>
<td><div><pre>org.w3.ldp.testsuite.exception.SkipException: Skipping test because PUT request was successful.
	at org.w3.ldp.testsuite.test.RdfSourceTest.expectPut4xxStatus(RdfSourceTest.java:532)
	at org.w3.ldp.testsuite.test.RdfSourceTest.expectPut4xxResponseBody(RdfSourceTest.java:542)
	at org.w3.ldp.testsuite.test.RdfSourceTest.testResponsePropertiesNotPersisted(RdfSourceTest.java:462)
	at org.w3.ldp.testsuite.LdpTestSuite.run(LdpTestSuite.java:379)
	at org.w3.ldp.testsuite.LdpTestSuite.executeTestSuite(LdpTestSuite.java:415)
	at org.w3.ldp.testsuite.LdpTestSuite.executeTestSuite(LdpTestSuite.java:407)
	at org.w3.ldp.testsuite.RunLdpTestSuite.main(RunLdpTestSuite.java:26)
... Removed 21 stack frames</pre></div><a href='#' onClick='toggleBox("stack-trace2040623756", this, "Click to show all stack frames", "Click to hide stack frames")'>Click to show all stack frames</a>
<div class='stack-trace' id='stack-trace2040623756'><pre>org.w3.ldp.testsuite.exception.SkipException: Skipping test because PUT request was successful.
	at org.w3.ldp.testsuite.test.RdfSourceTest.expectPut4xxStatus(RdfSourceTest.java:532)
	at org.w3.ldp.testsuite.test.RdfSourceTest.expectPut4xxResponseBody(RdfSourceTest.java:542)
	at org.w3.ldp.testsuite.test.RdfSourceTest.testResponsePropertiesNotPersisted(RdfSourceTest.java:462)
	at sun.reflect.NativeMethodAccessorImpl.invoke0(Native Method)
	at sun.reflect.NativeMethodAccessorImpl.invoke(NativeMethodAccessorImpl.java:62)
	at sun.reflect.DelegatingMethodAccessorImpl.invoke(DelegatingMethodAccessorImpl.java:43)
	at java.lang.reflect.Method.invoke(Method.java:498)
	at org.testng.internal.MethodInvocationHelper.invokeMethod(MethodInvocationHelper.java:84)
	at org.testng.internal.Invoker.invokeMethod(Invoker.java:714)
	at org.testng.internal.Invoker.invokeTestMethod(Invoker.java:901)
	at org.testng.internal.Invoker.invokeTestMethods(Invoker.java:1231)
	at org.testng.internal.TestMethodWorker.invokeTestMethods(TestMethodWorker.java:127)
	at org.testng.internal.TestMethodWorker.run(TestMethodWorker.java:111)
	at org.testng.TestRunner.privateRun(TestRunner.java:767)
	at org.testng.TestRunner.run(TestRunner.java:617)
	at org.testng.SuiteRunner.runTest(SuiteRunner.java:348)
	at org.testng.SuiteRunner.runSequentially(SuiteRunner.java:343)
	at org.testng.SuiteRunner.privateRun(SuiteRunner.java:305)
	at org.testng.SuiteRunner.run(SuiteRunner.java:254)
	at org.testng.SuiteRunnerWorker.runSuite(SuiteRunnerWorker.java:52)
	at org.testng.SuiteRunnerWorker.run(SuiteRunnerWorker.java:86)
	at org.testng.TestNG.runSuitesSequentially(TestNG.java:1224)
	at org.testng.TestNG.runSuitesLocally(TestNG.java:1149)
	at org.testng.TestNG.run(TestNG.java:1057)
	at org.w3.ldp.testsuite.LdpTestSuite.run(LdpTestSuite.java:379)
	at org.w3.ldp.testsuite.LdpTestSuite.executeTestSuite(LdpTestSuite.java:415)
	at org.w3.ldp.testsuite.LdpTestSuite.executeTestSuite(LdpTestSuite.java:407)
	at org.w3.ldp.testsuite.RunLdpTestSuite.main(RunLdpTestSuite.java:26)
</pre></div></td>
<td>0</td>
<td>org.w3.ldp.testsuite.test.MemberResourceTest@2aaf7cc2</td></tr>
<tr>
<td title='org.w3.ldp.testsuite.test.IndirectContainerTest.testRestrictClientInference()'><b>testRestrictClientInference</b><br>Test class: org.w3.ldp.testsuite.test.IndirectContainerTest<br>Test method: LDP servers MUST NOT require LDP clients to implement inferencing in order to recognize the subset of content defined by LDP. Other specifications built on top of LDP may require clients to implement inferencing [rdf11-concepts]. The practical implication is that all content defined by LDP must be explicitly represented, unless noted otherwise within this document.</td>
<td><div><pre>org.w3.ldp.testsuite.exception.SkipNotTestableException: This requirement or recommendation must be tested manually. It is difficult or impossible to write automated tests for and is not part of the testsuite.
	at org.w3.ldp.testsuite.test.RdfSourceTest.testRestrictClientInference(RdfSourceTest.java:276)
	at org.w3.ldp.testsuite.LdpTestSuite.run(LdpTestSuite.java:379)
	at org.w3.ldp.testsuite.LdpTestSuite.executeTestSuite(LdpTestSuite.java:415)
	at org.w3.ldp.testsuite.LdpTestSuite.executeTestSuite(LdpTestSuite.java:407)
	at org.w3.ldp.testsuite.RunLdpTestSuite.main(RunLdpTestSuite.java:26)
... Removed 21 stack frames</pre></div><a href='#' onClick='toggleBox("stack-trace1595188851", this, "Click to show all stack frames", "Click to hide stack frames")'>Click to show all stack frames</a>
<div class='stack-trace' id='stack-trace1595188851'><pre>org.w3.ldp.testsuite.exception.SkipNotTestableException: This requirement or recommendation must be tested manually. It is difficult or impossible to write automated tests for and is not part of the testsuite.
	at org.w3.ldp.testsuite.test.RdfSourceTest.testRestrictClientInference(RdfSourceTest.java:276)
	at sun.reflect.NativeMethodAccessorImpl.invoke0(Native Method)
	at sun.reflect.NativeMethodAccessorImpl.invoke(NativeMethodAccessorImpl.java:62)
	at sun.reflect.DelegatingMethodAccessorImpl.invoke(DelegatingMethodAccessorImpl.java:43)
	at java.lang.reflect.Method.invoke(Method.java:498)
	at org.testng.internal.MethodInvocationHelper.invokeMethod(MethodInvocationHelper.java:84)
	at org.testng.internal.Invoker.invokeMethod(Invoker.java:714)
	at org.testng.internal.Invoker.invokeTestMethod(Invoker.java:901)
	at org.testng.internal.Invoker.invokeTestMethods(Invoker.java:1231)
	at org.testng.internal.TestMethodWorker.invokeTestMethods(TestMethodWorker.java:127)
	at org.testng.internal.TestMethodWorker.run(TestMethodWorker.java:111)
	at org.testng.TestRunner.privateRun(TestRunner.java:767)
	at org.testng.TestRunner.run(TestRunner.java:617)
	at org.testng.SuiteRunner.runTest(SuiteRunner.java:348)
	at org.testng.SuiteRunner.runSequentially(SuiteRunner.java:343)
	at org.testng.SuiteRunner.privateRun(SuiteRunner.java:305)
	at org.testng.SuiteRunner.run(SuiteRunner.java:254)
	at org.testng.SuiteRunnerWorker.runSuite(SuiteRunnerWorker.java:52)
	at org.testng.SuiteRunnerWorker.run(SuiteRunnerWorker.java:86)
	at org.testng.TestNG.runSuitesSequentially(TestNG.java:1224)
	at org.testng.TestNG.runSuitesLocally(TestNG.java:1149)
	at org.testng.TestNG.run(TestNG.java:1057)
	at org.w3.ldp.testsuite.LdpTestSuite.run(LdpTestSuite.java:379)
	at org.w3.ldp.testsuite.LdpTestSuite.executeTestSuite(LdpTestSuite.java:415)
	at org.w3.ldp.testsuite.LdpTestSuite.executeTestSuite(LdpTestSuite.java:407)
	at org.w3.ldp.testsuite.RunLdpTestSuite.main(RunLdpTestSuite.java:26)
</pre></div></td>
<td>0</td>
<td>org.w3.ldp.testsuite.test.IndirectContainerTest@3c5a99da</td></tr>
<tr>
<td title='org.w3.ldp.testsuite.test.MemberResourceTest.testRestrictClientInference()'><b>testRestrictClientInference</b><br>Test class: org.w3.ldp.testsuite.test.MemberResourceTest<br>Test method: LDP servers MUST NOT require LDP clients to implement inferencing in order to recognize the subset of content defined by LDP. Other specifications built on top of LDP may require clients to implement inferencing [rdf11-concepts]. The practical implication is that all content defined by LDP must be explicitly represented, unless noted otherwise within this document.</td>
<td><div><pre>org.w3.ldp.testsuite.exception.SkipNotTestableException: This requirement or recommendation must be tested manually. It is difficult or impossible to write automated tests for and is not part of the testsuite.
	at org.w3.ldp.testsuite.test.RdfSourceTest.testRestrictClientInference(RdfSourceTest.java:276)
	at org.w3.ldp.testsuite.LdpTestSuite.run(LdpTestSuite.java:379)
	at org.w3.ldp.testsuite.LdpTestSuite.executeTestSuite(LdpTestSuite.java:415)
	at org.w3.ldp.testsuite.LdpTestSuite.executeTestSuite(LdpTestSuite.java:407)
	at org.w3.ldp.testsuite.RunLdpTestSuite.main(RunLdpTestSuite.java:26)
... Removed 21 stack frames</pre></div><a href='#' onClick='toggleBox("stack-trace2030458766", this, "Click to show all stack frames", "Click to hide stack frames")'>Click to show all stack frames</a>
<div class='stack-trace' id='stack-trace2030458766'><pre>org.w3.ldp.testsuite.exception.SkipNotTestableException: This requirement or recommendation must be tested manually. It is difficult or impossible to write automated tests for and is not part of the testsuite.
	at org.w3.ldp.testsuite.test.RdfSourceTest.testRestrictClientInference(RdfSourceTest.java:276)
	at sun.reflect.NativeMethodAccessorImpl.invoke0(Native Method)
	at sun.reflect.NativeMethodAccessorImpl.invoke(NativeMethodAccessorImpl.java:62)
	at sun.reflect.DelegatingMethodAccessorImpl.invoke(DelegatingMethodAccessorImpl.java:43)
	at java.lang.reflect.Method.invoke(Method.java:498)
	at org.testng.internal.MethodInvocationHelper.invokeMethod(MethodInvocationHelper.java:84)
	at org.testng.internal.Invoker.invokeMethod(Invoker.java:714)
	at org.testng.internal.Invoker.invokeTestMethod(Invoker.java:901)
	at org.testng.internal.Invoker.invokeTestMethods(Invoker.java:1231)
	at org.testng.internal.TestMethodWorker.invokeTestMethods(TestMethodWorker.java:127)
	at org.testng.internal.TestMethodWorker.run(TestMethodWorker.java:111)
	at org.testng.TestRunner.privateRun(TestRunner.java:767)
	at org.testng.TestRunner.run(TestRunner.java:617)
	at org.testng.SuiteRunner.runTest(SuiteRunner.java:348)
	at org.testng.SuiteRunner.runSequentially(SuiteRunner.java:343)
	at org.testng.SuiteRunner.privateRun(SuiteRunner.java:305)
	at org.testng.SuiteRunner.run(SuiteRunner.java:254)
	at org.testng.SuiteRunnerWorker.runSuite(SuiteRunnerWorker.java:52)
	at org.testng.SuiteRunnerWorker.run(SuiteRunnerWorker.java:86)
	at org.testng.TestNG.runSuitesSequentially(TestNG.java:1224)
	at org.testng.TestNG.runSuitesLocally(TestNG.java:1149)
	at org.testng.TestNG.run(TestNG.java:1057)
	at org.w3.ldp.testsuite.LdpTestSuite.run(LdpTestSuite.java:379)
	at org.w3.ldp.testsuite.LdpTestSuite.executeTestSuite(LdpTestSuite.java:415)
	at org.w3.ldp.testsuite.LdpTestSuite.executeTestSuite(LdpTestSuite.java:407)
	at org.w3.ldp.testsuite.RunLdpTestSuite.main(RunLdpTestSuite.java:26)
</pre></div></td>
<td>0</td>
<td>org.w3.ldp.testsuite.test.MemberResourceTest@2aaf7cc2</td></tr>
<tr>
<td title='org.w3.ldp.testsuite.test.IndirectContainerTest.testUseStandardVocabularies()'><b>testUseStandardVocabularies</b><br>Test class: org.w3.ldp.testsuite.test.IndirectContainerTest<br>Test method: LDP-RSs predicates SHOULD use standard vocabularies such as Dublin Core [DC-TERMS], RDF [rdf11-concepts] and RDF Schema [rdf-schema], whenever possible.</td>
<td><div><pre>org.w3.ldp.testsuite.exception.SkipNotTestableException: This requirement or recommendation must be tested manually. It is difficult or impossible to write automated tests for and is not part of the testsuite.
	at org.w3.ldp.testsuite.test.RdfSourceTest.testUseStandardVocabularies(RdfSourceTest.java:256)
	at org.w3.ldp.testsuite.LdpTestSuite.run(LdpTestSuite.java:379)
	at org.w3.ldp.testsuite.LdpTestSuite.executeTestSuite(LdpTestSuite.java:415)
	at org.w3.ldp.testsuite.LdpTestSuite.executeTestSuite(LdpTestSuite.java:407)
	at org.w3.ldp.testsuite.RunLdpTestSuite.main(RunLdpTestSuite.java:26)
... Removed 21 stack frames</pre></div><a href='#' onClick='toggleBox("stack-trace2054787417", this, "Click to show all stack frames", "Click to hide stack frames")'>Click to show all stack frames</a>
<div class='stack-trace' id='stack-trace2054787417'><pre>org.w3.ldp.testsuite.exception.SkipNotTestableException: This requirement or recommendation must be tested manually. It is difficult or impossible to write automated tests for and is not part of the testsuite.
	at org.w3.ldp.testsuite.test.RdfSourceTest.testUseStandardVocabularies(RdfSourceTest.java:256)
	at sun.reflect.NativeMethodAccessorImpl.invoke0(Native Method)
	at sun.reflect.NativeMethodAccessorImpl.invoke(NativeMethodAccessorImpl.java:62)
	at sun.reflect.DelegatingMethodAccessorImpl.invoke(DelegatingMethodAccessorImpl.java:43)
	at java.lang.reflect.Method.invoke(Method.java:498)
	at org.testng.internal.MethodInvocationHelper.invokeMethod(MethodInvocationHelper.java:84)
	at org.testng.internal.Invoker.invokeMethod(Invoker.java:714)
	at org.testng.internal.Invoker.invokeTestMethod(Invoker.java:901)
	at org.testng.internal.Invoker.invokeTestMethods(Invoker.java:1231)
	at org.testng.internal.TestMethodWorker.invokeTestMethods(TestMethodWorker.java:127)
	at org.testng.internal.TestMethodWorker.run(TestMethodWorker.java:111)
	at org.testng.TestRunner.privateRun(TestRunner.java:767)
	at org.testng.TestRunner.run(TestRunner.java:617)
	at org.testng.SuiteRunner.runTest(SuiteRunner.java:348)
	at org.testng.SuiteRunner.runSequentially(SuiteRunner.java:343)
	at org.testng.SuiteRunner.privateRun(SuiteRunner.java:305)
	at org.testng.SuiteRunner.run(SuiteRunner.java:254)
	at org.testng.SuiteRunnerWorker.runSuite(SuiteRunnerWorker.java:52)
	at org.testng.SuiteRunnerWorker.run(SuiteRunnerWorker.java:86)
	at org.testng.TestNG.runSuitesSequentially(TestNG.java:1224)
	at org.testng.TestNG.runSuitesLocally(TestNG.java:1149)
	at org.testng.TestNG.run(TestNG.java:1057)
	at org.w3.ldp.testsuite.LdpTestSuite.run(LdpTestSuite.java:379)
	at org.w3.ldp.testsuite.LdpTestSuite.executeTestSuite(LdpTestSuite.java:415)
	at org.w3.ldp.testsuite.LdpTestSuite.executeTestSuite(LdpTestSuite.java:407)
	at org.w3.ldp.testsuite.RunLdpTestSuite.main(RunLdpTestSuite.java:26)
</pre></div></td>
<td>0</td>
<td>org.w3.ldp.testsuite.test.IndirectContainerTest@3c5a99da</td></tr>
<tr>
<td title='org.w3.ldp.testsuite.test.MemberResourceTest.testUseStandardVocabularies()'><b>testUseStandardVocabularies</b><br>Test class: org.w3.ldp.testsuite.test.MemberResourceTest<br>Test method: LDP-RSs predicates SHOULD use standard vocabularies such as Dublin Core [DC-TERMS], RDF [rdf11-concepts] and RDF Schema [rdf-schema], whenever possible.</td>
<td><div><pre>org.w3.ldp.testsuite.exception.SkipNotTestableException: This requirement or recommendation must be tested manually. It is difficult or impossible to write automated tests for and is not part of the testsuite.
	at org.w3.ldp.testsuite.test.RdfSourceTest.testUseStandardVocabularies(RdfSourceTest.java:256)
	at org.w3.ldp.testsuite.LdpTestSuite.run(LdpTestSuite.java:379)
	at org.w3.ldp.testsuite.LdpTestSuite.executeTestSuite(LdpTestSuite.java:415)
	at org.w3.ldp.testsuite.LdpTestSuite.executeTestSuite(LdpTestSuite.java:407)
	at org.w3.ldp.testsuite.RunLdpTestSuite.main(RunLdpTestSuite.java:26)
... Removed 21 stack frames</pre></div><a href='#' onClick='toggleBox("stack-trace589016913", this, "Click to show all stack frames", "Click to hide stack frames")'>Click to show all stack frames</a>
<div class='stack-trace' id='stack-trace589016913'><pre>org.w3.ldp.testsuite.exception.SkipNotTestableException: This requirement or recommendation must be tested manually. It is difficult or impossible to write automated tests for and is not part of the testsuite.
	at org.w3.ldp.testsuite.test.RdfSourceTest.testUseStandardVocabularies(RdfSourceTest.java:256)
	at sun.reflect.NativeMethodAccessorImpl.invoke0(Native Method)
	at sun.reflect.NativeMethodAccessorImpl.invoke(NativeMethodAccessorImpl.java:62)
	at sun.reflect.DelegatingMethodAccessorImpl.invoke(DelegatingMethodAccessorImpl.java:43)
	at java.lang.reflect.Method.invoke(Method.java:498)
	at org.testng.internal.MethodInvocationHelper.invokeMethod(MethodInvocationHelper.java:84)
	at org.testng.internal.Invoker.invokeMethod(Invoker.java:714)
	at org.testng.internal.Invoker.invokeTestMethod(Invoker.java:901)
	at org.testng.internal.Invoker.invokeTestMethods(Invoker.java:1231)
	at org.testng.internal.TestMethodWorker.invokeTestMethods(TestMethodWorker.java:127)
	at org.testng.internal.TestMethodWorker.run(TestMethodWorker.java:111)
	at org.testng.TestRunner.privateRun(TestRunner.java:767)
	at org.testng.TestRunner.run(TestRunner.java:617)
	at org.testng.SuiteRunner.runTest(SuiteRunner.java:348)
	at org.testng.SuiteRunner.runSequentially(SuiteRunner.java:343)
	at org.testng.SuiteRunner.privateRun(SuiteRunner.java:305)
	at org.testng.SuiteRunner.run(SuiteRunner.java:254)
	at org.testng.SuiteRunnerWorker.runSuite(SuiteRunnerWorker.java:52)
	at org.testng.SuiteRunnerWorker.run(SuiteRunnerWorker.java:86)
	at org.testng.TestNG.runSuitesSequentially(TestNG.java:1224)
	at org.testng.TestNG.runSuitesLocally(TestNG.java:1149)
	at org.testng.TestNG.run(TestNG.java:1057)
	at org.w3.ldp.testsuite.LdpTestSuite.run(LdpTestSuite.java:379)
	at org.w3.ldp.testsuite.LdpTestSuite.executeTestSuite(LdpTestSuite.java:415)
	at org.w3.ldp.testsuite.LdpTestSuite.executeTestSuite(LdpTestSuite.java:407)
	at org.w3.ldp.testsuite.RunLdpTestSuite.main(RunLdpTestSuite.java:26)
</pre></div></td>
<td>0</td>
<td>org.w3.ldp.testsuite.test.MemberResourceTest@2aaf7cc2</td></tr>
</table><p>
</body>
</html>